<html>
<head>
<title>TestNG:  Command line test</title>
<link href="../testng.css" rel="stylesheet" type="text/css" />
<link href="../my-testng.css" rel="stylesheet" type="text/css" />

<style type="text/css">
.log { display: none;} 
.stack-trace { display: none;} 
</style>
<script type="text/javascript">
<!--
function flip(e) {
  current = e.style.display;
  if (current == 'block') {
    e.style.display = 'none';
    return 0;
  }
  else {
    e.style.display = 'block';
    return 1;
  }
}

function toggleBox(szDivId, elem, msg1, msg2)
{
  var res = -1;  if (document.getElementById) {
    res = flip(document.getElementById(szDivId));
  }
  else if (document.all) {
    // this is the way old msie versions work
    res = flip(document.all[szDivId]);
  }
  if(elem) {
    if(res == 0) elem.innerHTML = msg1; else elem.innerHTML = msg2;
  }

}

function toggleAllBoxes() {
  if (document.getElementsByTagName) {
    d = document.getElementsByTagName('div');
    for (i = 0; i < d.length; i++) {
      if (d[i].className == 'log') {
        flip(d[i]);
      }
    }
  }
}

// -->
</script>

</head>
<body>
<h2 align='center'>Command line test</h2><table border='1' align="center">
<tr>
<td>Tests passed/Failed/Skipped:</td><td>26/2/0</td>
</tr><tr>
<td>Started on:</td><td>Wed May 05 02:30:06 CEST 2021</td>
</tr>
<tr><td>Total time:</td><td>122 seconds (122026 ms)</td>
</tr><tr>
<td>Included groups:</td><td></td>
</tr><tr>
<td>Excluded groups:</td><td></td>
</tr>
</table><p/>
<small><i>(Hover the method name to see the test class name)</i></small><p/>
<table width='100%' border='1' class='invocation-failed'>
<tr><td colspan='4' align='center'><b>FAILED TESTS</b></td></tr>
<tr><td><b>Test method</b></td>
<td width="30%"><b>Exception</b></td>
<td width="10%"><b>Time (seconds)</b></td>
<td><b>Instance</b></td>
</tr>
<tr>
<td title='com.qa.spinent.testpages.MyReportPageTest.verifyMyReportPageTable()'><b>verifyMyReportPageTable</b><br>Test class: com.qa.spinent.testpages.MyReportPageTest</td>
<td><div><pre>org.openqa.selenium.WebDriverException: chrome not reachable
  (Session info: chrome=90.0.4430.93)
Build info: version: &apos;3.141.59&apos;, revision: &apos;e82be7d358&apos;, time: &apos;2018-11-14T08:17:03&apos;
System info: host: &apos;DESKTOP-35PKLNE&apos;, ip: &apos;192.168.0.45&apos;, os.name: &apos;Windows 10&apos;, os.arch: &apos;amd64&apos;, os.version: &apos;10.0&apos;, java.version: &apos;1.8.0_281&apos;
Driver info: org.openqa.selenium.chrome.ChromeDriver
Capabilities {acceptInsecureCerts: false, browserName: chrome, browserVersion: 90.0.4430.93, chrome: {chromedriverVersion: 90.0.4430.24 (4c6d850f087da..., userDataDir: C:\Users\muham\AppData\Loca...}, goog:chromeOptions: {debuggerAddress: localhost:53856}, javascriptEnabled: true, networkConnectionEnabled: false, pageLoadStrategy: normal, platform: WINDOWS, platformName: WINDOWS, proxy: Proxy(), setWindowRect: true, strictFileInteractability: false, timeouts: {implicit: 0, pageLoad: 300000, script: 30000}, unhandledPromptBehavior: dismiss and notify, webauthn:extension:largeBlob: true, webauthn:virtualAuthenticators: true}
Session ID: db8c7965f8fe1b4e2b9b821f5e376e3c
	at org.openqa.selenium.remote.http.W3CHttpResponseCodec.createException(W3CHttpResponseCodec.java:187)
	at org.openqa.selenium.remote.http.W3CHttpResponseCodec.decode(W3CHttpResponseCodec.java:122)
	at org.openqa.selenium.remote.http.W3CHttpResponseCodec.decode(W3CHttpResponseCodec.java:49)
	at org.openqa.selenium.remote.HttpCommandExecutor.execute(HttpCommandExecutor.java:158)
	at org.openqa.selenium.remote.service.DriverCommandExecutor.execute(DriverCommandExecutor.java:83)
	at org.openqa.selenium.remote.RemoteWebDriver.execute(RemoteWebDriver.java:552)
	at org.openqa.selenium.remote.RemoteWebDriver.execute(RemoteWebDriver.java:609)
	at org.openqa.selenium.remote.RemoteWebDriver.getCurrentUrl(RemoteWebDriver.java:287)
	at com.qa.spinent.pages.MyReportPage.myreportPageUrl(MyReportPage.java:33)
	at com.qa.spinent.testpages.MyReportPageTest.verifyMyReportPageTable(MyReportPageTest.java:57)
	at java.util.ArrayList.forEach(Unknown Source)
... Removed 41 stack frames</pre></div><a href='#' onClick='toggleBox("stack-trace1911571121", this, "Click to show all stack frames", "Click to hide stack frames")'>Click to show all stack frames</a>
<div class='stack-trace' id='stack-trace1911571121'><pre>org.openqa.selenium.WebDriverException: chrome not reachable
  (Session info: chrome=90.0.4430.93)
Build info: version: &apos;3.141.59&apos;, revision: &apos;e82be7d358&apos;, time: &apos;2018-11-14T08:17:03&apos;
System info: host: &apos;DESKTOP-35PKLNE&apos;, ip: &apos;192.168.0.45&apos;, os.name: &apos;Windows 10&apos;, os.arch: &apos;amd64&apos;, os.version: &apos;10.0&apos;, java.version: &apos;1.8.0_281&apos;
Driver info: org.openqa.selenium.chrome.ChromeDriver
Capabilities {acceptInsecureCerts: false, browserName: chrome, browserVersion: 90.0.4430.93, chrome: {chromedriverVersion: 90.0.4430.24 (4c6d850f087da..., userDataDir: C:\Users\muham\AppData\Loca...}, goog:chromeOptions: {debuggerAddress: localhost:53856}, javascriptEnabled: true, networkConnectionEnabled: false, pageLoadStrategy: normal, platform: WINDOWS, platformName: WINDOWS, proxy: Proxy(), setWindowRect: true, strictFileInteractability: false, timeouts: {implicit: 0, pageLoad: 300000, script: 30000}, unhandledPromptBehavior: dismiss and notify, webauthn:extension:largeBlob: true, webauthn:virtualAuthenticators: true}
Session ID: db8c7965f8fe1b4e2b9b821f5e376e3c
	at sun.reflect.NativeConstructorAccessorImpl.newInstance0(Native Method)
	at sun.reflect.NativeConstructorAccessorImpl.newInstance(Unknown Source)
	at sun.reflect.DelegatingConstructorAccessorImpl.newInstance(Unknown Source)
	at java.lang.reflect.Constructor.newInstance(Unknown Source)
	at org.openqa.selenium.remote.http.W3CHttpResponseCodec.createException(W3CHttpResponseCodec.java:187)
	at org.openqa.selenium.remote.http.W3CHttpResponseCodec.decode(W3CHttpResponseCodec.java:122)
	at org.openqa.selenium.remote.http.W3CHttpResponseCodec.decode(W3CHttpResponseCodec.java:49)
	at org.openqa.selenium.remote.HttpCommandExecutor.execute(HttpCommandExecutor.java:158)
	at org.openqa.selenium.remote.service.DriverCommandExecutor.execute(DriverCommandExecutor.java:83)
	at org.openqa.selenium.remote.RemoteWebDriver.execute(RemoteWebDriver.java:552)
	at org.openqa.selenium.remote.RemoteWebDriver.execute(RemoteWebDriver.java:609)
	at org.openqa.selenium.remote.RemoteWebDriver.getCurrentUrl(RemoteWebDriver.java:287)
	at com.qa.spinent.pages.MyReportPage.myreportPageUrl(MyReportPage.java:33)
	at com.qa.spinent.testpages.MyReportPageTest.verifyMyReportPageTable(MyReportPageTest.java:57)
	at sun.reflect.NativeMethodAccessorImpl.invoke0(Native Method)
	at sun.reflect.NativeMethodAccessorImpl.invoke(Unknown Source)
	at sun.reflect.DelegatingMethodAccessorImpl.invoke(Unknown Source)
	at java.lang.reflect.Method.invoke(Unknown Source)
	at org.testng.internal.MethodInvocationHelper.invokeMethod(MethodInvocationHelper.java:132)
	at org.testng.internal.TestInvoker.invokeMethod(TestInvoker.java:599)
	at org.testng.internal.TestInvoker.invokeTestMethod(TestInvoker.java:174)
	at org.testng.internal.MethodRunner.runInSequence(MethodRunner.java:46)
	at org.testng.internal.TestInvoker$MethodInvocationAgent.invoke(TestInvoker.java:822)
	at org.testng.internal.TestInvoker.invokeTestMethods(TestInvoker.java:147)
	at org.testng.internal.TestMethodWorker.invokeTestMethods(TestMethodWorker.java:146)
	at org.testng.internal.TestMethodWorker.run(TestMethodWorker.java:128)
	at java.util.ArrayList.forEach(Unknown Source)
	at org.testng.TestRunner.privateRun(TestRunner.java:764)
	at org.testng.TestRunner.run(TestRunner.java:585)
	at org.testng.SuiteRunner.runTest(SuiteRunner.java:384)
	at org.testng.SuiteRunner.runSequentially(SuiteRunner.java:378)
	at org.testng.SuiteRunner.privateRun(SuiteRunner.java:337)
	at org.testng.SuiteRunner.run(SuiteRunner.java:286)
	at org.testng.SuiteRunnerWorker.runSuite(SuiteRunnerWorker.java:53)
	at org.testng.SuiteRunnerWorker.run(SuiteRunnerWorker.java:96)
	at org.testng.TestNG.runSuitesSequentially(TestNG.java:1218)
	at org.testng.TestNG.runSuitesLocally(TestNG.java:1140)
	at org.testng.TestNG.runSuites(TestNG.java:1069)
	at org.testng.TestNG.run(TestNG.java:1037)
	at org.apache.maven.surefire.testng.TestNGExecutor.run(TestNGExecutor.java:77)
	at org.apache.maven.surefire.testng.TestNGDirectoryTestSuite.executeMulti(TestNGDirectoryTestSuite.java:159)
	at org.apache.maven.surefire.testng.TestNGDirectoryTestSuite.execute(TestNGDirectoryTestSuite.java:99)
	at org.apache.maven.surefire.testng.TestNGProvider.invoke(TestNGProvider.java:106)
	at sun.reflect.NativeMethodAccessorImpl.invoke0(Native Method)
	at sun.reflect.NativeMethodAccessorImpl.invoke(Unknown Source)
	at sun.reflect.DelegatingMethodAccessorImpl.invoke(Unknown Source)
	at java.lang.reflect.Method.invoke(Unknown Source)
	at org.apache.maven.surefire.util.ReflectionUtils.invokeMethodWithArray(ReflectionUtils.java:189)
	at org.apache.maven.surefire.booter.ProviderFactory$ProviderProxy.invoke(ProviderFactory.java:165)
	at org.apache.maven.surefire.booter.ProviderFactory.invokeProvider(ProviderFactory.java:85)
	at org.apache.maven.surefire.booter.ForkedBooter.runSuitesInProcess(ForkedBooter.java:115)
	at org.apache.maven.surefire.booter.ForkedBooter.main(ForkedBooter.java:75)
</pre></div></td>
<td>12</td>
<td>com.qa.spinent.testpages.MyReportPageTest@55d56113</td></tr>
<tr>
<td title='com.qa.spinent.testpages.MyReportPageTest.verifyMyReportPageTableVisibility()'><b>verifyMyReportPageTableVisibility</b><br>Test class: com.qa.spinent.testpages.MyReportPageTest</td>
<td><div><pre>java.lang.AssertionError: expected [true] but found [false]
	at com.qa.spinent.testpages.MyReportPageTest.verifyMyReportPageTableVisibility(MyReportPageTest.java:51)
	at java.util.ArrayList.forEach(Unknown Source)
... Removed 41 stack frames</pre></div><a href='#' onClick='toggleBox("stack-trace902907387", this, "Click to show all stack frames", "Click to hide stack frames")'>Click to show all stack frames</a>
<div class='stack-trace' id='stack-trace902907387'><pre>java.lang.AssertionError: expected [true] but found [false]
	at org.testng.Assert.fail(Assert.java:99)
	at org.testng.Assert.failNotEquals(Assert.java:1037)
	at org.testng.Assert.assertTrue(Assert.java:45)
	at org.testng.Assert.assertTrue(Assert.java:55)
	at com.qa.spinent.testpages.MyReportPageTest.verifyMyReportPageTableVisibility(MyReportPageTest.java:51)
	at sun.reflect.NativeMethodAccessorImpl.invoke0(Native Method)
	at sun.reflect.NativeMethodAccessorImpl.invoke(Unknown Source)
	at sun.reflect.DelegatingMethodAccessorImpl.invoke(Unknown Source)
	at java.lang.reflect.Method.invoke(Unknown Source)
	at org.testng.internal.MethodInvocationHelper.invokeMethod(MethodInvocationHelper.java:132)
	at org.testng.internal.TestInvoker.invokeMethod(TestInvoker.java:599)
	at org.testng.internal.TestInvoker.invokeTestMethod(TestInvoker.java:174)
	at org.testng.internal.MethodRunner.runInSequence(MethodRunner.java:46)
	at org.testng.internal.TestInvoker$MethodInvocationAgent.invoke(TestInvoker.java:822)
	at org.testng.internal.TestInvoker.invokeTestMethods(TestInvoker.java:147)
	at org.testng.internal.TestMethodWorker.invokeTestMethods(TestMethodWorker.java:146)
	at org.testng.internal.TestMethodWorker.run(TestMethodWorker.java:128)
	at java.util.ArrayList.forEach(Unknown Source)
	at org.testng.TestRunner.privateRun(TestRunner.java:764)
	at org.testng.TestRunner.run(TestRunner.java:585)
	at org.testng.SuiteRunner.runTest(SuiteRunner.java:384)
	at org.testng.SuiteRunner.runSequentially(SuiteRunner.java:378)
	at org.testng.SuiteRunner.privateRun(SuiteRunner.java:337)
	at org.testng.SuiteRunner.run(SuiteRunner.java:286)
	at org.testng.SuiteRunnerWorker.runSuite(SuiteRunnerWorker.java:53)
	at org.testng.SuiteRunnerWorker.run(SuiteRunnerWorker.java:96)
	at org.testng.TestNG.runSuitesSequentially(TestNG.java:1218)
	at org.testng.TestNG.runSuitesLocally(TestNG.java:1140)
	at org.testng.TestNG.runSuites(TestNG.java:1069)
	at org.testng.TestNG.run(TestNG.java:1037)
	at org.apache.maven.surefire.testng.TestNGExecutor.run(TestNGExecutor.java:77)
	at org.apache.maven.surefire.testng.TestNGDirectoryTestSuite.executeMulti(TestNGDirectoryTestSuite.java:159)
	at org.apache.maven.surefire.testng.TestNGDirectoryTestSuite.execute(TestNGDirectoryTestSuite.java:99)
	at org.apache.maven.surefire.testng.TestNGProvider.invoke(TestNGProvider.java:106)
	at sun.reflect.NativeMethodAccessorImpl.invoke0(Native Method)
	at sun.reflect.NativeMethodAccessorImpl.invoke(Unknown Source)
	at sun.reflect.DelegatingMethodAccessorImpl.invoke(Unknown Source)
	at java.lang.reflect.Method.invoke(Unknown Source)
	at org.apache.maven.surefire.util.ReflectionUtils.invokeMethodWithArray(ReflectionUtils.java:189)
	at org.apache.maven.surefire.booter.ProviderFactory$ProviderProxy.invoke(ProviderFactory.java:165)
	at org.apache.maven.surefire.booter.ProviderFactory.invokeProvider(ProviderFactory.java:85)
	at org.apache.maven.surefire.booter.ForkedBooter.runSuitesInProcess(ForkedBooter.java:115)
	at org.apache.maven.surefire.booter.ForkedBooter.main(ForkedBooter.java:75)
</pre></div></td>
<td>12</td>
<td>com.qa.spinent.testpages.MyReportPageTest@55d56113</td></tr>
</table><p>
<table width='100%' border='1' class='invocation-passed'>
<tr><td colspan='4' align='center'><b>PASSED TESTS</b></td></tr>
<tr><td><b>Test method</b></td>
<td width="30%"><b>Exception</b></td>
<td width="10%"><b>Time (seconds)</b></td>
<td><b>Instance</b></td>
</tr>
<tr>
<td title='com.qa.spinent.testpages.HomePageTest.askToCustomerButtonTest()'><b>askToCustomerButtonTest</b><br>Test class: com.qa.spinent.testpages.HomePageTest<br>Test method: The button function will be tested to see if it is clickable or not!</td>
<td></td>
<td>1</td>
<td>com.qa.spinent.testpages.HomePageTest@192b07fd</td></tr>
<tr>
<td title='com.qa.spinent.testpages.HomePageTest.belowButtonAblemsTest()'><b>belowButtonAblemsTest</b><br>Test class: com.qa.spinent.testpages.HomePageTest<br>Test method: The button function will be tested to see if it is clickable or not!</td>
<td></td>
<td>0</td>
<td>com.qa.spinent.testpages.HomePageTest@192b07fd</td></tr>
<tr>
<td title='com.qa.spinent.testpages.HomePageTest.determineProblemsButtonTest()'><b>determineProblemsButtonTest</b><br>Test class: com.qa.spinent.testpages.HomePageTest<br>Test method: The button function will be tested to see if it is clickable or not!</td>
<td></td>
<td>1</td>
<td>com.qa.spinent.testpages.HomePageTest@192b07fd</td></tr>
<tr>
<td title='com.qa.spinent.testpages.HomePageTest.generateIdeasButtonTest()'><b>generateIdeasButtonTest</b><br>Test class: com.qa.spinent.testpages.HomePageTest<br>Test method: The button function will be tested to see if it is clickable or not!</td>
<td></td>
<td>1</td>
<td>com.qa.spinent.testpages.HomePageTest@192b07fd</td></tr>
<tr>
<td title='com.qa.spinent.testpages.HomePageTest.givePresentationButtonTest()'><b>givePresentationButtonTest</b><br>Test class: com.qa.spinent.testpages.HomePageTest<br>Test method: The button function will be tested to see if it is clickable or not!</td>
<td></td>
<td>0</td>
<td>com.qa.spinent.testpages.HomePageTest@192b07fd</td></tr>
<tr>
<td title='com.qa.spinent.testpages.HomePageTest.introToSportsTechButtonTest()'><b>introToSportsTechButtonTest</b><br>Test class: com.qa.spinent.testpages.HomePageTest<br>Test method: The button function will be tested to see if it is clickable or not!</td>
<td></td>
<td>1</td>
<td>com.qa.spinent.testpages.HomePageTest@192b07fd</td></tr>
<tr>
<td title='com.qa.spinent.testpages.HomePageTest.knowYourselfButtonTest()'><b>knowYourselfButtonTest</b><br>Test class: com.qa.spinent.testpages.HomePageTest<br>Test method: The button function will be tested to see if it is clickable or not!</td>
<td></td>
<td>1</td>
<td>com.qa.spinent.testpages.HomePageTest@192b07fd</td></tr>
<tr>
<td title='com.qa.spinent.testpages.HomePageTest.languageButtonTest()'><b>languageButtonTest</b><br>Test class: com.qa.spinent.testpages.HomePageTest<br>Test method: The button function will be tested to see if it is clickable or not!</td>
<td></td>
<td>0</td>
<td>com.qa.spinent.testpages.HomePageTest@192b07fd</td></tr>
<tr>
<td title='com.qa.spinent.testpages.AccountLogoutPageTest.logOutFunctionTest()'><b>logOutFunctionTest</b><br>Test class: com.qa.spinent.testpages.AccountLogoutPageTest</td>
<td></td>
<td>1</td>
<td>com.qa.spinent.testpages.AccountLogoutPageTest@20322d26</td></tr>
<tr>
<td title='com.qa.spinent.testpages.AccountLogoutPageTest.logOutUrlVerificationTest()'><b>logOutUrlVerificationTest</b><br>Test class: com.qa.spinent.testpages.AccountLogoutPageTest</td>
<td></td>
<td>0</td>
<td>com.qa.spinent.testpages.AccountLogoutPageTest@20322d26</td></tr>
<tr>
<td title='com.qa.spinent.testpages.HomePageTest.preapareMVPButtonTest()'><b>preapareMVPButtonTest</b><br>Test class: com.qa.spinent.testpages.HomePageTest<br>Test method: The button function will be tested to see if it is clickable or not!</td>
<td></td>
<td>1</td>
<td>com.qa.spinent.testpages.HomePageTest@192b07fd</td></tr>
<tr>
<td title='com.qa.spinent.testpages.HomePageTest.printCertificateButtonTest()'><b>printCertificateButtonTest</b><br>Test class: com.qa.spinent.testpages.HomePageTest<br>Test method: The button function will be tested to see if it is clickable or not!</td>
<td></td>
<td>0</td>
<td>com.qa.spinent.testpages.HomePageTest@192b07fd</td></tr>
<tr>
<td title='com.qa.spinent.testpages.HomePageTest.userAccountNamesButtonTest()'><b>userAccountNamesButtonTest</b><br>Test class: com.qa.spinent.testpages.HomePageTest<br>Test method: The button function will be tested to see if it is clickable or not!</td>
<td></td>
<td>0</td>
<td>com.qa.spinent.testpages.HomePageTest@192b07fd</td></tr>
<tr>
<td title='com.qa.spinent.testpages.LoginPageUserSecurityTest.userSecurity()'><b>userSecurity</b><br>Test class: com.qa.spinent.testpages.LoginPageUserSecurityTest<br>Test method: Testing invalid datas by sending wrong user information. Error message will be verified after sending wrong user information from the excel file.<br>Parameters: bobit@gmail.com, Ankara</td>
<td></td>
<td>5</td>
<td>com.qa.spinent.testpages.LoginPageUserSecurityTest@64bf3bbf</td></tr>
<tr>
<td title='com.qa.spinent.testpages.LoginPageUserSecurityTest.userSecurity()'><b>userSecurity</b><br>Test class: com.qa.spinent.testpages.LoginPageUserSecurityTest<br>Test method: Testing invalid datas by sending wrong user information. Error message will be verified after sending wrong user information from the excel file.<br>Parameters: bobit@gmail.com, Istanbul</td>
<td></td>
<td>6</td>
<td>com.qa.spinent.testpages.LoginPageUserSecurityTest@64bf3bbf</td></tr>
<tr>
<td title='com.qa.spinent.testpages.LoginPageUserSecurityTest.userSecurity()'><b>userSecurity</b><br>Test class: com.qa.spinent.testpages.LoginPageUserSecurityTest<br>Test method: Testing invalid datas by sending wrong user information. Error message will be verified after sending wrong user information from the excel file.<br>Parameters: bobit@gmail.com, Adana</td>
<td></td>
<td>6</td>
<td>com.qa.spinent.testpages.LoginPageUserSecurityTest@64bf3bbf</td></tr>
<tr>
<td title='com.qa.spinent.testpages.LoginPageUserSecurityTest.userSecurity()'><b>userSecurity</b><br>Test class: com.qa.spinent.testpages.LoginPageUserSecurityTest<br>Test method: Testing invalid datas by sending wrong user information. Error message will be verified after sending wrong user information from the excel file.<br>Parameters: bobit@gmail.com, Konya</td>
<td></td>
<td>6</td>
<td>com.qa.spinent.testpages.LoginPageUserSecurityTest@64bf3bbf</td></tr>
<tr>
<td title='com.qa.spinent.testpages.LoginPageUserSecurityTest.userSecurity()'><b>userSecurity</b><br>Test class: com.qa.spinent.testpages.LoginPageUserSecurityTest<br>Test method: Testing invalid datas by sending wrong user information. Error message will be verified after sending wrong user information from the excel file.<br>Parameters: bobit@gmail.com, Bursa</td>
<td></td>
<td>6</td>
<td>com.qa.spinent.testpages.LoginPageUserSecurityTest@64bf3bbf</td></tr>
<tr>
<td title='com.qa.spinent.testpages.LoginPageUserSecurityTest.userSecurity()'><b>userSecurity</b><br>Test class: com.qa.spinent.testpages.LoginPageUserSecurityTest<br>Test method: Testing invalid datas by sending wrong user information. Error message will be verified after sending wrong user information from the excel file.<br>Parameters: bobit@gmail.com, sezgin</td>
<td></td>
<td>6</td>
<td>com.qa.spinent.testpages.LoginPageUserSecurityTest@64bf3bbf</td></tr>
<tr>
<td title='com.qa.spinent.testpages.LoginPageUserSecurityTest.userSecurity()'><b>userSecurity</b><br>Test class: com.qa.spinent.testpages.LoginPageUserSecurityTest<br>Test method: Testing invalid datas by sending wrong user information. Error message will be verified after sending wrong user information from the excel file.<br>Parameters: bobit@gmail.com, warsaw</td>
<td></td>
<td>6</td>
<td>com.qa.spinent.testpages.LoginPageUserSecurityTest@64bf3bbf</td></tr>
<tr>
<td title='com.qa.spinent.testpages.LoginPageUserSecurityTest.userSecurity()'><b>userSecurity</b><br>Test class: com.qa.spinent.testpages.LoginPageUserSecurityTest<br>Test method: Testing invalid datas by sending wrong user information. Error message will be verified after sending wrong user information from the excel file.<br>Parameters: bobit@gmail.com, whatevet</td>
<td></td>
<td>6</td>
<td>com.qa.spinent.testpages.LoginPageUserSecurityTest@64bf3bbf</td></tr>
<tr>
<td title='com.qa.spinent.testpages.LoginPageTest.verifyGreenolorLoginButtonTest()'><b>verifyGreenolorLoginButtonTest</b><br>Test class: com.qa.spinent.testpages.LoginPageTest<br>Test method: VERIFICATION OF GREEN LOGIN-BUTTON IN THE LOGIN PAGE </td>
<td></td>
<td>0</td>
<td>com.qa.spinent.testpages.LoginPageTest@64bfbc86</td></tr>
<tr>
<td title='com.qa.spinent.testpages.HomePageTest.verifyHomePageTitle()'><b>verifyHomePageTitle</b><br>Test class: com.qa.spinent.testpages.HomePageTest<br>Test method: Home Page Title will be tested</td>
<td></td>
<td>0</td>
<td>com.qa.spinent.testpages.HomePageTest@192b07fd</td></tr>
<tr>
<td title='com.qa.spinent.testpages.LoginPageTest.verifyLoginPageTitleTest()'><b>verifyLoginPageTitleTest</b><br>Test class: com.qa.spinent.testpages.LoginPageTest<br>Test method: LOGIN PAGE TITLE PRESENCE FUNCTIONALITY</td>
<td></td>
<td>0</td>
<td>com.qa.spinent.testpages.LoginPageTest@64bfbc86</td></tr>
<tr>
<td title='com.qa.spinent.testpages.LoginPageTest.verifyLoginPageUrlTest()'><b>verifyLoginPageUrlTest</b><br>Test class: com.qa.spinent.testpages.LoginPageTest<br>Test method: LOGIN PAGE URL FUNCTIONALITY TEST</td>
<td></td>
<td>0</td>
<td>com.qa.spinent.testpages.LoginPageTest@64bfbc86</td></tr>
<tr>
<td title='com.qa.spinent.testpages.LoginPageTest.verifyRedColorLoginButtonTest()'><b>verifyRedColorLoginButtonTest</b><br>Test class: com.qa.spinent.testpages.LoginPageTest<br>Test method: VERIFICATION OF RED LOGIN-BUTTON IN THE LOGIN PAGE </td>
<td></td>
<td>0</td>
<td>com.qa.spinent.testpages.LoginPageTest@64bfbc86</td></tr>
</table><p>
</body>
</html>