<?xml version="1.0" encoding="UTF-8"?>
<!-- Generated by org.testng.reporters.JUnitXMLReporter -->
<testsuite hostname="DESKTOP-35PKLNE" ignored="0" name="Command line test" tests="28" failures="2" timestamp="2021-05-05T02:32:08 CEST" time="122.026" errors="0">
  <testcase name="logOutFunctionTest" time="1.087" classname="com.qa.spinent.testpages.AccountLogoutPageTest"/>
  <testcase name="logOutUrlVerificationTest" time="0.006" classname="com.qa.spinent.testpages.AccountLogoutPageTest"/>
  <testcase name="verifyHomePageTitle" time="0.012" classname="com.qa.spinent.testpages.HomePageTest"/>
  <testcase name="introToSportsTechButtonTest" time="1.035" classname="com.qa.spinent.testpages.HomePageTest"/>
  <testcase name="knowYourselfButtonTest" time="1.038" classname="com.qa.spinent.testpages.HomePageTest"/>
  <testcase name="determineProblemsButtonTest" time="1.027" classname="com.qa.spinent.testpages.HomePageTest"/>
  <testcase name="askToCustomerButtonTest" time="1.036" classname="com.qa.spinent.testpages.HomePageTest"/>
  <testcase name="generateIdeasButtonTest" time="1.032" classname="com.qa.spinent.testpages.HomePageTest"/>
  <testcase name="preapareMVPButtonTest" time="1.033" classname="com.qa.spinent.testpages.HomePageTest"/>
  <testcase name="givePresentationButtonTest" time="0.977" classname="com.qa.spinent.testpages.HomePageTest"/>
  <testcase name="belowButtonAblemsTest" time="0.997" classname="com.qa.spinent.testpages.HomePageTest"/>
  <testcase name="languageButtonTest" time="0.993" classname="com.qa.spinent.testpages.HomePageTest"/>
  <testcase name="userAccountNamesButtonTest" time="0.979" classname="com.qa.spinent.testpages.HomePageTest"/>
  <testcase name="printCertificateButtonTest" time="0.991" classname="com.qa.spinent.testpages.HomePageTest"/>
  <testcase name="verifyLoginPageTitleTest" time="0.006" classname="com.qa.spinent.testpages.LoginPageTest"/>
  <testcase name="verifyLoginPageUrlTest" time="0.01" classname="com.qa.spinent.testpages.LoginPageTest"/>
  <testcase name="verifyRedColorLoginButtonTest" time="0.986" classname="com.qa.spinent.testpages.LoginPageTest"/>
  <testcase name="verifyGreenolorLoginButtonTest" time="0.978" classname="com.qa.spinent.testpages.LoginPageTest"/>
  <testcase name="userSecurity" time="5.257" classname="com.qa.spinent.testpages.LoginPageUserSecurityTest"/>
  <testcase name="userSecurity" time="6.22" classname="com.qa.spinent.testpages.LoginPageUserSecurityTest"/>
  <testcase name="userSecurity" time="6.099" classname="com.qa.spinent.testpages.LoginPageUserSecurityTest"/>
  <testcase name="userSecurity" time="6.102" classname="com.qa.spinent.testpages.LoginPageUserSecurityTest"/>
  <testcase name="userSecurity" time="6.148" classname="com.qa.spinent.testpages.LoginPageUserSecurityTest"/>
  <testcase name="userSecurity" time="6.119" classname="com.qa.spinent.testpages.LoginPageUserSecurityTest"/>
  <testcase name="userSecurity" time="6.126" classname="com.qa.spinent.testpages.LoginPageUserSecurityTest"/>
  <testcase name="userSecurity" time="6.109" classname="com.qa.spinent.testpages.LoginPageUserSecurityTest"/>
  <testcase name="verifyMyReportPageTableVisibility" time="12.206" classname="com.qa.spinent.testpages.MyReportPageTest">
    <failure type="java.lang.AssertionError" message="expected [true] but found [false]">
      <![CDATA[java.lang.AssertionError: expected [true] but found [false]
at com.qa.spinent.testpages.MyReportPageTest.verifyMyReportPageTableVisibility(MyReportPageTest.java:51)
at java.util.ArrayList.forEach(Unknown Source)
... Removed 41 stack frames]]>
    </failure>
  </testcase> <!-- verifyMyReportPageTableVisibility -->
  <testcase name="verifyMyReportPageTable" time="12.208" classname="com.qa.spinent.testpages.MyReportPageTest">
    <failure type="org.openqa.selenium.WebDriverException" message="chrome not reachable
  (Session info: chrome=90.0.4430.93)
Build info: version: &amp;apos;3.141.59&amp;apos;, revision: &amp;apos;e82be7d358&amp;apos;, time: &amp;apos;2018-11-14T08:17:03&amp;apos;
System info: host: &amp;apos;DESKTOP-35PKLNE&amp;apos;, ip: &amp;apos;192.168.0.45&amp;apos;, os.name: &amp;apos;Windows 10&amp;apos;, os.arch: &amp;apos;amd64&amp;apos;, os.version: &amp;apos;10.0&amp;apos;, java.version: &amp;apos;1.8.0_281&amp;apos;
Driver info: org.openqa.selenium.chrome.ChromeDriver
Capabilities {acceptInsecureCerts: false, browserName: chrome, browserVersion: 90.0.4430.93, chrome: {chromedriverVersion: 90.0.4430.24 (4c6d850f087da..., userDataDir: C:\Users\muham\AppData\Loca...}, goog:chromeOptions: {debuggerAddress: localhost:53856}, javascriptEnabled: true, networkConnectionEnabled: false, pageLoadStrategy: normal, platform: WINDOWS, platformName: WINDOWS, proxy: Proxy(), setWindowRect: true, strictFileInteractability: false, timeouts: {implicit: 0, pageLoad: 300000, script: 30000}, unhandledPromptBehavior: dismiss and notify, webauthn:extension:largeBlob: true, webauthn:virtualAuthenticators: true}
Session ID: db8c7965f8fe1b4e2b9b821f5e376e3c">
      <![CDATA[org.openqa.selenium.WebDriverException: chrome not reachable
  (Session info: chrome=90.0.4430.93)
Build info: version: '3.141.59', revision: 'e82be7d358', time: '2018-11-14T08:17:03'
System info: host: 'DESKTOP-35PKLNE', ip: '192.168.0.45', os.name: 'Windows 10', os.arch: 'amd64', os.version: '10.0', java.version: '1.8.0_281'
Driver info: org.openqa.selenium.chrome.ChromeDriver
Capabilities {acceptInsecureCerts: false, browserName: chrome, browserVersion: 90.0.4430.93, chrome: {chromedriverVersion: 90.0.4430.24 (4c6d850f087da..., userDataDir: C:\Users\muham\AppData\Loca...}, goog:chromeOptions: {debuggerAddress: localhost:53856}, javascriptEnabled: true, networkConnectionEnabled: false, pageLoadStrategy: normal, platform: WINDOWS, platformName: WINDOWS, proxy: Proxy(), setWindowRect: true, strictFileInteractability: false, timeouts: {implicit: 0, pageLoad: 300000, script: 30000}, unhandledPromptBehavior: dismiss and notify, webauthn:extension:largeBlob: true, webauthn:virtualAuthenticators: true}
Session ID: db8c7965f8fe1b4e2b9b821f5e376e3c
at org.openqa.selenium.remote.http.W3CHttpResponseCodec.createException(W3CHttpResponseCodec.java:187)
at org.openqa.selenium.remote.http.W3CHttpResponseCodec.decode(W3CHttpResponseCodec.java:122)
at org.openqa.selenium.remote.http.W3CHttpResponseCodec.decode(W3CHttpResponseCodec.java:49)
at org.openqa.selenium.remote.HttpCommandExecutor.execute(HttpCommandExecutor.java:158)
at org.openqa.selenium.remote.service.DriverCommandExecutor.execute(DriverCommandExecutor.java:83)
at org.openqa.selenium.remote.RemoteWebDriver.execute(RemoteWebDriver.java:552)
at org.openqa.selenium.remote.RemoteWebDriver.execute(RemoteWebDriver.java:609)
at org.openqa.selenium.remote.RemoteWebDriver.getCurrentUrl(RemoteWebDriver.java:287)
at com.qa.spinent.pages.MyReportPage.myreportPageUrl(MyReportPage.java:33)
at com.qa.spinent.testpages.MyReportPageTest.verifyMyReportPageTable(MyReportPageTest.java:57)
at java.util.ArrayList.forEach(Unknown Source)
... Removed 41 stack frames]]>
    </failure>
  </testcase> <!-- verifyMyReportPageTable -->
</testsuite> <!-- Command line test -->
