<?xml version="1.0" encoding="UTF-8"?>
<!-- Generated by org.testng.reporters.JUnitXMLReporter -->
<testsuite hostname="DESKTOP-35PKLNE" ignored="0" name="Alpha Sense Test" tests="8" failures="1" timestamp="2022-01-15T13:59:47 CET" time="39.859" errors="0">
  <testcase name="searchingforAdditionalKeyword" time="1.723" classname="com.qa.alphasense.testpages.Test_01_AlphaSenseFrontendPageTest"/>
  <testcase name="scrollTheLastFoundResult" time="5.046" classname="com.qa.alphasense.testpages.Test_01_AlphaSenseFrontendPageTest"/>
  <testcase name="clickTheLastFoundResult" time="1.159" classname="com.qa.alphasense.testpages.Test_01_AlphaSenseFrontendPageTest"/>
  <testcase name="switchToFrame" time="20.087" classname="com.qa.alphasense.testpages.Test_01_AlphaSenseFrontendPageTest"/>
  <testcase name="verifyChosenStatement" time="0.075" classname="com.qa.alphasense.testpages.Test_01_AlphaSenseFrontendPageTest"/>
  <testcase name="checkingStatus" time="1.733" classname="com.qa.alphasense.testpages.Test_02_AlphaSenseAPITests"/>
  <testcase name="verificationOfApplicationWebsite" time="0.275" classname="com.qa.alphasense.testpages.Test_02_AlphaSenseAPITests"/>
  <testcase name="postingJsonData" time="0.0" classname="com.qa.alphasense.testpages.Test_02_AlphaSenseAPITests">
    <failure type="org.testng.TestNGException" message="
Cannot inject @Test annotated Method [postingJsonData] with [int].
For more information on native dependency injection please refer to https://testng.org/doc/documentation-main.html#native-dependency-injection">
      <![CDATA[org.testng.TestNGException: 
Cannot inject @Test annotated Method [postingJsonData] with [int].
For more information on native dependency injection please refer to https://testng.org/doc/documentation-main.html#native-dependency-injection
at java.util.ArrayList.forEach(ArrayList.java:1259)
... Removed 26 stack frames]]>
    </failure>
  </testcase> <!-- postingJsonData -->
</testsuite> <!-- Alpha Sense Test -->
