<!DOCTYPE html PUBLIC "-//W3C//DTD XHTML 1.1//EN" "https://www.w3.org/TR/xhtml11/DTD/xhtml11.dtd">
<html xmlns="https://www.w3.org/1999/xhtml">
<head>
<meta http-equiv="content-type" content="text/html; charset=UTF-8"/>
<title>TestNG Report</title>
<style type="text/css">table {margin-bottom:10px;border-collapse:collapse;empty-cells:show}th,td {border:1px solid #009;padding:.25em .5em}th {vertical-align:bottom}td {vertical-align:top}table a {font-weight:bold}.stripe td {background-color: #E6EBF9}.num {text-align:right}.passedodd td {background-color: #3F3}.passedeven td {background-color: #0A0}.skippedodd td {background-color: #DDD}.skippedeven td {background-color: #CCC}.failedodd td,.attn {background-color: #F33}.failedeven td,.stripe .attn {background-color: #D00}.stacktrace {white-space:pre;font-family:monospace}.totop {font-size:85%;text-align:center;border-bottom:2px solid #000}.invisible {display:none}</style>
</head>
<body>
<table>
<tr><th>Test</th><th># Passed</th><th># Skipped</th><th># Retried</th><th># Failed</th><th>Time (ms)</th><th>Included Groups</th><th>Excluded Groups</th></tr>
<tr><th colspan="8">Command line suite</th></tr>
<tr><td><a href="#t0">Command line test</a></td><td class="num">0</td><td class="num attn">28</td><td class="num">0</td><td class="num">0</td><td class="num">620,771</td><td></td><td></td></tr>
</table>
<table id='summary'><thead><tr><th>Class</th><th>Method</th><th>Start</th><th>Time (ms)</th></tr></thead><tbody><tr><th colspan="4">Command line suite</th></tr></tbody><tbody id="t0"><tr><th colspan="4">Command line test &#8212; failed (configuration methods)</th></tr><tr class="failedeven"><td rowspan="2">com.qa.spinent.testpages.LoginPageTest</td><td><a href="#m0">setUp</a></td><td rowspan="1">1620638843219</td><td rowspan="1">601548</td></tr><tr class="failedeven"><td><a href="#m1">tearDown</a></td><td rowspan="1">1620639445798</td><td rowspan="1">0</td></tr><tr class="failedodd"><td rowspan="1">com.qa.spinent.testpages.LoginPageUserSecurityTest</td><td><a href="#m2">tearDown</a></td><td rowspan="1">1620639445799</td><td rowspan="1">0</td></tr><tr><th colspan="4">Command line test &#8212; skipped (configuration methods)</th></tr><tr class="skippedeven"><td rowspan="1">com.qa.spinent.testpages.AccountLogoutPageTest</td><td><a href="#m3">tearDown</a></td><td rowspan="1">1620639445797</td><td rowspan="1">-1620639445797</td></tr><tr class="skippedodd"><td rowspan="1">com.qa.spinent.testpages.HomePageTest</td><td><a href="#m4">tearDown</a></td><td rowspan="1">1620639445797</td><td rowspan="1">-1620639445797</td></tr><tr class="skippedeven"><td rowspan="1">com.qa.spinent.testpages.LoginPageUserSecurityTest</td><td><a href="#m5">setUp</a></td><td rowspan="1">1620639444777</td><td rowspan="1">-1620639444777</td></tr><tr class="skippedodd"><td rowspan="2">com.qa.spinent.testpages.MyReportPageTest</td><td><a href="#m6">setUp</a></td><td rowspan="1">1620639444778</td><td rowspan="1">-1620639444778</td></tr><tr class="skippedodd"><td><a href="#m7">tearDown</a></td><td rowspan="1">1620639445800</td><td rowspan="1">-1620639445800</td></tr><tr><th colspan="4">Command line test &#8212; skipped</th></tr><tr class="skippedeven"><td rowspan="2">com.qa.spinent.testpages.AccountLogoutPageTest</td><td><a href="#m8">logOutFunctionTest</a></td><td rowspan="1">1620639444837</td><td rowspan="1">0</td></tr><tr class="skippedeven"><td><a href="#m9">logOutUrlVerificationTest</a></td><td rowspan="1">1620639444844</td><td rowspan="1">0</td></tr><tr class="skippedodd"><td rowspan="12">com.qa.spinent.testpages.HomePageTest</td><td><a href="#m10">askToCustomerButtonTest</a></td><td rowspan="1">1620639444848</td><td rowspan="1">0</td></tr><tr class="skippedodd"><td><a href="#m11">belowButtonAblemsTest</a></td><td rowspan="1">1620639444850</td><td rowspan="1">0</td></tr><tr class="skippedodd"><td><a href="#m12">determineProblemsButtonTest</a></td><td rowspan="1">1620639444847</td><td rowspan="1">0</td></tr><tr class="skippedodd"><td><a href="#m13">generateIdeasButtonTest</a></td><td rowspan="1">1620639444848</td><td rowspan="1">0</td></tr><tr class="skippedodd"><td><a href="#m14">givePresentationButtonTest</a></td><td rowspan="1">1620639444850</td><td rowspan="1">0</td></tr><tr class="skippedodd"><td><a href="#m15">introToSportsTechButtonTest</a></td><td rowspan="1">1620639444846</td><td rowspan="1">0</td></tr><tr class="skippedodd"><td><a href="#m16">knowYourselfButtonTest</a></td><td rowspan="1">1620639444846</td><td rowspan="1">0</td></tr><tr class="skippedodd"><td><a href="#m17">languageButtonTest</a></td><td rowspan="1">1620639444851</td><td rowspan="1">0</td></tr><tr class="skippedodd"><td><a href="#m18">preapareMVPButtonTest</a></td><td rowspan="1">1620639444849</td><td rowspan="1">0</td></tr><tr class="skippedodd"><td><a href="#m19">printCertificateButtonTest</a></td><td rowspan="1">1620639444854</td><td rowspan="1">0</td></tr><tr class="skippedodd"><td><a href="#m20">userAccountNamesButtonTest</a></td><td rowspan="1">1620639444853</td><td rowspan="1">0</td></tr><tr class="skippedodd"><td><a href="#m21">verifyHomePageTitle</a></td><td rowspan="1">1620639444845</td><td rowspan="1">0</td></tr><tr class="skippedeven"><td rowspan="4">com.qa.spinent.testpages.LoginPageTest</td><td><a href="#m22">verifyGreenolorLoginButtonTest</a></td><td rowspan="1">1620639444860</td><td rowspan="1">0</td></tr><tr class="skippedeven"><td><a href="#m23">verifyLoginPageTitleTest</a></td><td rowspan="1">1620639444857</td><td rowspan="1">0</td></tr><tr class="skippedeven"><td><a href="#m24">verifyLoginPageUrlTest</a></td><td rowspan="1">1620639444858</td><td rowspan="1">0</td></tr><tr class="skippedeven"><td><a href="#m25">verifyRedColorLoginButtonTest</a></td><td rowspan="1">1620639444859</td><td rowspan="1">0</td></tr><tr class="skippedodd"><td rowspan="8">com.qa.spinent.testpages.LoginPageUserSecurityTest</td><td><a href="#m26">userSecurity</a></td><td rowspan="8">1620639445795</td><td rowspan="8">0</td></tr><tr class="skippedodd"><td><a href="#m27">userSecurity</a></td></tr><tr class="skippedodd"><td><a href="#m28">userSecurity</a></td></tr><tr class="skippedodd"><td><a href="#m29">userSecurity</a></td></tr><tr class="skippedodd"><td><a href="#m30">userSecurity</a></td></tr><tr class="skippedodd"><td><a href="#m31">userSecurity</a></td></tr><tr class="skippedodd"><td><a href="#m32">userSecurity</a></td></tr><tr class="skippedodd"><td><a href="#m33">userSecurity</a></td></tr><tr class="skippedeven"><td rowspan="2">com.qa.spinent.testpages.MyReportPageTest</td><td><a href="#m34">verifyMyReportPageTable</a></td><td rowspan="1">1620639445797</td><td rowspan="1">0</td></tr><tr class="skippedeven"><td><a href="#m35">verifyMyReportPageTableVisibility</a></td><td rowspan="1">1620639445796</td><td rowspan="1">0</td></tr></tbody>
</table>
<h2>Command line test</h2><h3 id="m0">com.qa.spinent.testpages.LoginPageTest#setUp</h3><table class="result"><tr><th>Exception</th></tr><tr><td><div class="stacktrace">org.openqa.selenium.SessionNotCreatedException: session not created
from timeout: Timed out receiving message from renderer: 600.000
  (Session info: chrome=90.0.4430.93)
Build info: version: &apos;3.141.59&apos;, revision: &apos;e82be7d358&apos;, time: &apos;2018-11-14T08:17:03&apos;
System info: host: &apos;DESKTOP-35PKLNE&apos;, ip: &apos;192.168.0.45&apos;, os.name: &apos;Windows 10&apos;, os.arch: &apos;amd64&apos;, os.version: &apos;10.0&apos;, java.version: &apos;1.8.0_291&apos;
Driver info: driver.version: ChromeDriver
remote stacktrace: Backtrace:
	Ordinal0 [0x00D3C013+2474003]
	Ordinal0 [0x00CD29C1+2042305]
	Ordinal0 [0x00BE2F68+1060712]
	Ordinal0 [0x00BD5652+1005138]
	Ordinal0 [0x00BD4258+1000024]
	Ordinal0 [0x00BD3DA5+998821]
	Ordinal0 [0x00BDA9C5+1026501]
	Ordinal0 [0x00BD3D31+998705]
	Ordinal0 [0x00BD4FAF+1003439]
	Ordinal0 [0x00BD4258+1000024]
	Ordinal0 [0x00BD3DA5+998821]
	Ordinal0 [0x00BD9DBC+1023420]
	Ordinal0 [0x00BD3D31+998705]
	Ordinal0 [0x00BD4FAF+1003439]
	Ordinal0 [0x00BD4258+1000024]
	Ordinal0 [0x00BD3DA5+998821]
	Ordinal0 [0x00BCFA5D+981597]
	Ordinal0 [0x00BD3D31+998705]
	Ordinal0 [0x00BD3A85+998021]
	Ordinal0 [0x00BD3829+997417]
	Ordinal0 [0x00BE4090+1065104]
	Ordinal0 [0x00C2B798+1357720]
	Ordinal0 [0x00C28FAA+1347498]
	Ordinal0 [0x00C266DB+1337051]
	Ordinal0 [0x00C03427+1192999]
	Ordinal0 [0x00C042EE+1196782]
	Ordinal0 [0x00C04279+1196665]
	GetHandleVerifier [0x00EC96FC+1590332]
	GetHandleVerifier [0x00F78614+2306900]
	GetHandleVerifier [0x00DC9E93+543699]
	GetHandleVerifier [0x00DC92CE+540686]
	Ordinal0 [0x00CD86BA+2066106]
	Ordinal0 [0x00CDD1C8+2085320]
	Ordinal0 [0x00CDD308+2085640]
	Ordinal0 [0x00CE67F3+2123763]
	BaseThreadInitThunk [0x75CBFA29+25]
	RtlGetAppContainerNamedObjectPath [0x76EE7A4E+286]
	RtlGetAppContainerNamedObjectPath [0x76EE7A1E+238]

	at org.openqa.selenium.remote.W3CHandshakeResponse.lambda$errorHandler$0(W3CHandshakeResponse.java:62)
	at org.openqa.selenium.remote.HandshakeResponse.lambda$getResponseFunction$0(HandshakeResponse.java:30)
	at org.openqa.selenium.remote.ProtocolHandshake.lambda$createSession$0(ProtocolHandshake.java:126)
	at java.util.stream.ReferencePipeline$3$1.accept(Unknown Source)
	at java.util.Spliterators$ArraySpliterator.tryAdvance(Unknown Source)
	at java.util.stream.ReferencePipeline.forEachWithCancel(Unknown Source)
	at java.util.stream.AbstractPipeline.copyIntoWithCancel(Unknown Source)
	at java.util.stream.AbstractPipeline.copyInto(Unknown Source)
	at java.util.stream.AbstractPipeline.wrapAndCopyInto(Unknown Source)
	at java.util.stream.FindOps$FindOp.evaluateSequential(Unknown Source)
	at java.util.stream.AbstractPipeline.evaluate(Unknown Source)
	at java.util.stream.ReferencePipeline.findFirst(Unknown Source)
	at org.openqa.selenium.remote.ProtocolHandshake.createSession(ProtocolHandshake.java:128)
	at org.openqa.selenium.remote.ProtocolHandshake.createSession(ProtocolHandshake.java:74)
	at org.openqa.selenium.remote.HttpCommandExecutor.execute(HttpCommandExecutor.java:136)
	at org.openqa.selenium.remote.service.DriverCommandExecutor.execute(DriverCommandExecutor.java:83)
	at org.openqa.selenium.remote.RemoteWebDriver.execute(RemoteWebDriver.java:552)
	at org.openqa.selenium.remote.RemoteWebDriver.startSession(RemoteWebDriver.java:213)
	at org.openqa.selenium.remote.RemoteWebDriver.&lt;init&gt;(RemoteWebDriver.java:131)
	at org.openqa.selenium.chrome.ChromeDriver.&lt;init&gt;(ChromeDriver.java:181)
	at org.openqa.selenium.chrome.ChromeDriver.&lt;init&gt;(ChromeDriver.java:168)
	at org.openqa.selenium.chrome.ChromeDriver.&lt;init&gt;(ChromeDriver.java:157)
	at com.qa.spinent.base.BasePage.init_driver(BasePage.java:43)
	at com.qa.spinent.testpages.LoginPageTest.setUp(LoginPageTest.java:36)
... Removed 38 stack frames</div></td></tr></table><p class="totop"><a href="#summary">back to summary</a></p>
<h3 id="m1">com.qa.spinent.testpages.LoginPageTest#tearDown</h3><table class="result"><tr><th>Exception</th></tr><tr><td><div class="stacktrace">java.lang.NullPointerException
	at com.qa.spinent.testpages.LoginPageTest.tearDown(LoginPageTest.java:80)
... Removed 34 stack frames</div></td></tr></table><p class="totop"><a href="#summary">back to summary</a></p>
<h3 id="m2">com.qa.spinent.testpages.LoginPageUserSecurityTest#tearDown</h3><table class="result"><tr><th>Exception</th></tr><tr><td><div class="stacktrace">java.lang.NullPointerException
	at com.qa.spinent.testpages.LoginPageUserSecurityTest.tearDown(LoginPageUserSecurityTest.java:69)
... Removed 34 stack frames</div></td></tr></table><p class="totop"><a href="#summary">back to summary</a></p>
<h3 id="m3">com.qa.spinent.testpages.AccountLogoutPageTest#tearDown</h3><table class="result"><tr><th class="invisible"/></tr></table><p class="totop"><a href="#summary">back to summary</a></p>
<h3 id="m4">com.qa.spinent.testpages.HomePageTest#tearDown</h3><table class="result"><tr><th class="invisible"/></tr></table><p class="totop"><a href="#summary">back to summary</a></p>
<h3 id="m5">com.qa.spinent.testpages.LoginPageUserSecurityTest#setUp</h3><table class="result"><tr><th class="invisible"/></tr></table><p class="totop"><a href="#summary">back to summary</a></p>
<h3 id="m6">com.qa.spinent.testpages.MyReportPageTest#setUp</h3><table class="result"><tr><th class="invisible"/></tr></table><p class="totop"><a href="#summary">back to summary</a></p>
<h3 id="m7">com.qa.spinent.testpages.MyReportPageTest#tearDown</h3><table class="result"><tr><th class="invisible"/></tr></table><p class="totop"><a href="#summary">back to summary</a></p>
<h3 id="m8">com.qa.spinent.testpages.AccountLogoutPageTest#logOutFunctionTest</h3><table class="result"><tr><th>Exception</th></tr><tr><td><div class="stacktrace">org.openqa.selenium.SessionNotCreatedException: session not created
from timeout: Timed out receiving message from renderer: 600.000
  (Session info: chrome=90.0.4430.93)
Build info: version: &apos;3.141.59&apos;, revision: &apos;e82be7d358&apos;, time: &apos;2018-11-14T08:17:03&apos;
System info: host: &apos;DESKTOP-35PKLNE&apos;, ip: &apos;192.168.0.45&apos;, os.name: &apos;Windows 10&apos;, os.arch: &apos;amd64&apos;, os.version: &apos;10.0&apos;, java.version: &apos;1.8.0_291&apos;
Driver info: driver.version: ChromeDriver
remote stacktrace: Backtrace:
	Ordinal0 [0x00D3C013+2474003]
	Ordinal0 [0x00CD29C1+2042305]
	Ordinal0 [0x00BE2F68+1060712]
	Ordinal0 [0x00BD5652+1005138]
	Ordinal0 [0x00BD4258+1000024]
	Ordinal0 [0x00BD3DA5+998821]
	Ordinal0 [0x00BDA9C5+1026501]
	Ordinal0 [0x00BD3D31+998705]
	Ordinal0 [0x00BD4FAF+1003439]
	Ordinal0 [0x00BD4258+1000024]
	Ordinal0 [0x00BD3DA5+998821]
	Ordinal0 [0x00BD9DBC+1023420]
	Ordinal0 [0x00BD3D31+998705]
	Ordinal0 [0x00BD4FAF+1003439]
	Ordinal0 [0x00BD4258+1000024]
	Ordinal0 [0x00BD3DA5+998821]
	Ordinal0 [0x00BCFA5D+981597]
	Ordinal0 [0x00BD3D31+998705]
	Ordinal0 [0x00BD3A85+998021]
	Ordinal0 [0x00BD3829+997417]
	Ordinal0 [0x00BE4090+1065104]
	Ordinal0 [0x00C2B798+1357720]
	Ordinal0 [0x00C28FAA+1347498]
	Ordinal0 [0x00C266DB+1337051]
	Ordinal0 [0x00C03427+1192999]
	Ordinal0 [0x00C042EE+1196782]
	Ordinal0 [0x00C04279+1196665]
	GetHandleVerifier [0x00EC96FC+1590332]
	GetHandleVerifier [0x00F78614+2306900]
	GetHandleVerifier [0x00DC9E93+543699]
	GetHandleVerifier [0x00DC92CE+540686]
	Ordinal0 [0x00CD86BA+2066106]
	Ordinal0 [0x00CDD1C8+2085320]
	Ordinal0 [0x00CDD308+2085640]
	Ordinal0 [0x00CE67F3+2123763]
	BaseThreadInitThunk [0x75CBFA29+25]
	RtlGetAppContainerNamedObjectPath [0x76EE7A4E+286]
	RtlGetAppContainerNamedObjectPath [0x76EE7A1E+238]

	at org.openqa.selenium.remote.W3CHandshakeResponse.lambda$errorHandler$0(W3CHandshakeResponse.java:62)
	at org.openqa.selenium.remote.HandshakeResponse.lambda$getResponseFunction$0(HandshakeResponse.java:30)
	at org.openqa.selenium.remote.ProtocolHandshake.lambda$createSession$0(ProtocolHandshake.java:126)
	at java.util.stream.ReferencePipeline$3$1.accept(Unknown Source)
	at java.util.Spliterators$ArraySpliterator.tryAdvance(Unknown Source)
	at java.util.stream.ReferencePipeline.forEachWithCancel(Unknown Source)
	at java.util.stream.AbstractPipeline.copyIntoWithCancel(Unknown Source)
	at java.util.stream.AbstractPipeline.copyInto(Unknown Source)
	at java.util.stream.AbstractPipeline.wrapAndCopyInto(Unknown Source)
	at java.util.stream.FindOps$FindOp.evaluateSequential(Unknown Source)
	at java.util.stream.AbstractPipeline.evaluate(Unknown Source)
	at java.util.stream.ReferencePipeline.findFirst(Unknown Source)
	at org.openqa.selenium.remote.ProtocolHandshake.createSession(ProtocolHandshake.java:128)
	at org.openqa.selenium.remote.ProtocolHandshake.createSession(ProtocolHandshake.java:74)
	at org.openqa.selenium.remote.HttpCommandExecutor.execute(HttpCommandExecutor.java:136)
	at org.openqa.selenium.remote.service.DriverCommandExecutor.execute(DriverCommandExecutor.java:83)
	at org.openqa.selenium.remote.RemoteWebDriver.execute(RemoteWebDriver.java:552)
	at org.openqa.selenium.remote.RemoteWebDriver.startSession(RemoteWebDriver.java:213)
	at org.openqa.selenium.remote.RemoteWebDriver.&lt;init&gt;(RemoteWebDriver.java:131)
	at org.openqa.selenium.chrome.ChromeDriver.&lt;init&gt;(ChromeDriver.java:181)
	at org.openqa.selenium.chrome.ChromeDriver.&lt;init&gt;(ChromeDriver.java:168)
	at org.openqa.selenium.chrome.ChromeDriver.&lt;init&gt;(ChromeDriver.java:157)
	at com.qa.spinent.base.BasePage.init_driver(BasePage.java:43)
	at com.qa.spinent.testpages.LoginPageTest.setUp(LoginPageTest.java:36)
... Removed 38 stack frames</div></td></tr></table><p class="totop"><a href="#summary">back to summary</a></p>
<h3 id="m9">com.qa.spinent.testpages.AccountLogoutPageTest#logOutUrlVerificationTest</h3><table class="result"><tr><th>Exception</th></tr><tr><td><div class="stacktrace">org.openqa.selenium.SessionNotCreatedException: session not created
from timeout: Timed out receiving message from renderer: 600.000
  (Session info: chrome=90.0.4430.93)
Build info: version: &apos;3.141.59&apos;, revision: &apos;e82be7d358&apos;, time: &apos;2018-11-14T08:17:03&apos;
System info: host: &apos;DESKTOP-35PKLNE&apos;, ip: &apos;192.168.0.45&apos;, os.name: &apos;Windows 10&apos;, os.arch: &apos;amd64&apos;, os.version: &apos;10.0&apos;, java.version: &apos;1.8.0_291&apos;
Driver info: driver.version: ChromeDriver
remote stacktrace: Backtrace:
	Ordinal0 [0x00D3C013+2474003]
	Ordinal0 [0x00CD29C1+2042305]
	Ordinal0 [0x00BE2F68+1060712]
	Ordinal0 [0x00BD5652+1005138]
	Ordinal0 [0x00BD4258+1000024]
	Ordinal0 [0x00BD3DA5+998821]
	Ordinal0 [0x00BDA9C5+1026501]
	Ordinal0 [0x00BD3D31+998705]
	Ordinal0 [0x00BD4FAF+1003439]
	Ordinal0 [0x00BD4258+1000024]
	Ordinal0 [0x00BD3DA5+998821]
	Ordinal0 [0x00BD9DBC+1023420]
	Ordinal0 [0x00BD3D31+998705]
	Ordinal0 [0x00BD4FAF+1003439]
	Ordinal0 [0x00BD4258+1000024]
	Ordinal0 [0x00BD3DA5+998821]
	Ordinal0 [0x00BCFA5D+981597]
	Ordinal0 [0x00BD3D31+998705]
	Ordinal0 [0x00BD3A85+998021]
	Ordinal0 [0x00BD3829+997417]
	Ordinal0 [0x00BE4090+1065104]
	Ordinal0 [0x00C2B798+1357720]
	Ordinal0 [0x00C28FAA+1347498]
	Ordinal0 [0x00C266DB+1337051]
	Ordinal0 [0x00C03427+1192999]
	Ordinal0 [0x00C042EE+1196782]
	Ordinal0 [0x00C04279+1196665]
	GetHandleVerifier [0x00EC96FC+1590332]
	GetHandleVerifier [0x00F78614+2306900]
	GetHandleVerifier [0x00DC9E93+543699]
	GetHandleVerifier [0x00DC92CE+540686]
	Ordinal0 [0x00CD86BA+2066106]
	Ordinal0 [0x00CDD1C8+2085320]
	Ordinal0 [0x00CDD308+2085640]
	Ordinal0 [0x00CE67F3+2123763]
	BaseThreadInitThunk [0x75CBFA29+25]
	RtlGetAppContainerNamedObjectPath [0x76EE7A4E+286]
	RtlGetAppContainerNamedObjectPath [0x76EE7A1E+238]

	at org.openqa.selenium.remote.W3CHandshakeResponse.lambda$errorHandler$0(W3CHandshakeResponse.java:62)
	at org.openqa.selenium.remote.HandshakeResponse.lambda$getResponseFunction$0(HandshakeResponse.java:30)
	at org.openqa.selenium.remote.ProtocolHandshake.lambda$createSession$0(ProtocolHandshake.java:126)
	at java.util.stream.ReferencePipeline$3$1.accept(Unknown Source)
	at java.util.Spliterators$ArraySpliterator.tryAdvance(Unknown Source)
	at java.util.stream.ReferencePipeline.forEachWithCancel(Unknown Source)
	at java.util.stream.AbstractPipeline.copyIntoWithCancel(Unknown Source)
	at java.util.stream.AbstractPipeline.copyInto(Unknown Source)
	at java.util.stream.AbstractPipeline.wrapAndCopyInto(Unknown Source)
	at java.util.stream.FindOps$FindOp.evaluateSequential(Unknown Source)
	at java.util.stream.AbstractPipeline.evaluate(Unknown Source)
	at java.util.stream.ReferencePipeline.findFirst(Unknown Source)
	at org.openqa.selenium.remote.ProtocolHandshake.createSession(ProtocolHandshake.java:128)
	at org.openqa.selenium.remote.ProtocolHandshake.createSession(ProtocolHandshake.java:74)
	at org.openqa.selenium.remote.HttpCommandExecutor.execute(HttpCommandExecutor.java:136)
	at org.openqa.selenium.remote.service.DriverCommandExecutor.execute(DriverCommandExecutor.java:83)
	at org.openqa.selenium.remote.RemoteWebDriver.execute(RemoteWebDriver.java:552)
	at org.openqa.selenium.remote.RemoteWebDriver.startSession(RemoteWebDriver.java:213)
	at org.openqa.selenium.remote.RemoteWebDriver.&lt;init&gt;(RemoteWebDriver.java:131)
	at org.openqa.selenium.chrome.ChromeDriver.&lt;init&gt;(ChromeDriver.java:181)
	at org.openqa.selenium.chrome.ChromeDriver.&lt;init&gt;(ChromeDriver.java:168)
	at org.openqa.selenium.chrome.ChromeDriver.&lt;init&gt;(ChromeDriver.java:157)
	at com.qa.spinent.base.BasePage.init_driver(BasePage.java:43)
	at com.qa.spinent.testpages.LoginPageTest.setUp(LoginPageTest.java:36)
... Removed 38 stack frames</div></td></tr></table><p class="totop"><a href="#summary">back to summary</a></p>
<h3 id="m10">com.qa.spinent.testpages.HomePageTest#askToCustomerButtonTest</h3><table class="result"><tr><th>Exception</th></tr><tr><td><div class="stacktrace">org.openqa.selenium.SessionNotCreatedException: session not created
from timeout: Timed out receiving message from renderer: 600.000
  (Session info: chrome=90.0.4430.93)
Build info: version: &apos;3.141.59&apos;, revision: &apos;e82be7d358&apos;, time: &apos;2018-11-14T08:17:03&apos;
System info: host: &apos;DESKTOP-35PKLNE&apos;, ip: &apos;192.168.0.45&apos;, os.name: &apos;Windows 10&apos;, os.arch: &apos;amd64&apos;, os.version: &apos;10.0&apos;, java.version: &apos;1.8.0_291&apos;
Driver info: driver.version: ChromeDriver
remote stacktrace: Backtrace:
	Ordinal0 [0x00D3C013+2474003]
	Ordinal0 [0x00CD29C1+2042305]
	Ordinal0 [0x00BE2F68+1060712]
	Ordinal0 [0x00BD5652+1005138]
	Ordinal0 [0x00BD4258+1000024]
	Ordinal0 [0x00BD3DA5+998821]
	Ordinal0 [0x00BDA9C5+1026501]
	Ordinal0 [0x00BD3D31+998705]
	Ordinal0 [0x00BD4FAF+1003439]
	Ordinal0 [0x00BD4258+1000024]
	Ordinal0 [0x00BD3DA5+998821]
	Ordinal0 [0x00BD9DBC+1023420]
	Ordinal0 [0x00BD3D31+998705]
	Ordinal0 [0x00BD4FAF+1003439]
	Ordinal0 [0x00BD4258+1000024]
	Ordinal0 [0x00BD3DA5+998821]
	Ordinal0 [0x00BCFA5D+981597]
	Ordinal0 [0x00BD3D31+998705]
	Ordinal0 [0x00BD3A85+998021]
	Ordinal0 [0x00BD3829+997417]
	Ordinal0 [0x00BE4090+1065104]
	Ordinal0 [0x00C2B798+1357720]
	Ordinal0 [0x00C28FAA+1347498]
	Ordinal0 [0x00C266DB+1337051]
	Ordinal0 [0x00C03427+1192999]
	Ordinal0 [0x00C042EE+1196782]
	Ordinal0 [0x00C04279+1196665]
	GetHandleVerifier [0x00EC96FC+1590332]
	GetHandleVerifier [0x00F78614+2306900]
	GetHandleVerifier [0x00DC9E93+543699]
	GetHandleVerifier [0x00DC92CE+540686]
	Ordinal0 [0x00CD86BA+2066106]
	Ordinal0 [0x00CDD1C8+2085320]
	Ordinal0 [0x00CDD308+2085640]
	Ordinal0 [0x00CE67F3+2123763]
	BaseThreadInitThunk [0x75CBFA29+25]
	RtlGetAppContainerNamedObjectPath [0x76EE7A4E+286]
	RtlGetAppContainerNamedObjectPath [0x76EE7A1E+238]

	at org.openqa.selenium.remote.W3CHandshakeResponse.lambda$errorHandler$0(W3CHandshakeResponse.java:62)
	at org.openqa.selenium.remote.HandshakeResponse.lambda$getResponseFunction$0(HandshakeResponse.java:30)
	at org.openqa.selenium.remote.ProtocolHandshake.lambda$createSession$0(ProtocolHandshake.java:126)
	at java.util.stream.ReferencePipeline$3$1.accept(Unknown Source)
	at java.util.Spliterators$ArraySpliterator.tryAdvance(Unknown Source)
	at java.util.stream.ReferencePipeline.forEachWithCancel(Unknown Source)
	at java.util.stream.AbstractPipeline.copyIntoWithCancel(Unknown Source)
	at java.util.stream.AbstractPipeline.copyInto(Unknown Source)
	at java.util.stream.AbstractPipeline.wrapAndCopyInto(Unknown Source)
	at java.util.stream.FindOps$FindOp.evaluateSequential(Unknown Source)
	at java.util.stream.AbstractPipeline.evaluate(Unknown Source)
	at java.util.stream.ReferencePipeline.findFirst(Unknown Source)
	at org.openqa.selenium.remote.ProtocolHandshake.createSession(ProtocolHandshake.java:128)
	at org.openqa.selenium.remote.ProtocolHandshake.createSession(ProtocolHandshake.java:74)
	at org.openqa.selenium.remote.HttpCommandExecutor.execute(HttpCommandExecutor.java:136)
	at org.openqa.selenium.remote.service.DriverCommandExecutor.execute(DriverCommandExecutor.java:83)
	at org.openqa.selenium.remote.RemoteWebDriver.execute(RemoteWebDriver.java:552)
	at org.openqa.selenium.remote.RemoteWebDriver.startSession(RemoteWebDriver.java:213)
	at org.openqa.selenium.remote.RemoteWebDriver.&lt;init&gt;(RemoteWebDriver.java:131)
	at org.openqa.selenium.chrome.ChromeDriver.&lt;init&gt;(ChromeDriver.java:181)
	at org.openqa.selenium.chrome.ChromeDriver.&lt;init&gt;(ChromeDriver.java:168)
	at org.openqa.selenium.chrome.ChromeDriver.&lt;init&gt;(ChromeDriver.java:157)
	at com.qa.spinent.base.BasePage.init_driver(BasePage.java:43)
	at com.qa.spinent.testpages.LoginPageTest.setUp(LoginPageTest.java:36)
... Removed 38 stack frames</div></td></tr></table><p class="totop"><a href="#summary">back to summary</a></p>
<h3 id="m11">com.qa.spinent.testpages.HomePageTest#belowButtonAblemsTest</h3><table class="result"><tr><th>Exception</th></tr><tr><td><div class="stacktrace">org.openqa.selenium.SessionNotCreatedException: session not created
from timeout: Timed out receiving message from renderer: 600.000
  (Session info: chrome=90.0.4430.93)
Build info: version: &apos;3.141.59&apos;, revision: &apos;e82be7d358&apos;, time: &apos;2018-11-14T08:17:03&apos;
System info: host: &apos;DESKTOP-35PKLNE&apos;, ip: &apos;192.168.0.45&apos;, os.name: &apos;Windows 10&apos;, os.arch: &apos;amd64&apos;, os.version: &apos;10.0&apos;, java.version: &apos;1.8.0_291&apos;
Driver info: driver.version: ChromeDriver
remote stacktrace: Backtrace:
	Ordinal0 [0x00D3C013+2474003]
	Ordinal0 [0x00CD29C1+2042305]
	Ordinal0 [0x00BE2F68+1060712]
	Ordinal0 [0x00BD5652+1005138]
	Ordinal0 [0x00BD4258+1000024]
	Ordinal0 [0x00BD3DA5+998821]
	Ordinal0 [0x00BDA9C5+1026501]
	Ordinal0 [0x00BD3D31+998705]
	Ordinal0 [0x00BD4FAF+1003439]
	Ordinal0 [0x00BD4258+1000024]
	Ordinal0 [0x00BD3DA5+998821]
	Ordinal0 [0x00BD9DBC+1023420]
	Ordinal0 [0x00BD3D31+998705]
	Ordinal0 [0x00BD4FAF+1003439]
	Ordinal0 [0x00BD4258+1000024]
	Ordinal0 [0x00BD3DA5+998821]
	Ordinal0 [0x00BCFA5D+981597]
	Ordinal0 [0x00BD3D31+998705]
	Ordinal0 [0x00BD3A85+998021]
	Ordinal0 [0x00BD3829+997417]
	Ordinal0 [0x00BE4090+1065104]
	Ordinal0 [0x00C2B798+1357720]
	Ordinal0 [0x00C28FAA+1347498]
	Ordinal0 [0x00C266DB+1337051]
	Ordinal0 [0x00C03427+1192999]
	Ordinal0 [0x00C042EE+1196782]
	Ordinal0 [0x00C04279+1196665]
	GetHandleVerifier [0x00EC96FC+1590332]
	GetHandleVerifier [0x00F78614+2306900]
	GetHandleVerifier [0x00DC9E93+543699]
	GetHandleVerifier [0x00DC92CE+540686]
	Ordinal0 [0x00CD86BA+2066106]
	Ordinal0 [0x00CDD1C8+2085320]
	Ordinal0 [0x00CDD308+2085640]
	Ordinal0 [0x00CE67F3+2123763]
	BaseThreadInitThunk [0x75CBFA29+25]
	RtlGetAppContainerNamedObjectPath [0x76EE7A4E+286]
	RtlGetAppContainerNamedObjectPath [0x76EE7A1E+238]

	at org.openqa.selenium.remote.W3CHandshakeResponse.lambda$errorHandler$0(W3CHandshakeResponse.java:62)
	at org.openqa.selenium.remote.HandshakeResponse.lambda$getResponseFunction$0(HandshakeResponse.java:30)
	at org.openqa.selenium.remote.ProtocolHandshake.lambda$createSession$0(ProtocolHandshake.java:126)
	at java.util.stream.ReferencePipeline$3$1.accept(Unknown Source)
	at java.util.Spliterators$ArraySpliterator.tryAdvance(Unknown Source)
	at java.util.stream.ReferencePipeline.forEachWithCancel(Unknown Source)
	at java.util.stream.AbstractPipeline.copyIntoWithCancel(Unknown Source)
	at java.util.stream.AbstractPipeline.copyInto(Unknown Source)
	at java.util.stream.AbstractPipeline.wrapAndCopyInto(Unknown Source)
	at java.util.stream.FindOps$FindOp.evaluateSequential(Unknown Source)
	at java.util.stream.AbstractPipeline.evaluate(Unknown Source)
	at java.util.stream.ReferencePipeline.findFirst(Unknown Source)
	at org.openqa.selenium.remote.ProtocolHandshake.createSession(ProtocolHandshake.java:128)
	at org.openqa.selenium.remote.ProtocolHandshake.createSession(ProtocolHandshake.java:74)
	at org.openqa.selenium.remote.HttpCommandExecutor.execute(HttpCommandExecutor.java:136)
	at org.openqa.selenium.remote.service.DriverCommandExecutor.execute(DriverCommandExecutor.java:83)
	at org.openqa.selenium.remote.RemoteWebDriver.execute(RemoteWebDriver.java:552)
	at org.openqa.selenium.remote.RemoteWebDriver.startSession(RemoteWebDriver.java:213)
	at org.openqa.selenium.remote.RemoteWebDriver.&lt;init&gt;(RemoteWebDriver.java:131)
	at org.openqa.selenium.chrome.ChromeDriver.&lt;init&gt;(ChromeDriver.java:181)
	at org.openqa.selenium.chrome.ChromeDriver.&lt;init&gt;(ChromeDriver.java:168)
	at org.openqa.selenium.chrome.ChromeDriver.&lt;init&gt;(ChromeDriver.java:157)
	at com.qa.spinent.base.BasePage.init_driver(BasePage.java:43)
	at com.qa.spinent.testpages.LoginPageTest.setUp(LoginPageTest.java:36)
... Removed 38 stack frames</div></td></tr></table><p class="totop"><a href="#summary">back to summary</a></p>
<h3 id="m12">com.qa.spinent.testpages.HomePageTest#determineProblemsButtonTest</h3><table class="result"><tr><th>Exception</th></tr><tr><td><div class="stacktrace">org.openqa.selenium.SessionNotCreatedException: session not created
from timeout: Timed out receiving message from renderer: 600.000
  (Session info: chrome=90.0.4430.93)
Build info: version: &apos;3.141.59&apos;, revision: &apos;e82be7d358&apos;, time: &apos;2018-11-14T08:17:03&apos;
System info: host: &apos;DESKTOP-35PKLNE&apos;, ip: &apos;192.168.0.45&apos;, os.name: &apos;Windows 10&apos;, os.arch: &apos;amd64&apos;, os.version: &apos;10.0&apos;, java.version: &apos;1.8.0_291&apos;
Driver info: driver.version: ChromeDriver
remote stacktrace: Backtrace:
	Ordinal0 [0x00D3C013+2474003]
	Ordinal0 [0x00CD29C1+2042305]
	Ordinal0 [0x00BE2F68+1060712]
	Ordinal0 [0x00BD5652+1005138]
	Ordinal0 [0x00BD4258+1000024]
	Ordinal0 [0x00BD3DA5+998821]
	Ordinal0 [0x00BDA9C5+1026501]
	Ordinal0 [0x00BD3D31+998705]
	Ordinal0 [0x00BD4FAF+1003439]
	Ordinal0 [0x00BD4258+1000024]
	Ordinal0 [0x00BD3DA5+998821]
	Ordinal0 [0x00BD9DBC+1023420]
	Ordinal0 [0x00BD3D31+998705]
	Ordinal0 [0x00BD4FAF+1003439]
	Ordinal0 [0x00BD4258+1000024]
	Ordinal0 [0x00BD3DA5+998821]
	Ordinal0 [0x00BCFA5D+981597]
	Ordinal0 [0x00BD3D31+998705]
	Ordinal0 [0x00BD3A85+998021]
	Ordinal0 [0x00BD3829+997417]
	Ordinal0 [0x00BE4090+1065104]
	Ordinal0 [0x00C2B798+1357720]
	Ordinal0 [0x00C28FAA+1347498]
	Ordinal0 [0x00C266DB+1337051]
	Ordinal0 [0x00C03427+1192999]
	Ordinal0 [0x00C042EE+1196782]
	Ordinal0 [0x00C04279+1196665]
	GetHandleVerifier [0x00EC96FC+1590332]
	GetHandleVerifier [0x00F78614+2306900]
	GetHandleVerifier [0x00DC9E93+543699]
	GetHandleVerifier [0x00DC92CE+540686]
	Ordinal0 [0x00CD86BA+2066106]
	Ordinal0 [0x00CDD1C8+2085320]
	Ordinal0 [0x00CDD308+2085640]
	Ordinal0 [0x00CE67F3+2123763]
	BaseThreadInitThunk [0x75CBFA29+25]
	RtlGetAppContainerNamedObjectPath [0x76EE7A4E+286]
	RtlGetAppContainerNamedObjectPath [0x76EE7A1E+238]

	at org.openqa.selenium.remote.W3CHandshakeResponse.lambda$errorHandler$0(W3CHandshakeResponse.java:62)
	at org.openqa.selenium.remote.HandshakeResponse.lambda$getResponseFunction$0(HandshakeResponse.java:30)
	at org.openqa.selenium.remote.ProtocolHandshake.lambda$createSession$0(ProtocolHandshake.java:126)
	at java.util.stream.ReferencePipeline$3$1.accept(Unknown Source)
	at java.util.Spliterators$ArraySpliterator.tryAdvance(Unknown Source)
	at java.util.stream.ReferencePipeline.forEachWithCancel(Unknown Source)
	at java.util.stream.AbstractPipeline.copyIntoWithCancel(Unknown Source)
	at java.util.stream.AbstractPipeline.copyInto(Unknown Source)
	at java.util.stream.AbstractPipeline.wrapAndCopyInto(Unknown Source)
	at java.util.stream.FindOps$FindOp.evaluateSequential(Unknown Source)
	at java.util.stream.AbstractPipeline.evaluate(Unknown Source)
	at java.util.stream.ReferencePipeline.findFirst(Unknown Source)
	at org.openqa.selenium.remote.ProtocolHandshake.createSession(ProtocolHandshake.java:128)
	at org.openqa.selenium.remote.ProtocolHandshake.createSession(ProtocolHandshake.java:74)
	at org.openqa.selenium.remote.HttpCommandExecutor.execute(HttpCommandExecutor.java:136)
	at org.openqa.selenium.remote.service.DriverCommandExecutor.execute(DriverCommandExecutor.java:83)
	at org.openqa.selenium.remote.RemoteWebDriver.execute(RemoteWebDriver.java:552)
	at org.openqa.selenium.remote.RemoteWebDriver.startSession(RemoteWebDriver.java:213)
	at org.openqa.selenium.remote.RemoteWebDriver.&lt;init&gt;(RemoteWebDriver.java:131)
	at org.openqa.selenium.chrome.ChromeDriver.&lt;init&gt;(ChromeDriver.java:181)
	at org.openqa.selenium.chrome.ChromeDriver.&lt;init&gt;(ChromeDriver.java:168)
	at org.openqa.selenium.chrome.ChromeDriver.&lt;init&gt;(ChromeDriver.java:157)
	at com.qa.spinent.base.BasePage.init_driver(BasePage.java:43)
	at com.qa.spinent.testpages.LoginPageTest.setUp(LoginPageTest.java:36)
... Removed 38 stack frames</div></td></tr></table><p class="totop"><a href="#summary">back to summary</a></p>
<h3 id="m13">com.qa.spinent.testpages.HomePageTest#generateIdeasButtonTest</h3><table class="result"><tr><th>Exception</th></tr><tr><td><div class="stacktrace">org.openqa.selenium.SessionNotCreatedException: session not created
from timeout: Timed out receiving message from renderer: 600.000
  (Session info: chrome=90.0.4430.93)
Build info: version: &apos;3.141.59&apos;, revision: &apos;e82be7d358&apos;, time: &apos;2018-11-14T08:17:03&apos;
System info: host: &apos;DESKTOP-35PKLNE&apos;, ip: &apos;192.168.0.45&apos;, os.name: &apos;Windows 10&apos;, os.arch: &apos;amd64&apos;, os.version: &apos;10.0&apos;, java.version: &apos;1.8.0_291&apos;
Driver info: driver.version: ChromeDriver
remote stacktrace: Backtrace:
	Ordinal0 [0x00D3C013+2474003]
	Ordinal0 [0x00CD29C1+2042305]
	Ordinal0 [0x00BE2F68+1060712]
	Ordinal0 [0x00BD5652+1005138]
	Ordinal0 [0x00BD4258+1000024]
	Ordinal0 [0x00BD3DA5+998821]
	Ordinal0 [0x00BDA9C5+1026501]
	Ordinal0 [0x00BD3D31+998705]
	Ordinal0 [0x00BD4FAF+1003439]
	Ordinal0 [0x00BD4258+1000024]
	Ordinal0 [0x00BD3DA5+998821]
	Ordinal0 [0x00BD9DBC+1023420]
	Ordinal0 [0x00BD3D31+998705]
	Ordinal0 [0x00BD4FAF+1003439]
	Ordinal0 [0x00BD4258+1000024]
	Ordinal0 [0x00BD3DA5+998821]
	Ordinal0 [0x00BCFA5D+981597]
	Ordinal0 [0x00BD3D31+998705]
	Ordinal0 [0x00BD3A85+998021]
	Ordinal0 [0x00BD3829+997417]
	Ordinal0 [0x00BE4090+1065104]
	Ordinal0 [0x00C2B798+1357720]
	Ordinal0 [0x00C28FAA+1347498]
	Ordinal0 [0x00C266DB+1337051]
	Ordinal0 [0x00C03427+1192999]
	Ordinal0 [0x00C042EE+1196782]
	Ordinal0 [0x00C04279+1196665]
	GetHandleVerifier [0x00EC96FC+1590332]
	GetHandleVerifier [0x00F78614+2306900]
	GetHandleVerifier [0x00DC9E93+543699]
	GetHandleVerifier [0x00DC92CE+540686]
	Ordinal0 [0x00CD86BA+2066106]
	Ordinal0 [0x00CDD1C8+2085320]
	Ordinal0 [0x00CDD308+2085640]
	Ordinal0 [0x00CE67F3+2123763]
	BaseThreadInitThunk [0x75CBFA29+25]
	RtlGetAppContainerNamedObjectPath [0x76EE7A4E+286]
	RtlGetAppContainerNamedObjectPath [0x76EE7A1E+238]

	at org.openqa.selenium.remote.W3CHandshakeResponse.lambda$errorHandler$0(W3CHandshakeResponse.java:62)
	at org.openqa.selenium.remote.HandshakeResponse.lambda$getResponseFunction$0(HandshakeResponse.java:30)
	at org.openqa.selenium.remote.ProtocolHandshake.lambda$createSession$0(ProtocolHandshake.java:126)
	at java.util.stream.ReferencePipeline$3$1.accept(Unknown Source)
	at java.util.Spliterators$ArraySpliterator.tryAdvance(Unknown Source)
	at java.util.stream.ReferencePipeline.forEachWithCancel(Unknown Source)
	at java.util.stream.AbstractPipeline.copyIntoWithCancel(Unknown Source)
	at java.util.stream.AbstractPipeline.copyInto(Unknown Source)
	at java.util.stream.AbstractPipeline.wrapAndCopyInto(Unknown Source)
	at java.util.stream.FindOps$FindOp.evaluateSequential(Unknown Source)
	at java.util.stream.AbstractPipeline.evaluate(Unknown Source)
	at java.util.stream.ReferencePipeline.findFirst(Unknown Source)
	at org.openqa.selenium.remote.ProtocolHandshake.createSession(ProtocolHandshake.java:128)
	at org.openqa.selenium.remote.ProtocolHandshake.createSession(ProtocolHandshake.java:74)
	at org.openqa.selenium.remote.HttpCommandExecutor.execute(HttpCommandExecutor.java:136)
	at org.openqa.selenium.remote.service.DriverCommandExecutor.execute(DriverCommandExecutor.java:83)
	at org.openqa.selenium.remote.RemoteWebDriver.execute(RemoteWebDriver.java:552)
	at org.openqa.selenium.remote.RemoteWebDriver.startSession(RemoteWebDriver.java:213)
	at org.openqa.selenium.remote.RemoteWebDriver.&lt;init&gt;(RemoteWebDriver.java:131)
	at org.openqa.selenium.chrome.ChromeDriver.&lt;init&gt;(ChromeDriver.java:181)
	at org.openqa.selenium.chrome.ChromeDriver.&lt;init&gt;(ChromeDriver.java:168)
	at org.openqa.selenium.chrome.ChromeDriver.&lt;init&gt;(ChromeDriver.java:157)
	at com.qa.spinent.base.BasePage.init_driver(BasePage.java:43)
	at com.qa.spinent.testpages.LoginPageTest.setUp(LoginPageTest.java:36)
... Removed 38 stack frames</div></td></tr></table><p class="totop"><a href="#summary">back to summary</a></p>
<h3 id="m14">com.qa.spinent.testpages.HomePageTest#givePresentationButtonTest</h3><table class="result"><tr><th>Exception</th></tr><tr><td><div class="stacktrace">org.openqa.selenium.SessionNotCreatedException: session not created
from timeout: Timed out receiving message from renderer: 600.000
  (Session info: chrome=90.0.4430.93)
Build info: version: &apos;3.141.59&apos;, revision: &apos;e82be7d358&apos;, time: &apos;2018-11-14T08:17:03&apos;
System info: host: &apos;DESKTOP-35PKLNE&apos;, ip: &apos;192.168.0.45&apos;, os.name: &apos;Windows 10&apos;, os.arch: &apos;amd64&apos;, os.version: &apos;10.0&apos;, java.version: &apos;1.8.0_291&apos;
Driver info: driver.version: ChromeDriver
remote stacktrace: Backtrace:
	Ordinal0 [0x00D3C013+2474003]
	Ordinal0 [0x00CD29C1+2042305]
	Ordinal0 [0x00BE2F68+1060712]
	Ordinal0 [0x00BD5652+1005138]
	Ordinal0 [0x00BD4258+1000024]
	Ordinal0 [0x00BD3DA5+998821]
	Ordinal0 [0x00BDA9C5+1026501]
	Ordinal0 [0x00BD3D31+998705]
	Ordinal0 [0x00BD4FAF+1003439]
	Ordinal0 [0x00BD4258+1000024]
	Ordinal0 [0x00BD3DA5+998821]
	Ordinal0 [0x00BD9DBC+1023420]
	Ordinal0 [0x00BD3D31+998705]
	Ordinal0 [0x00BD4FAF+1003439]
	Ordinal0 [0x00BD4258+1000024]
	Ordinal0 [0x00BD3DA5+998821]
	Ordinal0 [0x00BCFA5D+981597]
	Ordinal0 [0x00BD3D31+998705]
	Ordinal0 [0x00BD3A85+998021]
	Ordinal0 [0x00BD3829+997417]
	Ordinal0 [0x00BE4090+1065104]
	Ordinal0 [0x00C2B798+1357720]
	Ordinal0 [0x00C28FAA+1347498]
	Ordinal0 [0x00C266DB+1337051]
	Ordinal0 [0x00C03427+1192999]
	Ordinal0 [0x00C042EE+1196782]
	Ordinal0 [0x00C04279+1196665]
	GetHandleVerifier [0x00EC96FC+1590332]
	GetHandleVerifier [0x00F78614+2306900]
	GetHandleVerifier [0x00DC9E93+543699]
	GetHandleVerifier [0x00DC92CE+540686]
	Ordinal0 [0x00CD86BA+2066106]
	Ordinal0 [0x00CDD1C8+2085320]
	Ordinal0 [0x00CDD308+2085640]
	Ordinal0 [0x00CE67F3+2123763]
	BaseThreadInitThunk [0x75CBFA29+25]
	RtlGetAppContainerNamedObjectPath [0x76EE7A4E+286]
	RtlGetAppContainerNamedObjectPath [0x76EE7A1E+238]

	at org.openqa.selenium.remote.W3CHandshakeResponse.lambda$errorHandler$0(W3CHandshakeResponse.java:62)
	at org.openqa.selenium.remote.HandshakeResponse.lambda$getResponseFunction$0(HandshakeResponse.java:30)
	at org.openqa.selenium.remote.ProtocolHandshake.lambda$createSession$0(ProtocolHandshake.java:126)
	at java.util.stream.ReferencePipeline$3$1.accept(Unknown Source)
	at java.util.Spliterators$ArraySpliterator.tryAdvance(Unknown Source)
	at java.util.stream.ReferencePipeline.forEachWithCancel(Unknown Source)
	at java.util.stream.AbstractPipeline.copyIntoWithCancel(Unknown Source)
	at java.util.stream.AbstractPipeline.copyInto(Unknown Source)
	at java.util.stream.AbstractPipeline.wrapAndCopyInto(Unknown Source)
	at java.util.stream.FindOps$FindOp.evaluateSequential(Unknown Source)
	at java.util.stream.AbstractPipeline.evaluate(Unknown Source)
	at java.util.stream.ReferencePipeline.findFirst(Unknown Source)
	at org.openqa.selenium.remote.ProtocolHandshake.createSession(ProtocolHandshake.java:128)
	at org.openqa.selenium.remote.ProtocolHandshake.createSession(ProtocolHandshake.java:74)
	at org.openqa.selenium.remote.HttpCommandExecutor.execute(HttpCommandExecutor.java:136)
	at org.openqa.selenium.remote.service.DriverCommandExecutor.execute(DriverCommandExecutor.java:83)
	at org.openqa.selenium.remote.RemoteWebDriver.execute(RemoteWebDriver.java:552)
	at org.openqa.selenium.remote.RemoteWebDriver.startSession(RemoteWebDriver.java:213)
	at org.openqa.selenium.remote.RemoteWebDriver.&lt;init&gt;(RemoteWebDriver.java:131)
	at org.openqa.selenium.chrome.ChromeDriver.&lt;init&gt;(ChromeDriver.java:181)
	at org.openqa.selenium.chrome.ChromeDriver.&lt;init&gt;(ChromeDriver.java:168)
	at org.openqa.selenium.chrome.ChromeDriver.&lt;init&gt;(ChromeDriver.java:157)
	at com.qa.spinent.base.BasePage.init_driver(BasePage.java:43)
	at com.qa.spinent.testpages.LoginPageTest.setUp(LoginPageTest.java:36)
... Removed 38 stack frames</div></td></tr></table><p class="totop"><a href="#summary">back to summary</a></p>
<h3 id="m15">com.qa.spinent.testpages.HomePageTest#introToSportsTechButtonTest</h3><table class="result"><tr><th>Exception</th></tr><tr><td><div class="stacktrace">org.openqa.selenium.SessionNotCreatedException: session not created
from timeout: Timed out receiving message from renderer: 600.000
  (Session info: chrome=90.0.4430.93)
Build info: version: &apos;3.141.59&apos;, revision: &apos;e82be7d358&apos;, time: &apos;2018-11-14T08:17:03&apos;
System info: host: &apos;DESKTOP-35PKLNE&apos;, ip: &apos;192.168.0.45&apos;, os.name: &apos;Windows 10&apos;, os.arch: &apos;amd64&apos;, os.version: &apos;10.0&apos;, java.version: &apos;1.8.0_291&apos;
Driver info: driver.version: ChromeDriver
remote stacktrace: Backtrace:
	Ordinal0 [0x00D3C013+2474003]
	Ordinal0 [0x00CD29C1+2042305]
	Ordinal0 [0x00BE2F68+1060712]
	Ordinal0 [0x00BD5652+1005138]
	Ordinal0 [0x00BD4258+1000024]
	Ordinal0 [0x00BD3DA5+998821]
	Ordinal0 [0x00BDA9C5+1026501]
	Ordinal0 [0x00BD3D31+998705]
	Ordinal0 [0x00BD4FAF+1003439]
	Ordinal0 [0x00BD4258+1000024]
	Ordinal0 [0x00BD3DA5+998821]
	Ordinal0 [0x00BD9DBC+1023420]
	Ordinal0 [0x00BD3D31+998705]
	Ordinal0 [0x00BD4FAF+1003439]
	Ordinal0 [0x00BD4258+1000024]
	Ordinal0 [0x00BD3DA5+998821]
	Ordinal0 [0x00BCFA5D+981597]
	Ordinal0 [0x00BD3D31+998705]
	Ordinal0 [0x00BD3A85+998021]
	Ordinal0 [0x00BD3829+997417]
	Ordinal0 [0x00BE4090+1065104]
	Ordinal0 [0x00C2B798+1357720]
	Ordinal0 [0x00C28FAA+1347498]
	Ordinal0 [0x00C266DB+1337051]
	Ordinal0 [0x00C03427+1192999]
	Ordinal0 [0x00C042EE+1196782]
	Ordinal0 [0x00C04279+1196665]
	GetHandleVerifier [0x00EC96FC+1590332]
	GetHandleVerifier [0x00F78614+2306900]
	GetHandleVerifier [0x00DC9E93+543699]
	GetHandleVerifier [0x00DC92CE+540686]
	Ordinal0 [0x00CD86BA+2066106]
	Ordinal0 [0x00CDD1C8+2085320]
	Ordinal0 [0x00CDD308+2085640]
	Ordinal0 [0x00CE67F3+2123763]
	BaseThreadInitThunk [0x75CBFA29+25]
	RtlGetAppContainerNamedObjectPath [0x76EE7A4E+286]
	RtlGetAppContainerNamedObjectPath [0x76EE7A1E+238]

	at org.openqa.selenium.remote.W3CHandshakeResponse.lambda$errorHandler$0(W3CHandshakeResponse.java:62)
	at org.openqa.selenium.remote.HandshakeResponse.lambda$getResponseFunction$0(HandshakeResponse.java:30)
	at org.openqa.selenium.remote.ProtocolHandshake.lambda$createSession$0(ProtocolHandshake.java:126)
	at java.util.stream.ReferencePipeline$3$1.accept(Unknown Source)
	at java.util.Spliterators$ArraySpliterator.tryAdvance(Unknown Source)
	at java.util.stream.ReferencePipeline.forEachWithCancel(Unknown Source)
	at java.util.stream.AbstractPipeline.copyIntoWithCancel(Unknown Source)
	at java.util.stream.AbstractPipeline.copyInto(Unknown Source)
	at java.util.stream.AbstractPipeline.wrapAndCopyInto(Unknown Source)
	at java.util.stream.FindOps$FindOp.evaluateSequential(Unknown Source)
	at java.util.stream.AbstractPipeline.evaluate(Unknown Source)
	at java.util.stream.ReferencePipeline.findFirst(Unknown Source)
	at org.openqa.selenium.remote.ProtocolHandshake.createSession(ProtocolHandshake.java:128)
	at org.openqa.selenium.remote.ProtocolHandshake.createSession(ProtocolHandshake.java:74)
	at org.openqa.selenium.remote.HttpCommandExecutor.execute(HttpCommandExecutor.java:136)
	at org.openqa.selenium.remote.service.DriverCommandExecutor.execute(DriverCommandExecutor.java:83)
	at org.openqa.selenium.remote.RemoteWebDriver.execute(RemoteWebDriver.java:552)
	at org.openqa.selenium.remote.RemoteWebDriver.startSession(RemoteWebDriver.java:213)
	at org.openqa.selenium.remote.RemoteWebDriver.&lt;init&gt;(RemoteWebDriver.java:131)
	at org.openqa.selenium.chrome.ChromeDriver.&lt;init&gt;(ChromeDriver.java:181)
	at org.openqa.selenium.chrome.ChromeDriver.&lt;init&gt;(ChromeDriver.java:168)
	at org.openqa.selenium.chrome.ChromeDriver.&lt;init&gt;(ChromeDriver.java:157)
	at com.qa.spinent.base.BasePage.init_driver(BasePage.java:43)
	at com.qa.spinent.testpages.LoginPageTest.setUp(LoginPageTest.java:36)
... Removed 38 stack frames</div></td></tr></table><p class="totop"><a href="#summary">back to summary</a></p>
<h3 id="m16">com.qa.spinent.testpages.HomePageTest#knowYourselfButtonTest</h3><table class="result"><tr><th>Exception</th></tr><tr><td><div class="stacktrace">org.openqa.selenium.SessionNotCreatedException: session not created
from timeout: Timed out receiving message from renderer: 600.000
  (Session info: chrome=90.0.4430.93)
Build info: version: &apos;3.141.59&apos;, revision: &apos;e82be7d358&apos;, time: &apos;2018-11-14T08:17:03&apos;
System info: host: &apos;DESKTOP-35PKLNE&apos;, ip: &apos;192.168.0.45&apos;, os.name: &apos;Windows 10&apos;, os.arch: &apos;amd64&apos;, os.version: &apos;10.0&apos;, java.version: &apos;1.8.0_291&apos;
Driver info: driver.version: ChromeDriver
remote stacktrace: Backtrace:
	Ordinal0 [0x00D3C013+2474003]
	Ordinal0 [0x00CD29C1+2042305]
	Ordinal0 [0x00BE2F68+1060712]
	Ordinal0 [0x00BD5652+1005138]
	Ordinal0 [0x00BD4258+1000024]
	Ordinal0 [0x00BD3DA5+998821]
	Ordinal0 [0x00BDA9C5+1026501]
	Ordinal0 [0x00BD3D31+998705]
	Ordinal0 [0x00BD4FAF+1003439]
	Ordinal0 [0x00BD4258+1000024]
	Ordinal0 [0x00BD3DA5+998821]
	Ordinal0 [0x00BD9DBC+1023420]
	Ordinal0 [0x00BD3D31+998705]
	Ordinal0 [0x00BD4FAF+1003439]
	Ordinal0 [0x00BD4258+1000024]
	Ordinal0 [0x00BD3DA5+998821]
	Ordinal0 [0x00BCFA5D+981597]
	Ordinal0 [0x00BD3D31+998705]
	Ordinal0 [0x00BD3A85+998021]
	Ordinal0 [0x00BD3829+997417]
	Ordinal0 [0x00BE4090+1065104]
	Ordinal0 [0x00C2B798+1357720]
	Ordinal0 [0x00C28FAA+1347498]
	Ordinal0 [0x00C266DB+1337051]
	Ordinal0 [0x00C03427+1192999]
	Ordinal0 [0x00C042EE+1196782]
	Ordinal0 [0x00C04279+1196665]
	GetHandleVerifier [0x00EC96FC+1590332]
	GetHandleVerifier [0x00F78614+2306900]
	GetHandleVerifier [0x00DC9E93+543699]
	GetHandleVerifier [0x00DC92CE+540686]
	Ordinal0 [0x00CD86BA+2066106]
	Ordinal0 [0x00CDD1C8+2085320]
	Ordinal0 [0x00CDD308+2085640]
	Ordinal0 [0x00CE67F3+2123763]
	BaseThreadInitThunk [0x75CBFA29+25]
	RtlGetAppContainerNamedObjectPath [0x76EE7A4E+286]
	RtlGetAppContainerNamedObjectPath [0x76EE7A1E+238]

	at org.openqa.selenium.remote.W3CHandshakeResponse.lambda$errorHandler$0(W3CHandshakeResponse.java:62)
	at org.openqa.selenium.remote.HandshakeResponse.lambda$getResponseFunction$0(HandshakeResponse.java:30)
	at org.openqa.selenium.remote.ProtocolHandshake.lambda$createSession$0(ProtocolHandshake.java:126)
	at java.util.stream.ReferencePipeline$3$1.accept(Unknown Source)
	at java.util.Spliterators$ArraySpliterator.tryAdvance(Unknown Source)
	at java.util.stream.ReferencePipeline.forEachWithCancel(Unknown Source)
	at java.util.stream.AbstractPipeline.copyIntoWithCancel(Unknown Source)
	at java.util.stream.AbstractPipeline.copyInto(Unknown Source)
	at java.util.stream.AbstractPipeline.wrapAndCopyInto(Unknown Source)
	at java.util.stream.FindOps$FindOp.evaluateSequential(Unknown Source)
	at java.util.stream.AbstractPipeline.evaluate(Unknown Source)
	at java.util.stream.ReferencePipeline.findFirst(Unknown Source)
	at org.openqa.selenium.remote.ProtocolHandshake.createSession(ProtocolHandshake.java:128)
	at org.openqa.selenium.remote.ProtocolHandshake.createSession(ProtocolHandshake.java:74)
	at org.openqa.selenium.remote.HttpCommandExecutor.execute(HttpCommandExecutor.java:136)
	at org.openqa.selenium.remote.service.DriverCommandExecutor.execute(DriverCommandExecutor.java:83)
	at org.openqa.selenium.remote.RemoteWebDriver.execute(RemoteWebDriver.java:552)
	at org.openqa.selenium.remote.RemoteWebDriver.startSession(RemoteWebDriver.java:213)
	at org.openqa.selenium.remote.RemoteWebDriver.&lt;init&gt;(RemoteWebDriver.java:131)
	at org.openqa.selenium.chrome.ChromeDriver.&lt;init&gt;(ChromeDriver.java:181)
	at org.openqa.selenium.chrome.ChromeDriver.&lt;init&gt;(ChromeDriver.java:168)
	at org.openqa.selenium.chrome.ChromeDriver.&lt;init&gt;(ChromeDriver.java:157)
	at com.qa.spinent.base.BasePage.init_driver(BasePage.java:43)
	at com.qa.spinent.testpages.LoginPageTest.setUp(LoginPageTest.java:36)
... Removed 38 stack frames</div></td></tr></table><p class="totop"><a href="#summary">back to summary</a></p>
<h3 id="m17">com.qa.spinent.testpages.HomePageTest#languageButtonTest</h3><table class="result"><tr><th>Exception</th></tr><tr><td><div class="stacktrace">org.openqa.selenium.SessionNotCreatedException: session not created
from timeout: Timed out receiving message from renderer: 600.000
  (Session info: chrome=90.0.4430.93)
Build info: version: &apos;3.141.59&apos;, revision: &apos;e82be7d358&apos;, time: &apos;2018-11-14T08:17:03&apos;
System info: host: &apos;DESKTOP-35PKLNE&apos;, ip: &apos;192.168.0.45&apos;, os.name: &apos;Windows 10&apos;, os.arch: &apos;amd64&apos;, os.version: &apos;10.0&apos;, java.version: &apos;1.8.0_291&apos;
Driver info: driver.version: ChromeDriver
remote stacktrace: Backtrace:
	Ordinal0 [0x00D3C013+2474003]
	Ordinal0 [0x00CD29C1+2042305]
	Ordinal0 [0x00BE2F68+1060712]
	Ordinal0 [0x00BD5652+1005138]
	Ordinal0 [0x00BD4258+1000024]
	Ordinal0 [0x00BD3DA5+998821]
	Ordinal0 [0x00BDA9C5+1026501]
	Ordinal0 [0x00BD3D31+998705]
	Ordinal0 [0x00BD4FAF+1003439]
	Ordinal0 [0x00BD4258+1000024]
	Ordinal0 [0x00BD3DA5+998821]
	Ordinal0 [0x00BD9DBC+1023420]
	Ordinal0 [0x00BD3D31+998705]
	Ordinal0 [0x00BD4FAF+1003439]
	Ordinal0 [0x00BD4258+1000024]
	Ordinal0 [0x00BD3DA5+998821]
	Ordinal0 [0x00BCFA5D+981597]
	Ordinal0 [0x00BD3D31+998705]
	Ordinal0 [0x00BD3A85+998021]
	Ordinal0 [0x00BD3829+997417]
	Ordinal0 [0x00BE4090+1065104]
	Ordinal0 [0x00C2B798+1357720]
	Ordinal0 [0x00C28FAA+1347498]
	Ordinal0 [0x00C266DB+1337051]
	Ordinal0 [0x00C03427+1192999]
	Ordinal0 [0x00C042EE+1196782]
	Ordinal0 [0x00C04279+1196665]
	GetHandleVerifier [0x00EC96FC+1590332]
	GetHandleVerifier [0x00F78614+2306900]
	GetHandleVerifier [0x00DC9E93+543699]
	GetHandleVerifier [0x00DC92CE+540686]
	Ordinal0 [0x00CD86BA+2066106]
	Ordinal0 [0x00CDD1C8+2085320]
	Ordinal0 [0x00CDD308+2085640]
	Ordinal0 [0x00CE67F3+2123763]
	BaseThreadInitThunk [0x75CBFA29+25]
	RtlGetAppContainerNamedObjectPath [0x76EE7A4E+286]
	RtlGetAppContainerNamedObjectPath [0x76EE7A1E+238]

	at org.openqa.selenium.remote.W3CHandshakeResponse.lambda$errorHandler$0(W3CHandshakeResponse.java:62)
	at org.openqa.selenium.remote.HandshakeResponse.lambda$getResponseFunction$0(HandshakeResponse.java:30)
	at org.openqa.selenium.remote.ProtocolHandshake.lambda$createSession$0(ProtocolHandshake.java:126)
	at java.util.stream.ReferencePipeline$3$1.accept(Unknown Source)
	at java.util.Spliterators$ArraySpliterator.tryAdvance(Unknown Source)
	at java.util.stream.ReferencePipeline.forEachWithCancel(Unknown Source)
	at java.util.stream.AbstractPipeline.copyIntoWithCancel(Unknown Source)
	at java.util.stream.AbstractPipeline.copyInto(Unknown Source)
	at java.util.stream.AbstractPipeline.wrapAndCopyInto(Unknown Source)
	at java.util.stream.FindOps$FindOp.evaluateSequential(Unknown Source)
	at java.util.stream.AbstractPipeline.evaluate(Unknown Source)
	at java.util.stream.ReferencePipeline.findFirst(Unknown Source)
	at org.openqa.selenium.remote.ProtocolHandshake.createSession(ProtocolHandshake.java:128)
	at org.openqa.selenium.remote.ProtocolHandshake.createSession(ProtocolHandshake.java:74)
	at org.openqa.selenium.remote.HttpCommandExecutor.execute(HttpCommandExecutor.java:136)
	at org.openqa.selenium.remote.service.DriverCommandExecutor.execute(DriverCommandExecutor.java:83)
	at org.openqa.selenium.remote.RemoteWebDriver.execute(RemoteWebDriver.java:552)
	at org.openqa.selenium.remote.RemoteWebDriver.startSession(RemoteWebDriver.java:213)
	at org.openqa.selenium.remote.RemoteWebDriver.&lt;init&gt;(RemoteWebDriver.java:131)
	at org.openqa.selenium.chrome.ChromeDriver.&lt;init&gt;(ChromeDriver.java:181)
	at org.openqa.selenium.chrome.ChromeDriver.&lt;init&gt;(ChromeDriver.java:168)
	at org.openqa.selenium.chrome.ChromeDriver.&lt;init&gt;(ChromeDriver.java:157)
	at com.qa.spinent.base.BasePage.init_driver(BasePage.java:43)
	at com.qa.spinent.testpages.LoginPageTest.setUp(LoginPageTest.java:36)
... Removed 38 stack frames</div></td></tr></table><p class="totop"><a href="#summary">back to summary</a></p>
<h3 id="m18">com.qa.spinent.testpages.HomePageTest#preapareMVPButtonTest</h3><table class="result"><tr><th>Exception</th></tr><tr><td><div class="stacktrace">org.openqa.selenium.SessionNotCreatedException: session not created
from timeout: Timed out receiving message from renderer: 600.000
  (Session info: chrome=90.0.4430.93)
Build info: version: &apos;3.141.59&apos;, revision: &apos;e82be7d358&apos;, time: &apos;2018-11-14T08:17:03&apos;
System info: host: &apos;DESKTOP-35PKLNE&apos;, ip: &apos;192.168.0.45&apos;, os.name: &apos;Windows 10&apos;, os.arch: &apos;amd64&apos;, os.version: &apos;10.0&apos;, java.version: &apos;1.8.0_291&apos;
Driver info: driver.version: ChromeDriver
remote stacktrace: Backtrace:
	Ordinal0 [0x00D3C013+2474003]
	Ordinal0 [0x00CD29C1+2042305]
	Ordinal0 [0x00BE2F68+1060712]
	Ordinal0 [0x00BD5652+1005138]
	Ordinal0 [0x00BD4258+1000024]
	Ordinal0 [0x00BD3DA5+998821]
	Ordinal0 [0x00BDA9C5+1026501]
	Ordinal0 [0x00BD3D31+998705]
	Ordinal0 [0x00BD4FAF+1003439]
	Ordinal0 [0x00BD4258+1000024]
	Ordinal0 [0x00BD3DA5+998821]
	Ordinal0 [0x00BD9DBC+1023420]
	Ordinal0 [0x00BD3D31+998705]
	Ordinal0 [0x00BD4FAF+1003439]
	Ordinal0 [0x00BD4258+1000024]
	Ordinal0 [0x00BD3DA5+998821]
	Ordinal0 [0x00BCFA5D+981597]
	Ordinal0 [0x00BD3D31+998705]
	Ordinal0 [0x00BD3A85+998021]
	Ordinal0 [0x00BD3829+997417]
	Ordinal0 [0x00BE4090+1065104]
	Ordinal0 [0x00C2B798+1357720]
	Ordinal0 [0x00C28FAA+1347498]
	Ordinal0 [0x00C266DB+1337051]
	Ordinal0 [0x00C03427+1192999]
	Ordinal0 [0x00C042EE+1196782]
	Ordinal0 [0x00C04279+1196665]
	GetHandleVerifier [0x00EC96FC+1590332]
	GetHandleVerifier [0x00F78614+2306900]
	GetHandleVerifier [0x00DC9E93+543699]
	GetHandleVerifier [0x00DC92CE+540686]
	Ordinal0 [0x00CD86BA+2066106]
	Ordinal0 [0x00CDD1C8+2085320]
	Ordinal0 [0x00CDD308+2085640]
	Ordinal0 [0x00CE67F3+2123763]
	BaseThreadInitThunk [0x75CBFA29+25]
	RtlGetAppContainerNamedObjectPath [0x76EE7A4E+286]
	RtlGetAppContainerNamedObjectPath [0x76EE7A1E+238]

	at org.openqa.selenium.remote.W3CHandshakeResponse.lambda$errorHandler$0(W3CHandshakeResponse.java:62)
	at org.openqa.selenium.remote.HandshakeResponse.lambda$getResponseFunction$0(HandshakeResponse.java:30)
	at org.openqa.selenium.remote.ProtocolHandshake.lambda$createSession$0(ProtocolHandshake.java:126)
	at java.util.stream.ReferencePipeline$3$1.accept(Unknown Source)
	at java.util.Spliterators$ArraySpliterator.tryAdvance(Unknown Source)
	at java.util.stream.ReferencePipeline.forEachWithCancel(Unknown Source)
	at java.util.stream.AbstractPipeline.copyIntoWithCancel(Unknown Source)
	at java.util.stream.AbstractPipeline.copyInto(Unknown Source)
	at java.util.stream.AbstractPipeline.wrapAndCopyInto(Unknown Source)
	at java.util.stream.FindOps$FindOp.evaluateSequential(Unknown Source)
	at java.util.stream.AbstractPipeline.evaluate(Unknown Source)
	at java.util.stream.ReferencePipeline.findFirst(Unknown Source)
	at org.openqa.selenium.remote.ProtocolHandshake.createSession(ProtocolHandshake.java:128)
	at org.openqa.selenium.remote.ProtocolHandshake.createSession(ProtocolHandshake.java:74)
	at org.openqa.selenium.remote.HttpCommandExecutor.execute(HttpCommandExecutor.java:136)
	at org.openqa.selenium.remote.service.DriverCommandExecutor.execute(DriverCommandExecutor.java:83)
	at org.openqa.selenium.remote.RemoteWebDriver.execute(RemoteWebDriver.java:552)
	at org.openqa.selenium.remote.RemoteWebDriver.startSession(RemoteWebDriver.java:213)
	at org.openqa.selenium.remote.RemoteWebDriver.&lt;init&gt;(RemoteWebDriver.java:131)
	at org.openqa.selenium.chrome.ChromeDriver.&lt;init&gt;(ChromeDriver.java:181)
	at org.openqa.selenium.chrome.ChromeDriver.&lt;init&gt;(ChromeDriver.java:168)
	at org.openqa.selenium.chrome.ChromeDriver.&lt;init&gt;(ChromeDriver.java:157)
	at com.qa.spinent.base.BasePage.init_driver(BasePage.java:43)
	at com.qa.spinent.testpages.LoginPageTest.setUp(LoginPageTest.java:36)
... Removed 38 stack frames</div></td></tr></table><p class="totop"><a href="#summary">back to summary</a></p>
<h3 id="m19">com.qa.spinent.testpages.HomePageTest#printCertificateButtonTest</h3><table class="result"><tr><th>Exception</th></tr><tr><td><div class="stacktrace">org.openqa.selenium.SessionNotCreatedException: session not created
from timeout: Timed out receiving message from renderer: 600.000
  (Session info: chrome=90.0.4430.93)
Build info: version: &apos;3.141.59&apos;, revision: &apos;e82be7d358&apos;, time: &apos;2018-11-14T08:17:03&apos;
System info: host: &apos;DESKTOP-35PKLNE&apos;, ip: &apos;192.168.0.45&apos;, os.name: &apos;Windows 10&apos;, os.arch: &apos;amd64&apos;, os.version: &apos;10.0&apos;, java.version: &apos;1.8.0_291&apos;
Driver info: driver.version: ChromeDriver
remote stacktrace: Backtrace:
	Ordinal0 [0x00D3C013+2474003]
	Ordinal0 [0x00CD29C1+2042305]
	Ordinal0 [0x00BE2F68+1060712]
	Ordinal0 [0x00BD5652+1005138]
	Ordinal0 [0x00BD4258+1000024]
	Ordinal0 [0x00BD3DA5+998821]
	Ordinal0 [0x00BDA9C5+1026501]
	Ordinal0 [0x00BD3D31+998705]
	Ordinal0 [0x00BD4FAF+1003439]
	Ordinal0 [0x00BD4258+1000024]
	Ordinal0 [0x00BD3DA5+998821]
	Ordinal0 [0x00BD9DBC+1023420]
	Ordinal0 [0x00BD3D31+998705]
	Ordinal0 [0x00BD4FAF+1003439]
	Ordinal0 [0x00BD4258+1000024]
	Ordinal0 [0x00BD3DA5+998821]
	Ordinal0 [0x00BCFA5D+981597]
	Ordinal0 [0x00BD3D31+998705]
	Ordinal0 [0x00BD3A85+998021]
	Ordinal0 [0x00BD3829+997417]
	Ordinal0 [0x00BE4090+1065104]
	Ordinal0 [0x00C2B798+1357720]
	Ordinal0 [0x00C28FAA+1347498]
	Ordinal0 [0x00C266DB+1337051]
	Ordinal0 [0x00C03427+1192999]
	Ordinal0 [0x00C042EE+1196782]
	Ordinal0 [0x00C04279+1196665]
	GetHandleVerifier [0x00EC96FC+1590332]
	GetHandleVerifier [0x00F78614+2306900]
	GetHandleVerifier [0x00DC9E93+543699]
	GetHandleVerifier [0x00DC92CE+540686]
	Ordinal0 [0x00CD86BA+2066106]
	Ordinal0 [0x00CDD1C8+2085320]
	Ordinal0 [0x00CDD308+2085640]
	Ordinal0 [0x00CE67F3+2123763]
	BaseThreadInitThunk [0x75CBFA29+25]
	RtlGetAppContainerNamedObjectPath [0x76EE7A4E+286]
	RtlGetAppContainerNamedObjectPath [0x76EE7A1E+238]

	at org.openqa.selenium.remote.W3CHandshakeResponse.lambda$errorHandler$0(W3CHandshakeResponse.java:62)
	at org.openqa.selenium.remote.HandshakeResponse.lambda$getResponseFunction$0(HandshakeResponse.java:30)
	at org.openqa.selenium.remote.ProtocolHandshake.lambda$createSession$0(ProtocolHandshake.java:126)
	at java.util.stream.ReferencePipeline$3$1.accept(Unknown Source)
	at java.util.Spliterators$ArraySpliterator.tryAdvance(Unknown Source)
	at java.util.stream.ReferencePipeline.forEachWithCancel(Unknown Source)
	at java.util.stream.AbstractPipeline.copyIntoWithCancel(Unknown Source)
	at java.util.stream.AbstractPipeline.copyInto(Unknown Source)
	at java.util.stream.AbstractPipeline.wrapAndCopyInto(Unknown Source)
	at java.util.stream.FindOps$FindOp.evaluateSequential(Unknown Source)
	at java.util.stream.AbstractPipeline.evaluate(Unknown Source)
	at java.util.stream.ReferencePipeline.findFirst(Unknown Source)
	at org.openqa.selenium.remote.ProtocolHandshake.createSession(ProtocolHandshake.java:128)
	at org.openqa.selenium.remote.ProtocolHandshake.createSession(ProtocolHandshake.java:74)
	at org.openqa.selenium.remote.HttpCommandExecutor.execute(HttpCommandExecutor.java:136)
	at org.openqa.selenium.remote.service.DriverCommandExecutor.execute(DriverCommandExecutor.java:83)
	at org.openqa.selenium.remote.RemoteWebDriver.execute(RemoteWebDriver.java:552)
	at org.openqa.selenium.remote.RemoteWebDriver.startSession(RemoteWebDriver.java:213)
	at org.openqa.selenium.remote.RemoteWebDriver.&lt;init&gt;(RemoteWebDriver.java:131)
	at org.openqa.selenium.chrome.ChromeDriver.&lt;init&gt;(ChromeDriver.java:181)
	at org.openqa.selenium.chrome.ChromeDriver.&lt;init&gt;(ChromeDriver.java:168)
	at org.openqa.selenium.chrome.ChromeDriver.&lt;init&gt;(ChromeDriver.java:157)
	at com.qa.spinent.base.BasePage.init_driver(BasePage.java:43)
	at com.qa.spinent.testpages.LoginPageTest.setUp(LoginPageTest.java:36)
... Removed 38 stack frames</div></td></tr></table><p class="totop"><a href="#summary">back to summary</a></p>
<h3 id="m20">com.qa.spinent.testpages.HomePageTest#userAccountNamesButtonTest</h3><table class="result"><tr><th>Exception</th></tr><tr><td><div class="stacktrace">org.openqa.selenium.SessionNotCreatedException: session not created
from timeout: Timed out receiving message from renderer: 600.000
  (Session info: chrome=90.0.4430.93)
Build info: version: &apos;3.141.59&apos;, revision: &apos;e82be7d358&apos;, time: &apos;2018-11-14T08:17:03&apos;
System info: host: &apos;DESKTOP-35PKLNE&apos;, ip: &apos;192.168.0.45&apos;, os.name: &apos;Windows 10&apos;, os.arch: &apos;amd64&apos;, os.version: &apos;10.0&apos;, java.version: &apos;1.8.0_291&apos;
Driver info: driver.version: ChromeDriver
remote stacktrace: Backtrace:
	Ordinal0 [0x00D3C013+2474003]
	Ordinal0 [0x00CD29C1+2042305]
	Ordinal0 [0x00BE2F68+1060712]
	Ordinal0 [0x00BD5652+1005138]
	Ordinal0 [0x00BD4258+1000024]
	Ordinal0 [0x00BD3DA5+998821]
	Ordinal0 [0x00BDA9C5+1026501]
	Ordinal0 [0x00BD3D31+998705]
	Ordinal0 [0x00BD4FAF+1003439]
	Ordinal0 [0x00BD4258+1000024]
	Ordinal0 [0x00BD3DA5+998821]
	Ordinal0 [0x00BD9DBC+1023420]
	Ordinal0 [0x00BD3D31+998705]
	Ordinal0 [0x00BD4FAF+1003439]
	Ordinal0 [0x00BD4258+1000024]
	Ordinal0 [0x00BD3DA5+998821]
	Ordinal0 [0x00BCFA5D+981597]
	Ordinal0 [0x00BD3D31+998705]
	Ordinal0 [0x00BD3A85+998021]
	Ordinal0 [0x00BD3829+997417]
	Ordinal0 [0x00BE4090+1065104]
	Ordinal0 [0x00C2B798+1357720]
	Ordinal0 [0x00C28FAA+1347498]
	Ordinal0 [0x00C266DB+1337051]
	Ordinal0 [0x00C03427+1192999]
	Ordinal0 [0x00C042EE+1196782]
	Ordinal0 [0x00C04279+1196665]
	GetHandleVerifier [0x00EC96FC+1590332]
	GetHandleVerifier [0x00F78614+2306900]
	GetHandleVerifier [0x00DC9E93+543699]
	GetHandleVerifier [0x00DC92CE+540686]
	Ordinal0 [0x00CD86BA+2066106]
	Ordinal0 [0x00CDD1C8+2085320]
	Ordinal0 [0x00CDD308+2085640]
	Ordinal0 [0x00CE67F3+2123763]
	BaseThreadInitThunk [0x75CBFA29+25]
	RtlGetAppContainerNamedObjectPath [0x76EE7A4E+286]
	RtlGetAppContainerNamedObjectPath [0x76EE7A1E+238]

	at org.openqa.selenium.remote.W3CHandshakeResponse.lambda$errorHandler$0(W3CHandshakeResponse.java:62)
	at org.openqa.selenium.remote.HandshakeResponse.lambda$getResponseFunction$0(HandshakeResponse.java:30)
	at org.openqa.selenium.remote.ProtocolHandshake.lambda$createSession$0(ProtocolHandshake.java:126)
	at java.util.stream.ReferencePipeline$3$1.accept(Unknown Source)
	at java.util.Spliterators$ArraySpliterator.tryAdvance(Unknown Source)
	at java.util.stream.ReferencePipeline.forEachWithCancel(Unknown Source)
	at java.util.stream.AbstractPipeline.copyIntoWithCancel(Unknown Source)
	at java.util.stream.AbstractPipeline.copyInto(Unknown Source)
	at java.util.stream.AbstractPipeline.wrapAndCopyInto(Unknown Source)
	at java.util.stream.FindOps$FindOp.evaluateSequential(Unknown Source)
	at java.util.stream.AbstractPipeline.evaluate(Unknown Source)
	at java.util.stream.ReferencePipeline.findFirst(Unknown Source)
	at org.openqa.selenium.remote.ProtocolHandshake.createSession(ProtocolHandshake.java:128)
	at org.openqa.selenium.remote.ProtocolHandshake.createSession(ProtocolHandshake.java:74)
	at org.openqa.selenium.remote.HttpCommandExecutor.execute(HttpCommandExecutor.java:136)
	at org.openqa.selenium.remote.service.DriverCommandExecutor.execute(DriverCommandExecutor.java:83)
	at org.openqa.selenium.remote.RemoteWebDriver.execute(RemoteWebDriver.java:552)
	at org.openqa.selenium.remote.RemoteWebDriver.startSession(RemoteWebDriver.java:213)
	at org.openqa.selenium.remote.RemoteWebDriver.&lt;init&gt;(RemoteWebDriver.java:131)
	at org.openqa.selenium.chrome.ChromeDriver.&lt;init&gt;(ChromeDriver.java:181)
	at org.openqa.selenium.chrome.ChromeDriver.&lt;init&gt;(ChromeDriver.java:168)
	at org.openqa.selenium.chrome.ChromeDriver.&lt;init&gt;(ChromeDriver.java:157)
	at com.qa.spinent.base.BasePage.init_driver(BasePage.java:43)
	at com.qa.spinent.testpages.LoginPageTest.setUp(LoginPageTest.java:36)
... Removed 38 stack frames</div></td></tr></table><p class="totop"><a href="#summary">back to summary</a></p>
<h3 id="m21">com.qa.spinent.testpages.HomePageTest#verifyHomePageTitle</h3><table class="result"><tr><th>Exception</th></tr><tr><td><div class="stacktrace">org.openqa.selenium.SessionNotCreatedException: session not created
from timeout: Timed out receiving message from renderer: 600.000
  (Session info: chrome=90.0.4430.93)
Build info: version: &apos;3.141.59&apos;, revision: &apos;e82be7d358&apos;, time: &apos;2018-11-14T08:17:03&apos;
System info: host: &apos;DESKTOP-35PKLNE&apos;, ip: &apos;192.168.0.45&apos;, os.name: &apos;Windows 10&apos;, os.arch: &apos;amd64&apos;, os.version: &apos;10.0&apos;, java.version: &apos;1.8.0_291&apos;
Driver info: driver.version: ChromeDriver
remote stacktrace: Backtrace:
	Ordinal0 [0x00D3C013+2474003]
	Ordinal0 [0x00CD29C1+2042305]
	Ordinal0 [0x00BE2F68+1060712]
	Ordinal0 [0x00BD5652+1005138]
	Ordinal0 [0x00BD4258+1000024]
	Ordinal0 [0x00BD3DA5+998821]
	Ordinal0 [0x00BDA9C5+1026501]
	Ordinal0 [0x00BD3D31+998705]
	Ordinal0 [0x00BD4FAF+1003439]
	Ordinal0 [0x00BD4258+1000024]
	Ordinal0 [0x00BD3DA5+998821]
	Ordinal0 [0x00BD9DBC+1023420]
	Ordinal0 [0x00BD3D31+998705]
	Ordinal0 [0x00BD4FAF+1003439]
	Ordinal0 [0x00BD4258+1000024]
	Ordinal0 [0x00BD3DA5+998821]
	Ordinal0 [0x00BCFA5D+981597]
	Ordinal0 [0x00BD3D31+998705]
	Ordinal0 [0x00BD3A85+998021]
	Ordinal0 [0x00BD3829+997417]
	Ordinal0 [0x00BE4090+1065104]
	Ordinal0 [0x00C2B798+1357720]
	Ordinal0 [0x00C28FAA+1347498]
	Ordinal0 [0x00C266DB+1337051]
	Ordinal0 [0x00C03427+1192999]
	Ordinal0 [0x00C042EE+1196782]
	Ordinal0 [0x00C04279+1196665]
	GetHandleVerifier [0x00EC96FC+1590332]
	GetHandleVerifier [0x00F78614+2306900]
	GetHandleVerifier [0x00DC9E93+543699]
	GetHandleVerifier [0x00DC92CE+540686]
	Ordinal0 [0x00CD86BA+2066106]
	Ordinal0 [0x00CDD1C8+2085320]
	Ordinal0 [0x00CDD308+2085640]
	Ordinal0 [0x00CE67F3+2123763]
	BaseThreadInitThunk [0x75CBFA29+25]
	RtlGetAppContainerNamedObjectPath [0x76EE7A4E+286]
	RtlGetAppContainerNamedObjectPath [0x76EE7A1E+238]

	at org.openqa.selenium.remote.W3CHandshakeResponse.lambda$errorHandler$0(W3CHandshakeResponse.java:62)
	at org.openqa.selenium.remote.HandshakeResponse.lambda$getResponseFunction$0(HandshakeResponse.java:30)
	at org.openqa.selenium.remote.ProtocolHandshake.lambda$createSession$0(ProtocolHandshake.java:126)
	at java.util.stream.ReferencePipeline$3$1.accept(Unknown Source)
	at java.util.Spliterators$ArraySpliterator.tryAdvance(Unknown Source)
	at java.util.stream.ReferencePipeline.forEachWithCancel(Unknown Source)
	at java.util.stream.AbstractPipeline.copyIntoWithCancel(Unknown Source)
	at java.util.stream.AbstractPipeline.copyInto(Unknown Source)
	at java.util.stream.AbstractPipeline.wrapAndCopyInto(Unknown Source)
	at java.util.stream.FindOps$FindOp.evaluateSequential(Unknown Source)
	at java.util.stream.AbstractPipeline.evaluate(Unknown Source)
	at java.util.stream.ReferencePipeline.findFirst(Unknown Source)
	at org.openqa.selenium.remote.ProtocolHandshake.createSession(ProtocolHandshake.java:128)
	at org.openqa.selenium.remote.ProtocolHandshake.createSession(ProtocolHandshake.java:74)
	at org.openqa.selenium.remote.HttpCommandExecutor.execute(HttpCommandExecutor.java:136)
	at org.openqa.selenium.remote.service.DriverCommandExecutor.execute(DriverCommandExecutor.java:83)
	at org.openqa.selenium.remote.RemoteWebDriver.execute(RemoteWebDriver.java:552)
	at org.openqa.selenium.remote.RemoteWebDriver.startSession(RemoteWebDriver.java:213)
	at org.openqa.selenium.remote.RemoteWebDriver.&lt;init&gt;(RemoteWebDriver.java:131)
	at org.openqa.selenium.chrome.ChromeDriver.&lt;init&gt;(ChromeDriver.java:181)
	at org.openqa.selenium.chrome.ChromeDriver.&lt;init&gt;(ChromeDriver.java:168)
	at org.openqa.selenium.chrome.ChromeDriver.&lt;init&gt;(ChromeDriver.java:157)
	at com.qa.spinent.base.BasePage.init_driver(BasePage.java:43)
	at com.qa.spinent.testpages.LoginPageTest.setUp(LoginPageTest.java:36)
... Removed 38 stack frames</div></td></tr></table><p class="totop"><a href="#summary">back to summary</a></p>
<h3 id="m22">com.qa.spinent.testpages.LoginPageTest#verifyGreenolorLoginButtonTest</h3><table class="result"><tr><th>Exception</th></tr><tr><td><div class="stacktrace">org.openqa.selenium.SessionNotCreatedException: session not created
from timeout: Timed out receiving message from renderer: 600.000
  (Session info: chrome=90.0.4430.93)
Build info: version: &apos;3.141.59&apos;, revision: &apos;e82be7d358&apos;, time: &apos;2018-11-14T08:17:03&apos;
System info: host: &apos;DESKTOP-35PKLNE&apos;, ip: &apos;192.168.0.45&apos;, os.name: &apos;Windows 10&apos;, os.arch: &apos;amd64&apos;, os.version: &apos;10.0&apos;, java.version: &apos;1.8.0_291&apos;
Driver info: driver.version: ChromeDriver
remote stacktrace: Backtrace:
	Ordinal0 [0x00D3C013+2474003]
	Ordinal0 [0x00CD29C1+2042305]
	Ordinal0 [0x00BE2F68+1060712]
	Ordinal0 [0x00BD5652+1005138]
	Ordinal0 [0x00BD4258+1000024]
	Ordinal0 [0x00BD3DA5+998821]
	Ordinal0 [0x00BDA9C5+1026501]
	Ordinal0 [0x00BD3D31+998705]
	Ordinal0 [0x00BD4FAF+1003439]
	Ordinal0 [0x00BD4258+1000024]
	Ordinal0 [0x00BD3DA5+998821]
	Ordinal0 [0x00BD9DBC+1023420]
	Ordinal0 [0x00BD3D31+998705]
	Ordinal0 [0x00BD4FAF+1003439]
	Ordinal0 [0x00BD4258+1000024]
	Ordinal0 [0x00BD3DA5+998821]
	Ordinal0 [0x00BCFA5D+981597]
	Ordinal0 [0x00BD3D31+998705]
	Ordinal0 [0x00BD3A85+998021]
	Ordinal0 [0x00BD3829+997417]
	Ordinal0 [0x00BE4090+1065104]
	Ordinal0 [0x00C2B798+1357720]
	Ordinal0 [0x00C28FAA+1347498]
	Ordinal0 [0x00C266DB+1337051]
	Ordinal0 [0x00C03427+1192999]
	Ordinal0 [0x00C042EE+1196782]
	Ordinal0 [0x00C04279+1196665]
	GetHandleVerifier [0x00EC96FC+1590332]
	GetHandleVerifier [0x00F78614+2306900]
	GetHandleVerifier [0x00DC9E93+543699]
	GetHandleVerifier [0x00DC92CE+540686]
	Ordinal0 [0x00CD86BA+2066106]
	Ordinal0 [0x00CDD1C8+2085320]
	Ordinal0 [0x00CDD308+2085640]
	Ordinal0 [0x00CE67F3+2123763]
	BaseThreadInitThunk [0x75CBFA29+25]
	RtlGetAppContainerNamedObjectPath [0x76EE7A4E+286]
	RtlGetAppContainerNamedObjectPath [0x76EE7A1E+238]

	at org.openqa.selenium.remote.W3CHandshakeResponse.lambda$errorHandler$0(W3CHandshakeResponse.java:62)
	at org.openqa.selenium.remote.HandshakeResponse.lambda$getResponseFunction$0(HandshakeResponse.java:30)
	at org.openqa.selenium.remote.ProtocolHandshake.lambda$createSession$0(ProtocolHandshake.java:126)
	at java.util.stream.ReferencePipeline$3$1.accept(Unknown Source)
	at java.util.Spliterators$ArraySpliterator.tryAdvance(Unknown Source)
	at java.util.stream.ReferencePipeline.forEachWithCancel(Unknown Source)
	at java.util.stream.AbstractPipeline.copyIntoWithCancel(Unknown Source)
	at java.util.stream.AbstractPipeline.copyInto(Unknown Source)
	at java.util.stream.AbstractPipeline.wrapAndCopyInto(Unknown Source)
	at java.util.stream.FindOps$FindOp.evaluateSequential(Unknown Source)
	at java.util.stream.AbstractPipeline.evaluate(Unknown Source)
	at java.util.stream.ReferencePipeline.findFirst(Unknown Source)
	at org.openqa.selenium.remote.ProtocolHandshake.createSession(ProtocolHandshake.java:128)
	at org.openqa.selenium.remote.ProtocolHandshake.createSession(ProtocolHandshake.java:74)
	at org.openqa.selenium.remote.HttpCommandExecutor.execute(HttpCommandExecutor.java:136)
	at org.openqa.selenium.remote.service.DriverCommandExecutor.execute(DriverCommandExecutor.java:83)
	at org.openqa.selenium.remote.RemoteWebDriver.execute(RemoteWebDriver.java:552)
	at org.openqa.selenium.remote.RemoteWebDriver.startSession(RemoteWebDriver.java:213)
	at org.openqa.selenium.remote.RemoteWebDriver.&lt;init&gt;(RemoteWebDriver.java:131)
	at org.openqa.selenium.chrome.ChromeDriver.&lt;init&gt;(ChromeDriver.java:181)
	at org.openqa.selenium.chrome.ChromeDriver.&lt;init&gt;(ChromeDriver.java:168)
	at org.openqa.selenium.chrome.ChromeDriver.&lt;init&gt;(ChromeDriver.java:157)
	at com.qa.spinent.base.BasePage.init_driver(BasePage.java:43)
	at com.qa.spinent.testpages.LoginPageTest.setUp(LoginPageTest.java:36)
... Removed 38 stack frames</div></td></tr></table><p class="totop"><a href="#summary">back to summary</a></p>
<h3 id="m23">com.qa.spinent.testpages.LoginPageTest#verifyLoginPageTitleTest</h3><table class="result"><tr><th>Exception</th></tr><tr><td><div class="stacktrace">org.openqa.selenium.SessionNotCreatedException: session not created
from timeout: Timed out receiving message from renderer: 600.000
  (Session info: chrome=90.0.4430.93)
Build info: version: &apos;3.141.59&apos;, revision: &apos;e82be7d358&apos;, time: &apos;2018-11-14T08:17:03&apos;
System info: host: &apos;DESKTOP-35PKLNE&apos;, ip: &apos;192.168.0.45&apos;, os.name: &apos;Windows 10&apos;, os.arch: &apos;amd64&apos;, os.version: &apos;10.0&apos;, java.version: &apos;1.8.0_291&apos;
Driver info: driver.version: ChromeDriver
remote stacktrace: Backtrace:
	Ordinal0 [0x00D3C013+2474003]
	Ordinal0 [0x00CD29C1+2042305]
	Ordinal0 [0x00BE2F68+1060712]
	Ordinal0 [0x00BD5652+1005138]
	Ordinal0 [0x00BD4258+1000024]
	Ordinal0 [0x00BD3DA5+998821]
	Ordinal0 [0x00BDA9C5+1026501]
	Ordinal0 [0x00BD3D31+998705]
	Ordinal0 [0x00BD4FAF+1003439]
	Ordinal0 [0x00BD4258+1000024]
	Ordinal0 [0x00BD3DA5+998821]
	Ordinal0 [0x00BD9DBC+1023420]
	Ordinal0 [0x00BD3D31+998705]
	Ordinal0 [0x00BD4FAF+1003439]
	Ordinal0 [0x00BD4258+1000024]
	Ordinal0 [0x00BD3DA5+998821]
	Ordinal0 [0x00BCFA5D+981597]
	Ordinal0 [0x00BD3D31+998705]
	Ordinal0 [0x00BD3A85+998021]
	Ordinal0 [0x00BD3829+997417]
	Ordinal0 [0x00BE4090+1065104]
	Ordinal0 [0x00C2B798+1357720]
	Ordinal0 [0x00C28FAA+1347498]
	Ordinal0 [0x00C266DB+1337051]
	Ordinal0 [0x00C03427+1192999]
	Ordinal0 [0x00C042EE+1196782]
	Ordinal0 [0x00C04279+1196665]
	GetHandleVerifier [0x00EC96FC+1590332]
	GetHandleVerifier [0x00F78614+2306900]
	GetHandleVerifier [0x00DC9E93+543699]
	GetHandleVerifier [0x00DC92CE+540686]
	Ordinal0 [0x00CD86BA+2066106]
	Ordinal0 [0x00CDD1C8+2085320]
	Ordinal0 [0x00CDD308+2085640]
	Ordinal0 [0x00CE67F3+2123763]
	BaseThreadInitThunk [0x75CBFA29+25]
	RtlGetAppContainerNamedObjectPath [0x76EE7A4E+286]
	RtlGetAppContainerNamedObjectPath [0x76EE7A1E+238]

	at org.openqa.selenium.remote.W3CHandshakeResponse.lambda$errorHandler$0(W3CHandshakeResponse.java:62)
	at org.openqa.selenium.remote.HandshakeResponse.lambda$getResponseFunction$0(HandshakeResponse.java:30)
	at org.openqa.selenium.remote.ProtocolHandshake.lambda$createSession$0(ProtocolHandshake.java:126)
	at java.util.stream.ReferencePipeline$3$1.accept(Unknown Source)
	at java.util.Spliterators$ArraySpliterator.tryAdvance(Unknown Source)
	at java.util.stream.ReferencePipeline.forEachWithCancel(Unknown Source)
	at java.util.stream.AbstractPipeline.copyIntoWithCancel(Unknown Source)
	at java.util.stream.AbstractPipeline.copyInto(Unknown Source)
	at java.util.stream.AbstractPipeline.wrapAndCopyInto(Unknown Source)
	at java.util.stream.FindOps$FindOp.evaluateSequential(Unknown Source)
	at java.util.stream.AbstractPipeline.evaluate(Unknown Source)
	at java.util.stream.ReferencePipeline.findFirst(Unknown Source)
	at org.openqa.selenium.remote.ProtocolHandshake.createSession(ProtocolHandshake.java:128)
	at org.openqa.selenium.remote.ProtocolHandshake.createSession(ProtocolHandshake.java:74)
	at org.openqa.selenium.remote.HttpCommandExecutor.execute(HttpCommandExecutor.java:136)
	at org.openqa.selenium.remote.service.DriverCommandExecutor.execute(DriverCommandExecutor.java:83)
	at org.openqa.selenium.remote.RemoteWebDriver.execute(RemoteWebDriver.java:552)
	at org.openqa.selenium.remote.RemoteWebDriver.startSession(RemoteWebDriver.java:213)
	at org.openqa.selenium.remote.RemoteWebDriver.&lt;init&gt;(RemoteWebDriver.java:131)
	at org.openqa.selenium.chrome.ChromeDriver.&lt;init&gt;(ChromeDriver.java:181)
	at org.openqa.selenium.chrome.ChromeDriver.&lt;init&gt;(ChromeDriver.java:168)
	at org.openqa.selenium.chrome.ChromeDriver.&lt;init&gt;(ChromeDriver.java:157)
	at com.qa.spinent.base.BasePage.init_driver(BasePage.java:43)
	at com.qa.spinent.testpages.LoginPageTest.setUp(LoginPageTest.java:36)
... Removed 38 stack frames</div></td></tr></table><p class="totop"><a href="#summary">back to summary</a></p>
<h3 id="m24">com.qa.spinent.testpages.LoginPageTest#verifyLoginPageUrlTest</h3><table class="result"><tr><th>Exception</th></tr><tr><td><div class="stacktrace">org.openqa.selenium.SessionNotCreatedException: session not created
from timeout: Timed out receiving message from renderer: 600.000
  (Session info: chrome=90.0.4430.93)
Build info: version: &apos;3.141.59&apos;, revision: &apos;e82be7d358&apos;, time: &apos;2018-11-14T08:17:03&apos;
System info: host: &apos;DESKTOP-35PKLNE&apos;, ip: &apos;192.168.0.45&apos;, os.name: &apos;Windows 10&apos;, os.arch: &apos;amd64&apos;, os.version: &apos;10.0&apos;, java.version: &apos;1.8.0_291&apos;
Driver info: driver.version: ChromeDriver
remote stacktrace: Backtrace:
	Ordinal0 [0x00D3C013+2474003]
	Ordinal0 [0x00CD29C1+2042305]
	Ordinal0 [0x00BE2F68+1060712]
	Ordinal0 [0x00BD5652+1005138]
	Ordinal0 [0x00BD4258+1000024]
	Ordinal0 [0x00BD3DA5+998821]
	Ordinal0 [0x00BDA9C5+1026501]
	Ordinal0 [0x00BD3D31+998705]
	Ordinal0 [0x00BD4FAF+1003439]
	Ordinal0 [0x00BD4258+1000024]
	Ordinal0 [0x00BD3DA5+998821]
	Ordinal0 [0x00BD9DBC+1023420]
	Ordinal0 [0x00BD3D31+998705]
	Ordinal0 [0x00BD4FAF+1003439]
	Ordinal0 [0x00BD4258+1000024]
	Ordinal0 [0x00BD3DA5+998821]
	Ordinal0 [0x00BCFA5D+981597]
	Ordinal0 [0x00BD3D31+998705]
	Ordinal0 [0x00BD3A85+998021]
	Ordinal0 [0x00BD3829+997417]
	Ordinal0 [0x00BE4090+1065104]
	Ordinal0 [0x00C2B798+1357720]
	Ordinal0 [0x00C28FAA+1347498]
	Ordinal0 [0x00C266DB+1337051]
	Ordinal0 [0x00C03427+1192999]
	Ordinal0 [0x00C042EE+1196782]
	Ordinal0 [0x00C04279+1196665]
	GetHandleVerifier [0x00EC96FC+1590332]
	GetHandleVerifier [0x00F78614+2306900]
	GetHandleVerifier [0x00DC9E93+543699]
	GetHandleVerifier [0x00DC92CE+540686]
	Ordinal0 [0x00CD86BA+2066106]
	Ordinal0 [0x00CDD1C8+2085320]
	Ordinal0 [0x00CDD308+2085640]
	Ordinal0 [0x00CE67F3+2123763]
	BaseThreadInitThunk [0x75CBFA29+25]
	RtlGetAppContainerNamedObjectPath [0x76EE7A4E+286]
	RtlGetAppContainerNamedObjectPath [0x76EE7A1E+238]

	at org.openqa.selenium.remote.W3CHandshakeResponse.lambda$errorHandler$0(W3CHandshakeResponse.java:62)
	at org.openqa.selenium.remote.HandshakeResponse.lambda$getResponseFunction$0(HandshakeResponse.java:30)
	at org.openqa.selenium.remote.ProtocolHandshake.lambda$createSession$0(ProtocolHandshake.java:126)
	at java.util.stream.ReferencePipeline$3$1.accept(Unknown Source)
	at java.util.Spliterators$ArraySpliterator.tryAdvance(Unknown Source)
	at java.util.stream.ReferencePipeline.forEachWithCancel(Unknown Source)
	at java.util.stream.AbstractPipeline.copyIntoWithCancel(Unknown Source)
	at java.util.stream.AbstractPipeline.copyInto(Unknown Source)
	at java.util.stream.AbstractPipeline.wrapAndCopyInto(Unknown Source)
	at java.util.stream.FindOps$FindOp.evaluateSequential(Unknown Source)
	at java.util.stream.AbstractPipeline.evaluate(Unknown Source)
	at java.util.stream.ReferencePipeline.findFirst(Unknown Source)
	at org.openqa.selenium.remote.ProtocolHandshake.createSession(ProtocolHandshake.java:128)
	at org.openqa.selenium.remote.ProtocolHandshake.createSession(ProtocolHandshake.java:74)
	at org.openqa.selenium.remote.HttpCommandExecutor.execute(HttpCommandExecutor.java:136)
	at org.openqa.selenium.remote.service.DriverCommandExecutor.execute(DriverCommandExecutor.java:83)
	at org.openqa.selenium.remote.RemoteWebDriver.execute(RemoteWebDriver.java:552)
	at org.openqa.selenium.remote.RemoteWebDriver.startSession(RemoteWebDriver.java:213)
	at org.openqa.selenium.remote.RemoteWebDriver.&lt;init&gt;(RemoteWebDriver.java:131)
	at org.openqa.selenium.chrome.ChromeDriver.&lt;init&gt;(ChromeDriver.java:181)
	at org.openqa.selenium.chrome.ChromeDriver.&lt;init&gt;(ChromeDriver.java:168)
	at org.openqa.selenium.chrome.ChromeDriver.&lt;init&gt;(ChromeDriver.java:157)
	at com.qa.spinent.base.BasePage.init_driver(BasePage.java:43)
	at com.qa.spinent.testpages.LoginPageTest.setUp(LoginPageTest.java:36)
... Removed 38 stack frames</div></td></tr></table><p class="totop"><a href="#summary">back to summary</a></p>
<h3 id="m25">com.qa.spinent.testpages.LoginPageTest#verifyRedColorLoginButtonTest</h3><table class="result"><tr><th>Exception</th></tr><tr><td><div class="stacktrace">org.openqa.selenium.SessionNotCreatedException: session not created
from timeout: Timed out receiving message from renderer: 600.000
  (Session info: chrome=90.0.4430.93)
Build info: version: &apos;3.141.59&apos;, revision: &apos;e82be7d358&apos;, time: &apos;2018-11-14T08:17:03&apos;
System info: host: &apos;DESKTOP-35PKLNE&apos;, ip: &apos;192.168.0.45&apos;, os.name: &apos;Windows 10&apos;, os.arch: &apos;amd64&apos;, os.version: &apos;10.0&apos;, java.version: &apos;1.8.0_291&apos;
Driver info: driver.version: ChromeDriver
remote stacktrace: Backtrace:
	Ordinal0 [0x00D3C013+2474003]
	Ordinal0 [0x00CD29C1+2042305]
	Ordinal0 [0x00BE2F68+1060712]
	Ordinal0 [0x00BD5652+1005138]
	Ordinal0 [0x00BD4258+1000024]
	Ordinal0 [0x00BD3DA5+998821]
	Ordinal0 [0x00BDA9C5+1026501]
	Ordinal0 [0x00BD3D31+998705]
	Ordinal0 [0x00BD4FAF+1003439]
	Ordinal0 [0x00BD4258+1000024]
	Ordinal0 [0x00BD3DA5+998821]
	Ordinal0 [0x00BD9DBC+1023420]
	Ordinal0 [0x00BD3D31+998705]
	Ordinal0 [0x00BD4FAF+1003439]
	Ordinal0 [0x00BD4258+1000024]
	Ordinal0 [0x00BD3DA5+998821]
	Ordinal0 [0x00BCFA5D+981597]
	Ordinal0 [0x00BD3D31+998705]
	Ordinal0 [0x00BD3A85+998021]
	Ordinal0 [0x00BD3829+997417]
	Ordinal0 [0x00BE4090+1065104]
	Ordinal0 [0x00C2B798+1357720]
	Ordinal0 [0x00C28FAA+1347498]
	Ordinal0 [0x00C266DB+1337051]
	Ordinal0 [0x00C03427+1192999]
	Ordinal0 [0x00C042EE+1196782]
	Ordinal0 [0x00C04279+1196665]
	GetHandleVerifier [0x00EC96FC+1590332]
	GetHandleVerifier [0x00F78614+2306900]
	GetHandleVerifier [0x00DC9E93+543699]
	GetHandleVerifier [0x00DC92CE+540686]
	Ordinal0 [0x00CD86BA+2066106]
	Ordinal0 [0x00CDD1C8+2085320]
	Ordinal0 [0x00CDD308+2085640]
	Ordinal0 [0x00CE67F3+2123763]
	BaseThreadInitThunk [0x75CBFA29+25]
	RtlGetAppContainerNamedObjectPath [0x76EE7A4E+286]
	RtlGetAppContainerNamedObjectPath [0x76EE7A1E+238]

	at org.openqa.selenium.remote.W3CHandshakeResponse.lambda$errorHandler$0(W3CHandshakeResponse.java:62)
	at org.openqa.selenium.remote.HandshakeResponse.lambda$getResponseFunction$0(HandshakeResponse.java:30)
	at org.openqa.selenium.remote.ProtocolHandshake.lambda$createSession$0(ProtocolHandshake.java:126)
	at java.util.stream.ReferencePipeline$3$1.accept(Unknown Source)
	at java.util.Spliterators$ArraySpliterator.tryAdvance(Unknown Source)
	at java.util.stream.ReferencePipeline.forEachWithCancel(Unknown Source)
	at java.util.stream.AbstractPipeline.copyIntoWithCancel(Unknown Source)
	at java.util.stream.AbstractPipeline.copyInto(Unknown Source)
	at java.util.stream.AbstractPipeline.wrapAndCopyInto(Unknown Source)
	at java.util.stream.FindOps$FindOp.evaluateSequential(Unknown Source)
	at java.util.stream.AbstractPipeline.evaluate(Unknown Source)
	at java.util.stream.ReferencePipeline.findFirst(Unknown Source)
	at org.openqa.selenium.remote.ProtocolHandshake.createSession(ProtocolHandshake.java:128)
	at org.openqa.selenium.remote.ProtocolHandshake.createSession(ProtocolHandshake.java:74)
	at org.openqa.selenium.remote.HttpCommandExecutor.execute(HttpCommandExecutor.java:136)
	at org.openqa.selenium.remote.service.DriverCommandExecutor.execute(DriverCommandExecutor.java:83)
	at org.openqa.selenium.remote.RemoteWebDriver.execute(RemoteWebDriver.java:552)
	at org.openqa.selenium.remote.RemoteWebDriver.startSession(RemoteWebDriver.java:213)
	at org.openqa.selenium.remote.RemoteWebDriver.&lt;init&gt;(RemoteWebDriver.java:131)
	at org.openqa.selenium.chrome.ChromeDriver.&lt;init&gt;(ChromeDriver.java:181)
	at org.openqa.selenium.chrome.ChromeDriver.&lt;init&gt;(ChromeDriver.java:168)
	at org.openqa.selenium.chrome.ChromeDriver.&lt;init&gt;(ChromeDriver.java:157)
	at com.qa.spinent.base.BasePage.init_driver(BasePage.java:43)
	at com.qa.spinent.testpages.LoginPageTest.setUp(LoginPageTest.java:36)
... Removed 38 stack frames</div></td></tr></table><p class="totop"><a href="#summary">back to summary</a></p>
<h3 id="m26">com.qa.spinent.testpages.LoginPageUserSecurityTest#userSecurity</h3><table class="result"><tr class="param"><th>Parameter #1</th><th>Parameter #2</th></tr><tr class="param stripe"><td>bobit@gmail.com</td><td>sezgin</td></tr><tr><th colspan="2">Exception</th></tr><tr><td colspan="2"><div class="stacktrace">org.openqa.selenium.SessionNotCreatedException: session not created
from timeout: Timed out receiving message from renderer: 600.000
  (Session info: chrome=90.0.4430.93)
Build info: version: &apos;3.141.59&apos;, revision: &apos;e82be7d358&apos;, time: &apos;2018-11-14T08:17:03&apos;
System info: host: &apos;DESKTOP-35PKLNE&apos;, ip: &apos;192.168.0.45&apos;, os.name: &apos;Windows 10&apos;, os.arch: &apos;amd64&apos;, os.version: &apos;10.0&apos;, java.version: &apos;1.8.0_291&apos;
Driver info: driver.version: ChromeDriver
remote stacktrace: Backtrace:
	Ordinal0 [0x00D3C013+2474003]
	Ordinal0 [0x00CD29C1+2042305]
	Ordinal0 [0x00BE2F68+1060712]
	Ordinal0 [0x00BD5652+1005138]
	Ordinal0 [0x00BD4258+1000024]
	Ordinal0 [0x00BD3DA5+998821]
	Ordinal0 [0x00BDA9C5+1026501]
	Ordinal0 [0x00BD3D31+998705]
	Ordinal0 [0x00BD4FAF+1003439]
	Ordinal0 [0x00BD4258+1000024]
	Ordinal0 [0x00BD3DA5+998821]
	Ordinal0 [0x00BD9DBC+1023420]
	Ordinal0 [0x00BD3D31+998705]
	Ordinal0 [0x00BD4FAF+1003439]
	Ordinal0 [0x00BD4258+1000024]
	Ordinal0 [0x00BD3DA5+998821]
	Ordinal0 [0x00BCFA5D+981597]
	Ordinal0 [0x00BD3D31+998705]
	Ordinal0 [0x00BD3A85+998021]
	Ordinal0 [0x00BD3829+997417]
	Ordinal0 [0x00BE4090+1065104]
	Ordinal0 [0x00C2B798+1357720]
	Ordinal0 [0x00C28FAA+1347498]
	Ordinal0 [0x00C266DB+1337051]
	Ordinal0 [0x00C03427+1192999]
	Ordinal0 [0x00C042EE+1196782]
	Ordinal0 [0x00C04279+1196665]
	GetHandleVerifier [0x00EC96FC+1590332]
	GetHandleVerifier [0x00F78614+2306900]
	GetHandleVerifier [0x00DC9E93+543699]
	GetHandleVerifier [0x00DC92CE+540686]
	Ordinal0 [0x00CD86BA+2066106]
	Ordinal0 [0x00CDD1C8+2085320]
	Ordinal0 [0x00CDD308+2085640]
	Ordinal0 [0x00CE67F3+2123763]
	BaseThreadInitThunk [0x75CBFA29+25]
	RtlGetAppContainerNamedObjectPath [0x76EE7A4E+286]
	RtlGetAppContainerNamedObjectPath [0x76EE7A1E+238]

	at org.openqa.selenium.remote.W3CHandshakeResponse.lambda$errorHandler$0(W3CHandshakeResponse.java:62)
	at org.openqa.selenium.remote.HandshakeResponse.lambda$getResponseFunction$0(HandshakeResponse.java:30)
	at org.openqa.selenium.remote.ProtocolHandshake.lambda$createSession$0(ProtocolHandshake.java:126)
	at java.util.stream.ReferencePipeline$3$1.accept(Unknown Source)
	at java.util.Spliterators$ArraySpliterator.tryAdvance(Unknown Source)
	at java.util.stream.ReferencePipeline.forEachWithCancel(Unknown Source)
	at java.util.stream.AbstractPipeline.copyIntoWithCancel(Unknown Source)
	at java.util.stream.AbstractPipeline.copyInto(Unknown Source)
	at java.util.stream.AbstractPipeline.wrapAndCopyInto(Unknown Source)
	at java.util.stream.FindOps$FindOp.evaluateSequential(Unknown Source)
	at java.util.stream.AbstractPipeline.evaluate(Unknown Source)
	at java.util.stream.ReferencePipeline.findFirst(Unknown Source)
	at org.openqa.selenium.remote.ProtocolHandshake.createSession(ProtocolHandshake.java:128)
	at org.openqa.selenium.remote.ProtocolHandshake.createSession(ProtocolHandshake.java:74)
	at org.openqa.selenium.remote.HttpCommandExecutor.execute(HttpCommandExecutor.java:136)
	at org.openqa.selenium.remote.service.DriverCommandExecutor.execute(DriverCommandExecutor.java:83)
	at org.openqa.selenium.remote.RemoteWebDriver.execute(RemoteWebDriver.java:552)
	at org.openqa.selenium.remote.RemoteWebDriver.startSession(RemoteWebDriver.java:213)
	at org.openqa.selenium.remote.RemoteWebDriver.&lt;init&gt;(RemoteWebDriver.java:131)
	at org.openqa.selenium.chrome.ChromeDriver.&lt;init&gt;(ChromeDriver.java:181)
	at org.openqa.selenium.chrome.ChromeDriver.&lt;init&gt;(ChromeDriver.java:168)
	at org.openqa.selenium.chrome.ChromeDriver.&lt;init&gt;(ChromeDriver.java:157)
	at com.qa.spinent.base.BasePage.init_driver(BasePage.java:43)
	at com.qa.spinent.testpages.LoginPageTest.setUp(LoginPageTest.java:36)
... Removed 38 stack frames</div></td></tr></table><p class="totop"><a href="#summary">back to summary</a></p>
<h3 id="m27">com.qa.spinent.testpages.LoginPageUserSecurityTest#userSecurity</h3><table class="result"><tr class="param"><th>Parameter #1</th><th>Parameter #2</th></tr><tr class="param stripe"><td>bobit@gmail.com</td><td>Adana</td></tr><tr><th colspan="2">Exception</th></tr><tr><td colspan="2"><div class="stacktrace">org.openqa.selenium.SessionNotCreatedException: session not created
from timeout: Timed out receiving message from renderer: 600.000
  (Session info: chrome=90.0.4430.93)
Build info: version: &apos;3.141.59&apos;, revision: &apos;e82be7d358&apos;, time: &apos;2018-11-14T08:17:03&apos;
System info: host: &apos;DESKTOP-35PKLNE&apos;, ip: &apos;192.168.0.45&apos;, os.name: &apos;Windows 10&apos;, os.arch: &apos;amd64&apos;, os.version: &apos;10.0&apos;, java.version: &apos;1.8.0_291&apos;
Driver info: driver.version: ChromeDriver
remote stacktrace: Backtrace:
	Ordinal0 [0x00D3C013+2474003]
	Ordinal0 [0x00CD29C1+2042305]
	Ordinal0 [0x00BE2F68+1060712]
	Ordinal0 [0x00BD5652+1005138]
	Ordinal0 [0x00BD4258+1000024]
	Ordinal0 [0x00BD3DA5+998821]
	Ordinal0 [0x00BDA9C5+1026501]
	Ordinal0 [0x00BD3D31+998705]
	Ordinal0 [0x00BD4FAF+1003439]
	Ordinal0 [0x00BD4258+1000024]
	Ordinal0 [0x00BD3DA5+998821]
	Ordinal0 [0x00BD9DBC+1023420]
	Ordinal0 [0x00BD3D31+998705]
	Ordinal0 [0x00BD4FAF+1003439]
	Ordinal0 [0x00BD4258+1000024]
	Ordinal0 [0x00BD3DA5+998821]
	Ordinal0 [0x00BCFA5D+981597]
	Ordinal0 [0x00BD3D31+998705]
	Ordinal0 [0x00BD3A85+998021]
	Ordinal0 [0x00BD3829+997417]
	Ordinal0 [0x00BE4090+1065104]
	Ordinal0 [0x00C2B798+1357720]
	Ordinal0 [0x00C28FAA+1347498]
	Ordinal0 [0x00C266DB+1337051]
	Ordinal0 [0x00C03427+1192999]
	Ordinal0 [0x00C042EE+1196782]
	Ordinal0 [0x00C04279+1196665]
	GetHandleVerifier [0x00EC96FC+1590332]
	GetHandleVerifier [0x00F78614+2306900]
	GetHandleVerifier [0x00DC9E93+543699]
	GetHandleVerifier [0x00DC92CE+540686]
	Ordinal0 [0x00CD86BA+2066106]
	Ordinal0 [0x00CDD1C8+2085320]
	Ordinal0 [0x00CDD308+2085640]
	Ordinal0 [0x00CE67F3+2123763]
	BaseThreadInitThunk [0x75CBFA29+25]
	RtlGetAppContainerNamedObjectPath [0x76EE7A4E+286]
	RtlGetAppContainerNamedObjectPath [0x76EE7A1E+238]

	at org.openqa.selenium.remote.W3CHandshakeResponse.lambda$errorHandler$0(W3CHandshakeResponse.java:62)
	at org.openqa.selenium.remote.HandshakeResponse.lambda$getResponseFunction$0(HandshakeResponse.java:30)
	at org.openqa.selenium.remote.ProtocolHandshake.lambda$createSession$0(ProtocolHandshake.java:126)
	at java.util.stream.ReferencePipeline$3$1.accept(Unknown Source)
	at java.util.Spliterators$ArraySpliterator.tryAdvance(Unknown Source)
	at java.util.stream.ReferencePipeline.forEachWithCancel(Unknown Source)
	at java.util.stream.AbstractPipeline.copyIntoWithCancel(Unknown Source)
	at java.util.stream.AbstractPipeline.copyInto(Unknown Source)
	at java.util.stream.AbstractPipeline.wrapAndCopyInto(Unknown Source)
	at java.util.stream.FindOps$FindOp.evaluateSequential(Unknown Source)
	at java.util.stream.AbstractPipeline.evaluate(Unknown Source)
	at java.util.stream.ReferencePipeline.findFirst(Unknown Source)
	at org.openqa.selenium.remote.ProtocolHandshake.createSession(ProtocolHandshake.java:128)
	at org.openqa.selenium.remote.ProtocolHandshake.createSession(ProtocolHandshake.java:74)
	at org.openqa.selenium.remote.HttpCommandExecutor.execute(HttpCommandExecutor.java:136)
	at org.openqa.selenium.remote.service.DriverCommandExecutor.execute(DriverCommandExecutor.java:83)
	at org.openqa.selenium.remote.RemoteWebDriver.execute(RemoteWebDriver.java:552)
	at org.openqa.selenium.remote.RemoteWebDriver.startSession(RemoteWebDriver.java:213)
	at org.openqa.selenium.remote.RemoteWebDriver.&lt;init&gt;(RemoteWebDriver.java:131)
	at org.openqa.selenium.chrome.ChromeDriver.&lt;init&gt;(ChromeDriver.java:181)
	at org.openqa.selenium.chrome.ChromeDriver.&lt;init&gt;(ChromeDriver.java:168)
	at org.openqa.selenium.chrome.ChromeDriver.&lt;init&gt;(ChromeDriver.java:157)
	at com.qa.spinent.base.BasePage.init_driver(BasePage.java:43)
	at com.qa.spinent.testpages.LoginPageTest.setUp(LoginPageTest.java:36)
... Removed 38 stack frames</div></td></tr></table><p class="totop"><a href="#summary">back to summary</a></p>
<h3 id="m28">com.qa.spinent.testpages.LoginPageUserSecurityTest#userSecurity</h3><table class="result"><tr class="param"><th>Parameter #1</th><th>Parameter #2</th></tr><tr class="param stripe"><td>bobit@gmail.com</td><td>Istanbul</td></tr><tr><th colspan="2">Exception</th></tr><tr><td colspan="2"><div class="stacktrace">org.openqa.selenium.SessionNotCreatedException: session not created
from timeout: Timed out receiving message from renderer: 600.000
  (Session info: chrome=90.0.4430.93)
Build info: version: &apos;3.141.59&apos;, revision: &apos;e82be7d358&apos;, time: &apos;2018-11-14T08:17:03&apos;
System info: host: &apos;DESKTOP-35PKLNE&apos;, ip: &apos;192.168.0.45&apos;, os.name: &apos;Windows 10&apos;, os.arch: &apos;amd64&apos;, os.version: &apos;10.0&apos;, java.version: &apos;1.8.0_291&apos;
Driver info: driver.version: ChromeDriver
remote stacktrace: Backtrace:
	Ordinal0 [0x00D3C013+2474003]
	Ordinal0 [0x00CD29C1+2042305]
	Ordinal0 [0x00BE2F68+1060712]
	Ordinal0 [0x00BD5652+1005138]
	Ordinal0 [0x00BD4258+1000024]
	Ordinal0 [0x00BD3DA5+998821]
	Ordinal0 [0x00BDA9C5+1026501]
	Ordinal0 [0x00BD3D31+998705]
	Ordinal0 [0x00BD4FAF+1003439]
	Ordinal0 [0x00BD4258+1000024]
	Ordinal0 [0x00BD3DA5+998821]
	Ordinal0 [0x00BD9DBC+1023420]
	Ordinal0 [0x00BD3D31+998705]
	Ordinal0 [0x00BD4FAF+1003439]
	Ordinal0 [0x00BD4258+1000024]
	Ordinal0 [0x00BD3DA5+998821]
	Ordinal0 [0x00BCFA5D+981597]
	Ordinal0 [0x00BD3D31+998705]
	Ordinal0 [0x00BD3A85+998021]
	Ordinal0 [0x00BD3829+997417]
	Ordinal0 [0x00BE4090+1065104]
	Ordinal0 [0x00C2B798+1357720]
	Ordinal0 [0x00C28FAA+1347498]
	Ordinal0 [0x00C266DB+1337051]
	Ordinal0 [0x00C03427+1192999]
	Ordinal0 [0x00C042EE+1196782]
	Ordinal0 [0x00C04279+1196665]
	GetHandleVerifier [0x00EC96FC+1590332]
	GetHandleVerifier [0x00F78614+2306900]
	GetHandleVerifier [0x00DC9E93+543699]
	GetHandleVerifier [0x00DC92CE+540686]
	Ordinal0 [0x00CD86BA+2066106]
	Ordinal0 [0x00CDD1C8+2085320]
	Ordinal0 [0x00CDD308+2085640]
	Ordinal0 [0x00CE67F3+2123763]
	BaseThreadInitThunk [0x75CBFA29+25]
	RtlGetAppContainerNamedObjectPath [0x76EE7A4E+286]
	RtlGetAppContainerNamedObjectPath [0x76EE7A1E+238]

	at org.openqa.selenium.remote.W3CHandshakeResponse.lambda$errorHandler$0(W3CHandshakeResponse.java:62)
	at org.openqa.selenium.remote.HandshakeResponse.lambda$getResponseFunction$0(HandshakeResponse.java:30)
	at org.openqa.selenium.remote.ProtocolHandshake.lambda$createSession$0(ProtocolHandshake.java:126)
	at java.util.stream.ReferencePipeline$3$1.accept(Unknown Source)
	at java.util.Spliterators$ArraySpliterator.tryAdvance(Unknown Source)
	at java.util.stream.ReferencePipeline.forEachWithCancel(Unknown Source)
	at java.util.stream.AbstractPipeline.copyIntoWithCancel(Unknown Source)
	at java.util.stream.AbstractPipeline.copyInto(Unknown Source)
	at java.util.stream.AbstractPipeline.wrapAndCopyInto(Unknown Source)
	at java.util.stream.FindOps$FindOp.evaluateSequential(Unknown Source)
	at java.util.stream.AbstractPipeline.evaluate(Unknown Source)
	at java.util.stream.ReferencePipeline.findFirst(Unknown Source)
	at org.openqa.selenium.remote.ProtocolHandshake.createSession(ProtocolHandshake.java:128)
	at org.openqa.selenium.remote.ProtocolHandshake.createSession(ProtocolHandshake.java:74)
	at org.openqa.selenium.remote.HttpCommandExecutor.execute(HttpCommandExecutor.java:136)
	at org.openqa.selenium.remote.service.DriverCommandExecutor.execute(DriverCommandExecutor.java:83)
	at org.openqa.selenium.remote.RemoteWebDriver.execute(RemoteWebDriver.java:552)
	at org.openqa.selenium.remote.RemoteWebDriver.startSession(RemoteWebDriver.java:213)
	at org.openqa.selenium.remote.RemoteWebDriver.&lt;init&gt;(RemoteWebDriver.java:131)
	at org.openqa.selenium.chrome.ChromeDriver.&lt;init&gt;(ChromeDriver.java:181)
	at org.openqa.selenium.chrome.ChromeDriver.&lt;init&gt;(ChromeDriver.java:168)
	at org.openqa.selenium.chrome.ChromeDriver.&lt;init&gt;(ChromeDriver.java:157)
	at com.qa.spinent.base.BasePage.init_driver(BasePage.java:43)
	at com.qa.spinent.testpages.LoginPageTest.setUp(LoginPageTest.java:36)
... Removed 38 stack frames</div></td></tr></table><p class="totop"><a href="#summary">back to summary</a></p>
<h3 id="m29">com.qa.spinent.testpages.LoginPageUserSecurityTest#userSecurity</h3><table class="result"><tr class="param"><th>Parameter #1</th><th>Parameter #2</th></tr><tr class="param stripe"><td>bobit@gmail.com</td><td>Bursa</td></tr><tr><th colspan="2">Exception</th></tr><tr><td colspan="2"><div class="stacktrace">org.openqa.selenium.SessionNotCreatedException: session not created
from timeout: Timed out receiving message from renderer: 600.000
  (Session info: chrome=90.0.4430.93)
Build info: version: &apos;3.141.59&apos;, revision: &apos;e82be7d358&apos;, time: &apos;2018-11-14T08:17:03&apos;
System info: host: &apos;DESKTOP-35PKLNE&apos;, ip: &apos;192.168.0.45&apos;, os.name: &apos;Windows 10&apos;, os.arch: &apos;amd64&apos;, os.version: &apos;10.0&apos;, java.version: &apos;1.8.0_291&apos;
Driver info: driver.version: ChromeDriver
remote stacktrace: Backtrace:
	Ordinal0 [0x00D3C013+2474003]
	Ordinal0 [0x00CD29C1+2042305]
	Ordinal0 [0x00BE2F68+1060712]
	Ordinal0 [0x00BD5652+1005138]
	Ordinal0 [0x00BD4258+1000024]
	Ordinal0 [0x00BD3DA5+998821]
	Ordinal0 [0x00BDA9C5+1026501]
	Ordinal0 [0x00BD3D31+998705]
	Ordinal0 [0x00BD4FAF+1003439]
	Ordinal0 [0x00BD4258+1000024]
	Ordinal0 [0x00BD3DA5+998821]
	Ordinal0 [0x00BD9DBC+1023420]
	Ordinal0 [0x00BD3D31+998705]
	Ordinal0 [0x00BD4FAF+1003439]
	Ordinal0 [0x00BD4258+1000024]
	Ordinal0 [0x00BD3DA5+998821]
	Ordinal0 [0x00BCFA5D+981597]
	Ordinal0 [0x00BD3D31+998705]
	Ordinal0 [0x00BD3A85+998021]
	Ordinal0 [0x00BD3829+997417]
	Ordinal0 [0x00BE4090+1065104]
	Ordinal0 [0x00C2B798+1357720]
	Ordinal0 [0x00C28FAA+1347498]
	Ordinal0 [0x00C266DB+1337051]
	Ordinal0 [0x00C03427+1192999]
	Ordinal0 [0x00C042EE+1196782]
	Ordinal0 [0x00C04279+1196665]
	GetHandleVerifier [0x00EC96FC+1590332]
	GetHandleVerifier [0x00F78614+2306900]
	GetHandleVerifier [0x00DC9E93+543699]
	GetHandleVerifier [0x00DC92CE+540686]
	Ordinal0 [0x00CD86BA+2066106]
	Ordinal0 [0x00CDD1C8+2085320]
	Ordinal0 [0x00CDD308+2085640]
	Ordinal0 [0x00CE67F3+2123763]
	BaseThreadInitThunk [0x75CBFA29+25]
	RtlGetAppContainerNamedObjectPath [0x76EE7A4E+286]
	RtlGetAppContainerNamedObjectPath [0x76EE7A1E+238]

	at org.openqa.selenium.remote.W3CHandshakeResponse.lambda$errorHandler$0(W3CHandshakeResponse.java:62)
	at org.openqa.selenium.remote.HandshakeResponse.lambda$getResponseFunction$0(HandshakeResponse.java:30)
	at org.openqa.selenium.remote.ProtocolHandshake.lambda$createSession$0(ProtocolHandshake.java:126)
	at java.util.stream.ReferencePipeline$3$1.accept(Unknown Source)
	at java.util.Spliterators$ArraySpliterator.tryAdvance(Unknown Source)
	at java.util.stream.ReferencePipeline.forEachWithCancel(Unknown Source)
	at java.util.stream.AbstractPipeline.copyIntoWithCancel(Unknown Source)
	at java.util.stream.AbstractPipeline.copyInto(Unknown Source)
	at java.util.stream.AbstractPipeline.wrapAndCopyInto(Unknown Source)
	at java.util.stream.FindOps$FindOp.evaluateSequential(Unknown Source)
	at java.util.stream.AbstractPipeline.evaluate(Unknown Source)
	at java.util.stream.ReferencePipeline.findFirst(Unknown Source)
	at org.openqa.selenium.remote.ProtocolHandshake.createSession(ProtocolHandshake.java:128)
	at org.openqa.selenium.remote.ProtocolHandshake.createSession(ProtocolHandshake.java:74)
	at org.openqa.selenium.remote.HttpCommandExecutor.execute(HttpCommandExecutor.java:136)
	at org.openqa.selenium.remote.service.DriverCommandExecutor.execute(DriverCommandExecutor.java:83)
	at org.openqa.selenium.remote.RemoteWebDriver.execute(RemoteWebDriver.java:552)
	at org.openqa.selenium.remote.RemoteWebDriver.startSession(RemoteWebDriver.java:213)
	at org.openqa.selenium.remote.RemoteWebDriver.&lt;init&gt;(RemoteWebDriver.java:131)
	at org.openqa.selenium.chrome.ChromeDriver.&lt;init&gt;(ChromeDriver.java:181)
	at org.openqa.selenium.chrome.ChromeDriver.&lt;init&gt;(ChromeDriver.java:168)
	at org.openqa.selenium.chrome.ChromeDriver.&lt;init&gt;(ChromeDriver.java:157)
	at com.qa.spinent.base.BasePage.init_driver(BasePage.java:43)
	at com.qa.spinent.testpages.LoginPageTest.setUp(LoginPageTest.java:36)
... Removed 38 stack frames</div></td></tr></table><p class="totop"><a href="#summary">back to summary</a></p>
<h3 id="m30">com.qa.spinent.testpages.LoginPageUserSecurityTest#userSecurity</h3><table class="result"><tr class="param"><th>Parameter #1</th><th>Parameter #2</th></tr><tr class="param stripe"><td>bobit@gmail.com</td><td>Ankara</td></tr><tr><th colspan="2">Exception</th></tr><tr><td colspan="2"><div class="stacktrace">org.openqa.selenium.SessionNotCreatedException: session not created
from timeout: Timed out receiving message from renderer: 600.000
  (Session info: chrome=90.0.4430.93)
Build info: version: &apos;3.141.59&apos;, revision: &apos;e82be7d358&apos;, time: &apos;2018-11-14T08:17:03&apos;
System info: host: &apos;DESKTOP-35PKLNE&apos;, ip: &apos;192.168.0.45&apos;, os.name: &apos;Windows 10&apos;, os.arch: &apos;amd64&apos;, os.version: &apos;10.0&apos;, java.version: &apos;1.8.0_291&apos;
Driver info: driver.version: ChromeDriver
remote stacktrace: Backtrace:
	Ordinal0 [0x00D3C013+2474003]
	Ordinal0 [0x00CD29C1+2042305]
	Ordinal0 [0x00BE2F68+1060712]
	Ordinal0 [0x00BD5652+1005138]
	Ordinal0 [0x00BD4258+1000024]
	Ordinal0 [0x00BD3DA5+998821]
	Ordinal0 [0x00BDA9C5+1026501]
	Ordinal0 [0x00BD3D31+998705]
	Ordinal0 [0x00BD4FAF+1003439]
	Ordinal0 [0x00BD4258+1000024]
	Ordinal0 [0x00BD3DA5+998821]
	Ordinal0 [0x00BD9DBC+1023420]
	Ordinal0 [0x00BD3D31+998705]
	Ordinal0 [0x00BD4FAF+1003439]
	Ordinal0 [0x00BD4258+1000024]
	Ordinal0 [0x00BD3DA5+998821]
	Ordinal0 [0x00BCFA5D+981597]
	Ordinal0 [0x00BD3D31+998705]
	Ordinal0 [0x00BD3A85+998021]
	Ordinal0 [0x00BD3829+997417]
	Ordinal0 [0x00BE4090+1065104]
	Ordinal0 [0x00C2B798+1357720]
	Ordinal0 [0x00C28FAA+1347498]
	Ordinal0 [0x00C266DB+1337051]
	Ordinal0 [0x00C03427+1192999]
	Ordinal0 [0x00C042EE+1196782]
	Ordinal0 [0x00C04279+1196665]
	GetHandleVerifier [0x00EC96FC+1590332]
	GetHandleVerifier [0x00F78614+2306900]
	GetHandleVerifier [0x00DC9E93+543699]
	GetHandleVerifier [0x00DC92CE+540686]
	Ordinal0 [0x00CD86BA+2066106]
	Ordinal0 [0x00CDD1C8+2085320]
	Ordinal0 [0x00CDD308+2085640]
	Ordinal0 [0x00CE67F3+2123763]
	BaseThreadInitThunk [0x75CBFA29+25]
	RtlGetAppContainerNamedObjectPath [0x76EE7A4E+286]
	RtlGetAppContainerNamedObjectPath [0x76EE7A1E+238]

	at org.openqa.selenium.remote.W3CHandshakeResponse.lambda$errorHandler$0(W3CHandshakeResponse.java:62)
	at org.openqa.selenium.remote.HandshakeResponse.lambda$getResponseFunction$0(HandshakeResponse.java:30)
	at org.openqa.selenium.remote.ProtocolHandshake.lambda$createSession$0(ProtocolHandshake.java:126)
	at java.util.stream.ReferencePipeline$3$1.accept(Unknown Source)
	at java.util.Spliterators$ArraySpliterator.tryAdvance(Unknown Source)
	at java.util.stream.ReferencePipeline.forEachWithCancel(Unknown Source)
	at java.util.stream.AbstractPipeline.copyIntoWithCancel(Unknown Source)
	at java.util.stream.AbstractPipeline.copyInto(Unknown Source)
	at java.util.stream.AbstractPipeline.wrapAndCopyInto(Unknown Source)
	at java.util.stream.FindOps$FindOp.evaluateSequential(Unknown Source)
	at java.util.stream.AbstractPipeline.evaluate(Unknown Source)
	at java.util.stream.ReferencePipeline.findFirst(Unknown Source)
	at org.openqa.selenium.remote.ProtocolHandshake.createSession(ProtocolHandshake.java:128)
	at org.openqa.selenium.remote.ProtocolHandshake.createSession(ProtocolHandshake.java:74)
	at org.openqa.selenium.remote.HttpCommandExecutor.execute(HttpCommandExecutor.java:136)
	at org.openqa.selenium.remote.service.DriverCommandExecutor.execute(DriverCommandExecutor.java:83)
	at org.openqa.selenium.remote.RemoteWebDriver.execute(RemoteWebDriver.java:552)
	at org.openqa.selenium.remote.RemoteWebDriver.startSession(RemoteWebDriver.java:213)
	at org.openqa.selenium.remote.RemoteWebDriver.&lt;init&gt;(RemoteWebDriver.java:131)
	at org.openqa.selenium.chrome.ChromeDriver.&lt;init&gt;(ChromeDriver.java:181)
	at org.openqa.selenium.chrome.ChromeDriver.&lt;init&gt;(ChromeDriver.java:168)
	at org.openqa.selenium.chrome.ChromeDriver.&lt;init&gt;(ChromeDriver.java:157)
	at com.qa.spinent.base.BasePage.init_driver(BasePage.java:43)
	at com.qa.spinent.testpages.LoginPageTest.setUp(LoginPageTest.java:36)
... Removed 38 stack frames</div></td></tr></table><p class="totop"><a href="#summary">back to summary</a></p>
<h3 id="m31">com.qa.spinent.testpages.LoginPageUserSecurityTest#userSecurity</h3><table class="result"><tr class="param"><th>Parameter #1</th><th>Parameter #2</th></tr><tr class="param stripe"><td>bobit@gmail.com</td><td>warsaw</td></tr><tr><th colspan="2">Exception</th></tr><tr><td colspan="2"><div class="stacktrace">org.openqa.selenium.SessionNotCreatedException: session not created
from timeout: Timed out receiving message from renderer: 600.000
  (Session info: chrome=90.0.4430.93)
Build info: version: &apos;3.141.59&apos;, revision: &apos;e82be7d358&apos;, time: &apos;2018-11-14T08:17:03&apos;
System info: host: &apos;DESKTOP-35PKLNE&apos;, ip: &apos;192.168.0.45&apos;, os.name: &apos;Windows 10&apos;, os.arch: &apos;amd64&apos;, os.version: &apos;10.0&apos;, java.version: &apos;1.8.0_291&apos;
Driver info: driver.version: ChromeDriver
remote stacktrace: Backtrace:
	Ordinal0 [0x00D3C013+2474003]
	Ordinal0 [0x00CD29C1+2042305]
	Ordinal0 [0x00BE2F68+1060712]
	Ordinal0 [0x00BD5652+1005138]
	Ordinal0 [0x00BD4258+1000024]
	Ordinal0 [0x00BD3DA5+998821]
	Ordinal0 [0x00BDA9C5+1026501]
	Ordinal0 [0x00BD3D31+998705]
	Ordinal0 [0x00BD4FAF+1003439]
	Ordinal0 [0x00BD4258+1000024]
	Ordinal0 [0x00BD3DA5+998821]
	Ordinal0 [0x00BD9DBC+1023420]
	Ordinal0 [0x00BD3D31+998705]
	Ordinal0 [0x00BD4FAF+1003439]
	Ordinal0 [0x00BD4258+1000024]
	Ordinal0 [0x00BD3DA5+998821]
	Ordinal0 [0x00BCFA5D+981597]
	Ordinal0 [0x00BD3D31+998705]
	Ordinal0 [0x00BD3A85+998021]
	Ordinal0 [0x00BD3829+997417]
	Ordinal0 [0x00BE4090+1065104]
	Ordinal0 [0x00C2B798+1357720]
	Ordinal0 [0x00C28FAA+1347498]
	Ordinal0 [0x00C266DB+1337051]
	Ordinal0 [0x00C03427+1192999]
	Ordinal0 [0x00C042EE+1196782]
	Ordinal0 [0x00C04279+1196665]
	GetHandleVerifier [0x00EC96FC+1590332]
	GetHandleVerifier [0x00F78614+2306900]
	GetHandleVerifier [0x00DC9E93+543699]
	GetHandleVerifier [0x00DC92CE+540686]
	Ordinal0 [0x00CD86BA+2066106]
	Ordinal0 [0x00CDD1C8+2085320]
	Ordinal0 [0x00CDD308+2085640]
	Ordinal0 [0x00CE67F3+2123763]
	BaseThreadInitThunk [0x75CBFA29+25]
	RtlGetAppContainerNamedObjectPath [0x76EE7A4E+286]
	RtlGetAppContainerNamedObjectPath [0x76EE7A1E+238]

	at org.openqa.selenium.remote.W3CHandshakeResponse.lambda$errorHandler$0(W3CHandshakeResponse.java:62)
	at org.openqa.selenium.remote.HandshakeResponse.lambda$getResponseFunction$0(HandshakeResponse.java:30)
	at org.openqa.selenium.remote.ProtocolHandshake.lambda$createSession$0(ProtocolHandshake.java:126)
	at java.util.stream.ReferencePipeline$3$1.accept(Unknown Source)
	at java.util.Spliterators$ArraySpliterator.tryAdvance(Unknown Source)
	at java.util.stream.ReferencePipeline.forEachWithCancel(Unknown Source)
	at java.util.stream.AbstractPipeline.copyIntoWithCancel(Unknown Source)
	at java.util.stream.AbstractPipeline.copyInto(Unknown Source)
	at java.util.stream.AbstractPipeline.wrapAndCopyInto(Unknown Source)
	at java.util.stream.FindOps$FindOp.evaluateSequential(Unknown Source)
	at java.util.stream.AbstractPipeline.evaluate(Unknown Source)
	at java.util.stream.ReferencePipeline.findFirst(Unknown Source)
	at org.openqa.selenium.remote.ProtocolHandshake.createSession(ProtocolHandshake.java:128)
	at org.openqa.selenium.remote.ProtocolHandshake.createSession(ProtocolHandshake.java:74)
	at org.openqa.selenium.remote.HttpCommandExecutor.execute(HttpCommandExecutor.java:136)
	at org.openqa.selenium.remote.service.DriverCommandExecutor.execute(DriverCommandExecutor.java:83)
	at org.openqa.selenium.remote.RemoteWebDriver.execute(RemoteWebDriver.java:552)
	at org.openqa.selenium.remote.RemoteWebDriver.startSession(RemoteWebDriver.java:213)
	at org.openqa.selenium.remote.RemoteWebDriver.&lt;init&gt;(RemoteWebDriver.java:131)
	at org.openqa.selenium.chrome.ChromeDriver.&lt;init&gt;(ChromeDriver.java:181)
	at org.openqa.selenium.chrome.ChromeDriver.&lt;init&gt;(ChromeDriver.java:168)
	at org.openqa.selenium.chrome.ChromeDriver.&lt;init&gt;(ChromeDriver.java:157)
	at com.qa.spinent.base.BasePage.init_driver(BasePage.java:43)
	at com.qa.spinent.testpages.LoginPageTest.setUp(LoginPageTest.java:36)
... Removed 38 stack frames</div></td></tr></table><p class="totop"><a href="#summary">back to summary</a></p>
<h3 id="m32">com.qa.spinent.testpages.LoginPageUserSecurityTest#userSecurity</h3><table class="result"><tr class="param"><th>Parameter #1</th><th>Parameter #2</th></tr><tr class="param stripe"><td>bobit@gmail.com</td><td>Konya</td></tr><tr><th colspan="2">Exception</th></tr><tr><td colspan="2"><div class="stacktrace">org.openqa.selenium.SessionNotCreatedException: session not created
from timeout: Timed out receiving message from renderer: 600.000
  (Session info: chrome=90.0.4430.93)
Build info: version: &apos;3.141.59&apos;, revision: &apos;e82be7d358&apos;, time: &apos;2018-11-14T08:17:03&apos;
System info: host: &apos;DESKTOP-35PKLNE&apos;, ip: &apos;192.168.0.45&apos;, os.name: &apos;Windows 10&apos;, os.arch: &apos;amd64&apos;, os.version: &apos;10.0&apos;, java.version: &apos;1.8.0_291&apos;
Driver info: driver.version: ChromeDriver
remote stacktrace: Backtrace:
	Ordinal0 [0x00D3C013+2474003]
	Ordinal0 [0x00CD29C1+2042305]
	Ordinal0 [0x00BE2F68+1060712]
	Ordinal0 [0x00BD5652+1005138]
	Ordinal0 [0x00BD4258+1000024]
	Ordinal0 [0x00BD3DA5+998821]
	Ordinal0 [0x00BDA9C5+1026501]
	Ordinal0 [0x00BD3D31+998705]
	Ordinal0 [0x00BD4FAF+1003439]
	Ordinal0 [0x00BD4258+1000024]
	Ordinal0 [0x00BD3DA5+998821]
	Ordinal0 [0x00BD9DBC+1023420]
	Ordinal0 [0x00BD3D31+998705]
	Ordinal0 [0x00BD4FAF+1003439]
	Ordinal0 [0x00BD4258+1000024]
	Ordinal0 [0x00BD3DA5+998821]
	Ordinal0 [0x00BCFA5D+981597]
	Ordinal0 [0x00BD3D31+998705]
	Ordinal0 [0x00BD3A85+998021]
	Ordinal0 [0x00BD3829+997417]
	Ordinal0 [0x00BE4090+1065104]
	Ordinal0 [0x00C2B798+1357720]
	Ordinal0 [0x00C28FAA+1347498]
	Ordinal0 [0x00C266DB+1337051]
	Ordinal0 [0x00C03427+1192999]
	Ordinal0 [0x00C042EE+1196782]
	Ordinal0 [0x00C04279+1196665]
	GetHandleVerifier [0x00EC96FC+1590332]
	GetHandleVerifier [0x00F78614+2306900]
	GetHandleVerifier [0x00DC9E93+543699]
	GetHandleVerifier [0x00DC92CE+540686]
	Ordinal0 [0x00CD86BA+2066106]
	Ordinal0 [0x00CDD1C8+2085320]
	Ordinal0 [0x00CDD308+2085640]
	Ordinal0 [0x00CE67F3+2123763]
	BaseThreadInitThunk [0x75CBFA29+25]
	RtlGetAppContainerNamedObjectPath [0x76EE7A4E+286]
	RtlGetAppContainerNamedObjectPath [0x76EE7A1E+238]

	at org.openqa.selenium.remote.W3CHandshakeResponse.lambda$errorHandler$0(W3CHandshakeResponse.java:62)
	at org.openqa.selenium.remote.HandshakeResponse.lambda$getResponseFunction$0(HandshakeResponse.java:30)
	at org.openqa.selenium.remote.ProtocolHandshake.lambda$createSession$0(ProtocolHandshake.java:126)
	at java.util.stream.ReferencePipeline$3$1.accept(Unknown Source)
	at java.util.Spliterators$ArraySpliterator.tryAdvance(Unknown Source)
	at java.util.stream.ReferencePipeline.forEachWithCancel(Unknown Source)
	at java.util.stream.AbstractPipeline.copyIntoWithCancel(Unknown Source)
	at java.util.stream.AbstractPipeline.copyInto(Unknown Source)
	at java.util.stream.AbstractPipeline.wrapAndCopyInto(Unknown Source)
	at java.util.stream.FindOps$FindOp.evaluateSequential(Unknown Source)
	at java.util.stream.AbstractPipeline.evaluate(Unknown Source)
	at java.util.stream.ReferencePipeline.findFirst(Unknown Source)
	at org.openqa.selenium.remote.ProtocolHandshake.createSession(ProtocolHandshake.java:128)
	at org.openqa.selenium.remote.ProtocolHandshake.createSession(ProtocolHandshake.java:74)
	at org.openqa.selenium.remote.HttpCommandExecutor.execute(HttpCommandExecutor.java:136)
	at org.openqa.selenium.remote.service.DriverCommandExecutor.execute(DriverCommandExecutor.java:83)
	at org.openqa.selenium.remote.RemoteWebDriver.execute(RemoteWebDriver.java:552)
	at org.openqa.selenium.remote.RemoteWebDriver.startSession(RemoteWebDriver.java:213)
	at org.openqa.selenium.remote.RemoteWebDriver.&lt;init&gt;(RemoteWebDriver.java:131)
	at org.openqa.selenium.chrome.ChromeDriver.&lt;init&gt;(ChromeDriver.java:181)
	at org.openqa.selenium.chrome.ChromeDriver.&lt;init&gt;(ChromeDriver.java:168)
	at org.openqa.selenium.chrome.ChromeDriver.&lt;init&gt;(ChromeDriver.java:157)
	at com.qa.spinent.base.BasePage.init_driver(BasePage.java:43)
	at com.qa.spinent.testpages.LoginPageTest.setUp(LoginPageTest.java:36)
... Removed 38 stack frames</div></td></tr></table><p class="totop"><a href="#summary">back to summary</a></p>
<h3 id="m33">com.qa.spinent.testpages.LoginPageUserSecurityTest#userSecurity</h3><table class="result"><tr class="param"><th>Parameter #1</th><th>Parameter #2</th></tr><tr class="param stripe"><td>bobit@gmail.com</td><td>whatevet</td></tr><tr><th colspan="2">Exception</th></tr><tr><td colspan="2"><div class="stacktrace">org.openqa.selenium.SessionNotCreatedException: session not created
from timeout: Timed out receiving message from renderer: 600.000
  (Session info: chrome=90.0.4430.93)
Build info: version: &apos;3.141.59&apos;, revision: &apos;e82be7d358&apos;, time: &apos;2018-11-14T08:17:03&apos;
System info: host: &apos;DESKTOP-35PKLNE&apos;, ip: &apos;192.168.0.45&apos;, os.name: &apos;Windows 10&apos;, os.arch: &apos;amd64&apos;, os.version: &apos;10.0&apos;, java.version: &apos;1.8.0_291&apos;
Driver info: driver.version: ChromeDriver
remote stacktrace: Backtrace:
	Ordinal0 [0x00D3C013+2474003]
	Ordinal0 [0x00CD29C1+2042305]
	Ordinal0 [0x00BE2F68+1060712]
	Ordinal0 [0x00BD5652+1005138]
	Ordinal0 [0x00BD4258+1000024]
	Ordinal0 [0x00BD3DA5+998821]
	Ordinal0 [0x00BDA9C5+1026501]
	Ordinal0 [0x00BD3D31+998705]
	Ordinal0 [0x00BD4FAF+1003439]
	Ordinal0 [0x00BD4258+1000024]
	Ordinal0 [0x00BD3DA5+998821]
	Ordinal0 [0x00BD9DBC+1023420]
	Ordinal0 [0x00BD3D31+998705]
	Ordinal0 [0x00BD4FAF+1003439]
	Ordinal0 [0x00BD4258+1000024]
	Ordinal0 [0x00BD3DA5+998821]
	Ordinal0 [0x00BCFA5D+981597]
	Ordinal0 [0x00BD3D31+998705]
	Ordinal0 [0x00BD3A85+998021]
	Ordinal0 [0x00BD3829+997417]
	Ordinal0 [0x00BE4090+1065104]
	Ordinal0 [0x00C2B798+1357720]
	Ordinal0 [0x00C28FAA+1347498]
	Ordinal0 [0x00C266DB+1337051]
	Ordinal0 [0x00C03427+1192999]
	Ordinal0 [0x00C042EE+1196782]
	Ordinal0 [0x00C04279+1196665]
	GetHandleVerifier [0x00EC96FC+1590332]
	GetHandleVerifier [0x00F78614+2306900]
	GetHandleVerifier [0x00DC9E93+543699]
	GetHandleVerifier [0x00DC92CE+540686]
	Ordinal0 [0x00CD86BA+2066106]
	Ordinal0 [0x00CDD1C8+2085320]
	Ordinal0 [0x00CDD308+2085640]
	Ordinal0 [0x00CE67F3+2123763]
	BaseThreadInitThunk [0x75CBFA29+25]
	RtlGetAppContainerNamedObjectPath [0x76EE7A4E+286]
	RtlGetAppContainerNamedObjectPath [0x76EE7A1E+238]

	at org.openqa.selenium.remote.W3CHandshakeResponse.lambda$errorHandler$0(W3CHandshakeResponse.java:62)
	at org.openqa.selenium.remote.HandshakeResponse.lambda$getResponseFunction$0(HandshakeResponse.java:30)
	at org.openqa.selenium.remote.ProtocolHandshake.lambda$createSession$0(ProtocolHandshake.java:126)
	at java.util.stream.ReferencePipeline$3$1.accept(Unknown Source)
	at java.util.Spliterators$ArraySpliterator.tryAdvance(Unknown Source)
	at java.util.stream.ReferencePipeline.forEachWithCancel(Unknown Source)
	at java.util.stream.AbstractPipeline.copyIntoWithCancel(Unknown Source)
	at java.util.stream.AbstractPipeline.copyInto(Unknown Source)
	at java.util.stream.AbstractPipeline.wrapAndCopyInto(Unknown Source)
	at java.util.stream.FindOps$FindOp.evaluateSequential(Unknown Source)
	at java.util.stream.AbstractPipeline.evaluate(Unknown Source)
	at java.util.stream.ReferencePipeline.findFirst(Unknown Source)
	at org.openqa.selenium.remote.ProtocolHandshake.createSession(ProtocolHandshake.java:128)
	at org.openqa.selenium.remote.ProtocolHandshake.createSession(ProtocolHandshake.java:74)
	at org.openqa.selenium.remote.HttpCommandExecutor.execute(HttpCommandExecutor.java:136)
	at org.openqa.selenium.remote.service.DriverCommandExecutor.execute(DriverCommandExecutor.java:83)
	at org.openqa.selenium.remote.RemoteWebDriver.execute(RemoteWebDriver.java:552)
	at org.openqa.selenium.remote.RemoteWebDriver.startSession(RemoteWebDriver.java:213)
	at org.openqa.selenium.remote.RemoteWebDriver.&lt;init&gt;(RemoteWebDriver.java:131)
	at org.openqa.selenium.chrome.ChromeDriver.&lt;init&gt;(ChromeDriver.java:181)
	at org.openqa.selenium.chrome.ChromeDriver.&lt;init&gt;(ChromeDriver.java:168)
	at org.openqa.selenium.chrome.ChromeDriver.&lt;init&gt;(ChromeDriver.java:157)
	at com.qa.spinent.base.BasePage.init_driver(BasePage.java:43)
	at com.qa.spinent.testpages.LoginPageTest.setUp(LoginPageTest.java:36)
... Removed 38 stack frames</div></td></tr></table><p class="totop"><a href="#summary">back to summary</a></p>
<h3 id="m34">com.qa.spinent.testpages.MyReportPageTest#verifyMyReportPageTable</h3><table class="result"><tr><th>Exception</th></tr><tr><td><div class="stacktrace">org.openqa.selenium.SessionNotCreatedException: session not created
from timeout: Timed out receiving message from renderer: 600.000
  (Session info: chrome=90.0.4430.93)
Build info: version: &apos;3.141.59&apos;, revision: &apos;e82be7d358&apos;, time: &apos;2018-11-14T08:17:03&apos;
System info: host: &apos;DESKTOP-35PKLNE&apos;, ip: &apos;192.168.0.45&apos;, os.name: &apos;Windows 10&apos;, os.arch: &apos;amd64&apos;, os.version: &apos;10.0&apos;, java.version: &apos;1.8.0_291&apos;
Driver info: driver.version: ChromeDriver
remote stacktrace: Backtrace:
	Ordinal0 [0x00D3C013+2474003]
	Ordinal0 [0x00CD29C1+2042305]
	Ordinal0 [0x00BE2F68+1060712]
	Ordinal0 [0x00BD5652+1005138]
	Ordinal0 [0x00BD4258+1000024]
	Ordinal0 [0x00BD3DA5+998821]
	Ordinal0 [0x00BDA9C5+1026501]
	Ordinal0 [0x00BD3D31+998705]
	Ordinal0 [0x00BD4FAF+1003439]
	Ordinal0 [0x00BD4258+1000024]
	Ordinal0 [0x00BD3DA5+998821]
	Ordinal0 [0x00BD9DBC+1023420]
	Ordinal0 [0x00BD3D31+998705]
	Ordinal0 [0x00BD4FAF+1003439]
	Ordinal0 [0x00BD4258+1000024]
	Ordinal0 [0x00BD3DA5+998821]
	Ordinal0 [0x00BCFA5D+981597]
	Ordinal0 [0x00BD3D31+998705]
	Ordinal0 [0x00BD3A85+998021]
	Ordinal0 [0x00BD3829+997417]
	Ordinal0 [0x00BE4090+1065104]
	Ordinal0 [0x00C2B798+1357720]
	Ordinal0 [0x00C28FAA+1347498]
	Ordinal0 [0x00C266DB+1337051]
	Ordinal0 [0x00C03427+1192999]
	Ordinal0 [0x00C042EE+1196782]
	Ordinal0 [0x00C04279+1196665]
	GetHandleVerifier [0x00EC96FC+1590332]
	GetHandleVerifier [0x00F78614+2306900]
	GetHandleVerifier [0x00DC9E93+543699]
	GetHandleVerifier [0x00DC92CE+540686]
	Ordinal0 [0x00CD86BA+2066106]
	Ordinal0 [0x00CDD1C8+2085320]
	Ordinal0 [0x00CDD308+2085640]
	Ordinal0 [0x00CE67F3+2123763]
	BaseThreadInitThunk [0x75CBFA29+25]
	RtlGetAppContainerNamedObjectPath [0x76EE7A4E+286]
	RtlGetAppContainerNamedObjectPath [0x76EE7A1E+238]

	at org.openqa.selenium.remote.W3CHandshakeResponse.lambda$errorHandler$0(W3CHandshakeResponse.java:62)
	at org.openqa.selenium.remote.HandshakeResponse.lambda$getResponseFunction$0(HandshakeResponse.java:30)
	at org.openqa.selenium.remote.ProtocolHandshake.lambda$createSession$0(ProtocolHandshake.java:126)
	at java.util.stream.ReferencePipeline$3$1.accept(Unknown Source)
	at java.util.Spliterators$ArraySpliterator.tryAdvance(Unknown Source)
	at java.util.stream.ReferencePipeline.forEachWithCancel(Unknown Source)
	at java.util.stream.AbstractPipeline.copyIntoWithCancel(Unknown Source)
	at java.util.stream.AbstractPipeline.copyInto(Unknown Source)
	at java.util.stream.AbstractPipeline.wrapAndCopyInto(Unknown Source)
	at java.util.stream.FindOps$FindOp.evaluateSequential(Unknown Source)
	at java.util.stream.AbstractPipeline.evaluate(Unknown Source)
	at java.util.stream.ReferencePipeline.findFirst(Unknown Source)
	at org.openqa.selenium.remote.ProtocolHandshake.createSession(ProtocolHandshake.java:128)
	at org.openqa.selenium.remote.ProtocolHandshake.createSession(ProtocolHandshake.java:74)
	at org.openqa.selenium.remote.HttpCommandExecutor.execute(HttpCommandExecutor.java:136)
	at org.openqa.selenium.remote.service.DriverCommandExecutor.execute(DriverCommandExecutor.java:83)
	at org.openqa.selenium.remote.RemoteWebDriver.execute(RemoteWebDriver.java:552)
	at org.openqa.selenium.remote.RemoteWebDriver.startSession(RemoteWebDriver.java:213)
	at org.openqa.selenium.remote.RemoteWebDriver.&lt;init&gt;(RemoteWebDriver.java:131)
	at org.openqa.selenium.chrome.ChromeDriver.&lt;init&gt;(ChromeDriver.java:181)
	at org.openqa.selenium.chrome.ChromeDriver.&lt;init&gt;(ChromeDriver.java:168)
	at org.openqa.selenium.chrome.ChromeDriver.&lt;init&gt;(ChromeDriver.java:157)
	at com.qa.spinent.base.BasePage.init_driver(BasePage.java:43)
	at com.qa.spinent.testpages.LoginPageTest.setUp(LoginPageTest.java:36)
... Removed 38 stack frames</div></td></tr></table><p class="totop"><a href="#summary">back to summary</a></p>
<h3 id="m35">com.qa.spinent.testpages.MyReportPageTest#verifyMyReportPageTableVisibility</h3><table class="result"><tr><th>Exception</th></tr><tr><td><div class="stacktrace">org.openqa.selenium.SessionNotCreatedException: session not created
from timeout: Timed out receiving message from renderer: 600.000
  (Session info: chrome=90.0.4430.93)
Build info: version: &apos;3.141.59&apos;, revision: &apos;e82be7d358&apos;, time: &apos;2018-11-14T08:17:03&apos;
System info: host: &apos;DESKTOP-35PKLNE&apos;, ip: &apos;192.168.0.45&apos;, os.name: &apos;Windows 10&apos;, os.arch: &apos;amd64&apos;, os.version: &apos;10.0&apos;, java.version: &apos;1.8.0_291&apos;
Driver info: driver.version: ChromeDriver
remote stacktrace: Backtrace:
	Ordinal0 [0x00D3C013+2474003]
	Ordinal0 [0x00CD29C1+2042305]
	Ordinal0 [0x00BE2F68+1060712]
	Ordinal0 [0x00BD5652+1005138]
	Ordinal0 [0x00BD4258+1000024]
	Ordinal0 [0x00BD3DA5+998821]
	Ordinal0 [0x00BDA9C5+1026501]
	Ordinal0 [0x00BD3D31+998705]
	Ordinal0 [0x00BD4FAF+1003439]
	Ordinal0 [0x00BD4258+1000024]
	Ordinal0 [0x00BD3DA5+998821]
	Ordinal0 [0x00BD9DBC+1023420]
	Ordinal0 [0x00BD3D31+998705]
	Ordinal0 [0x00BD4FAF+1003439]
	Ordinal0 [0x00BD4258+1000024]
	Ordinal0 [0x00BD3DA5+998821]
	Ordinal0 [0x00BCFA5D+981597]
	Ordinal0 [0x00BD3D31+998705]
	Ordinal0 [0x00BD3A85+998021]
	Ordinal0 [0x00BD3829+997417]
	Ordinal0 [0x00BE4090+1065104]
	Ordinal0 [0x00C2B798+1357720]
	Ordinal0 [0x00C28FAA+1347498]
	Ordinal0 [0x00C266DB+1337051]
	Ordinal0 [0x00C03427+1192999]
	Ordinal0 [0x00C042EE+1196782]
	Ordinal0 [0x00C04279+1196665]
	GetHandleVerifier [0x00EC96FC+1590332]
	GetHandleVerifier [0x00F78614+2306900]
	GetHandleVerifier [0x00DC9E93+543699]
	GetHandleVerifier [0x00DC92CE+540686]
	Ordinal0 [0x00CD86BA+2066106]
	Ordinal0 [0x00CDD1C8+2085320]
	Ordinal0 [0x00CDD308+2085640]
	Ordinal0 [0x00CE67F3+2123763]
	BaseThreadInitThunk [0x75CBFA29+25]
	RtlGetAppContainerNamedObjectPath [0x76EE7A4E+286]
	RtlGetAppContainerNamedObjectPath [0x76EE7A1E+238]

	at org.openqa.selenium.remote.W3CHandshakeResponse.lambda$errorHandler$0(W3CHandshakeResponse.java:62)
	at org.openqa.selenium.remote.HandshakeResponse.lambda$getResponseFunction$0(HandshakeResponse.java:30)
	at org.openqa.selenium.remote.ProtocolHandshake.lambda$createSession$0(ProtocolHandshake.java:126)
	at java.util.stream.ReferencePipeline$3$1.accept(Unknown Source)
	at java.util.Spliterators$ArraySpliterator.tryAdvance(Unknown Source)
	at java.util.stream.ReferencePipeline.forEachWithCancel(Unknown Source)
	at java.util.stream.AbstractPipeline.copyIntoWithCancel(Unknown Source)
	at java.util.stream.AbstractPipeline.copyInto(Unknown Source)
	at java.util.stream.AbstractPipeline.wrapAndCopyInto(Unknown Source)
	at java.util.stream.FindOps$FindOp.evaluateSequential(Unknown Source)
	at java.util.stream.AbstractPipeline.evaluate(Unknown Source)
	at java.util.stream.ReferencePipeline.findFirst(Unknown Source)
	at org.openqa.selenium.remote.ProtocolHandshake.createSession(ProtocolHandshake.java:128)
	at org.openqa.selenium.remote.ProtocolHandshake.createSession(ProtocolHandshake.java:74)
	at org.openqa.selenium.remote.HttpCommandExecutor.execute(HttpCommandExecutor.java:136)
	at org.openqa.selenium.remote.service.DriverCommandExecutor.execute(DriverCommandExecutor.java:83)
	at org.openqa.selenium.remote.RemoteWebDriver.execute(RemoteWebDriver.java:552)
	at org.openqa.selenium.remote.RemoteWebDriver.startSession(RemoteWebDriver.java:213)
	at org.openqa.selenium.remote.RemoteWebDriver.&lt;init&gt;(RemoteWebDriver.java:131)
	at org.openqa.selenium.chrome.ChromeDriver.&lt;init&gt;(ChromeDriver.java:181)
	at org.openqa.selenium.chrome.ChromeDriver.&lt;init&gt;(ChromeDriver.java:168)
	at org.openqa.selenium.chrome.ChromeDriver.&lt;init&gt;(ChromeDriver.java:157)
	at com.qa.spinent.base.BasePage.init_driver(BasePage.java:43)
	at com.qa.spinent.testpages.LoginPageTest.setUp(LoginPageTest.java:36)
... Removed 38 stack frames</div></td></tr></table><p class="totop"><a href="#summary">back to summary</a></p>
</body>
</html>
